2023-12-04 15:11:15.008 [info] Added views:workbench.panel.markers.view in workbench.panel.markers
2023-12-04 15:11:15.008 [info] Added views:workbench.panel.output in workbench.panel.output
2023-12-04 15:11:15.008 [info] Added views:outline in workbench.view.explorer
2023-12-04 15:11:15.008 [info] Added views:workbench.scm in workbench.view.scm
2023-12-04 15:11:15.008 [info] Added views:workbench.view.search in workbench.view.search
2023-12-04 15:11:15.008 [info] Added views:terminal in workbench.views.service.panel.a458d13c-13f5-49d6-908f-c90aa9f53545
2023-12-04 15:11:15.008 [info] Added views:timeline in workbench.view.explorer
2023-12-04 15:11:15.008 [info] Added views:workbench.explorer.emptyView in workbench.view.explorer
2023-12-04 15:11:15.206 [info] Added views:remoteTargets in workbench.view.remote
2023-12-04 15:11:15.207 [info] Added views:liveshare.session in workbench.view.extension.liveshare
2023-12-04 15:11:15.207 [info] Added views:cm_view in workbench.view.extension.color_manager_webview_container
2023-12-04 15:11:15.312 [info] Added views:workbench.debug.variablesView,workbench.debug.watchExpressionsView,workbench.debug.callStackView,workbench.debug.breakPointsView in workbench.view.debug
2023-12-04 15:11:15.425 [info] Added views:workbench.panel.repl.view in terminal
2023-12-04 15:11:15.427 [info] Removed views:workbench.debug.breakPointsView,workbench.debug.callStackView,workbench.debug.watchExpressionsView,workbench.debug.variablesView from workbench.view.debug
2023-12-04 15:11:15.428 [info] Added views:workbench.debug.welcome in workbench.view.debug
2023-12-04 15:11:26.161 [info] Added views:workbench.panel.markers.view in workbench.panel.markers
2023-12-04 15:11:26.161 [info] Added views:workbench.panel.output in workbench.panel.output
2023-12-04 15:11:26.161 [info] Added views:outline in workbench.view.explorer
2023-12-04 15:11:26.161 [info] Added views:workbench.scm in workbench.view.scm
2023-12-04 15:11:26.161 [info] Added views:workbench.view.search in workbench.view.search
2023-12-04 15:11:26.161 [info] Added views:terminal in workbench.views.service.panel.a458d13c-13f5-49d6-908f-c90aa9f53545
2023-12-04 15:11:26.161 [info] Added views:timeline in workbench.view.explorer
2023-12-04 15:11:26.161 [info] Added views:workbench.debug.welcome in workbench.view.debug
2023-12-04 15:11:26.161 [info] Added views:workbench.explorer.fileView in workbench.view.explorer
2023-12-04 15:11:26.392 [info] Added views:remoteTargets in workbench.view.remote
2023-12-04 15:11:26.393 [info] Added views:liveshare.session in workbench.view.extension.liveshare
2023-12-04 15:11:26.394 [info] Added views:cm_view in workbench.view.extension.color_manager_webview_container
2023-12-04 15:11:26.610 [info] Added views:workbench.panel.repl.view in terminal
2023-12-04 15:11:27.462 [info] Added views:REPLVariables,julia-documentation,julia-plot-navigator in workbench.view.extension.julia-explorer
2023-12-04 15:11:27.463 [info] Added views:debugger-compiled in workbench.view.debug
2023-12-04 15:11:27.923 [info] Added views:workbench.view.testing in workbench.view.extension.test
2023-12-04 15:12:41.248 [info] Added views:jupyterViewVariables in workbench.view.extension.jupyter-variables
2023-12-04 15:12:41.255 [info] Added views:cell-tag in workbench.view.extension.jupyter-variables
2023-12-05 02:47:54.177 [info] Removed views:cell-tag,jupyterViewVariables from workbench.view.extension.jupyter-variables
2023-12-05 02:50:15.367 [info] Removed views:workbench.view.testing from workbench.view.extension.test
