2023-12-14 01:57:49.271 [info] Reading sessions from keychain...
2023-12-14 01:57:49.271 [info] Getting sessions for all scopes...
2023-12-14 01:57:49.271 [info] Getting sessions for user:email...
2023-12-14 01:57:49.271 [info] Getting sessions for all scopes...
2023-12-14 01:57:49.271 [info] Got stored sessions!
2023-12-14 01:57:49.271 [info] Got 1 verified sessions.
2023-12-14 01:57:49.271 [info] Got 1 sessions for ...
2023-12-14 01:57:49.271 [info] Got 1 sessions for user:email...
2023-12-14 01:57:49.271 [info] Got 1 sessions for ...
2023-12-14 01:57:49.271 [info] Getting sessions for read:user...
2023-12-14 01:57:49.271 [info] Got 0 sessions for read:user...
2023-12-14 01:57:49.288 [info] Getting sessions for user:email...
2023-12-14 01:57:49.288 [info] Got 1 sessions for user:email...
2023-12-14 01:57:49.321 [info] Getting sessions for all scopes...
2023-12-14 01:57:49.321 [info] Got 1 sessions for ...
2023-12-14 01:57:51.184 [info] Getting user info...
2023-12-14 01:57:51.912 [info] Got account info!
2023-12-14 02:22:50.057 [info] Getting sessions for read:user...
2023-12-14 02:22:50.057 [info] Got 0 sessions for read:user...
2023-12-14 02:22:50.059 [info] Getting sessions for user:email...
2023-12-14 02:22:50.059 [info] Got 1 sessions for user:email...
2023-12-14 02:47:51.289 [info] Getting sessions for read:user...
2023-12-14 02:47:51.289 [info] Got 0 sessions for read:user...
2023-12-14 02:47:51.290 [info] Getting sessions for user:email...
2023-12-14 02:47:51.290 [info] Got 1 sessions for user:email...
2023-12-14 03:12:52.542 [info] Getting sessions for read:user...
2023-12-14 03:12:52.542 [info] Got 0 sessions for read:user...
2023-12-14 03:12:52.544 [info] Getting sessions for user:email...
2023-12-14 03:12:52.544 [info] Got 1 sessions for user:email...
2023-12-14 03:37:53.134 [info] Getting sessions for read:user...
2023-12-14 03:37:53.134 [info] Got 0 sessions for read:user...
2023-12-14 03:37:53.136 [info] Getting sessions for user:email...
2023-12-14 03:37:53.136 [info] Got 1 sessions for user:email...
2023-12-14 04:17:11.730 [info] Getting sessions for read:user...
2023-12-14 04:17:11.730 [info] Got 0 sessions for read:user...
2023-12-14 04:17:11.731 [info] Getting sessions for user:email...
2023-12-14 04:17:11.731 [info] Got 1 sessions for user:email...
2023-12-14 04:42:12.376 [info] Getting sessions for read:user...
2023-12-14 04:42:12.376 [info] Got 0 sessions for read:user...
2023-12-14 04:42:12.377 [info] Getting sessions for user:email...
2023-12-14 04:42:12.377 [info] Got 1 sessions for user:email...
2023-12-14 05:07:12.970 [info] Getting sessions for read:user...
2023-12-14 05:07:12.970 [info] Got 0 sessions for read:user...
2023-12-14 05:07:12.971 [info] Getting sessions for user:email...
2023-12-14 05:07:12.971 [info] Got 1 sessions for user:email...
2023-12-14 05:32:13.601 [info] Getting sessions for read:user...
2023-12-14 05:32:13.601 [info] Got 0 sessions for read:user...
2023-12-14 05:32:13.603 [info] Getting sessions for user:email...
2023-12-14 05:32:13.603 [info] Got 1 sessions for user:email...
2023-12-14 05:57:14.152 [info] Getting sessions for read:user...
2023-12-14 05:57:14.152 [info] Got 0 sessions for read:user...
2023-12-14 05:57:14.153 [info] Getting sessions for user:email...
2023-12-14 05:57:14.153 [info] Got 1 sessions for user:email...
