2023-12-04 15:11:16.138 [info] Reading sessions from keychain...
2023-12-04 15:11:16.138 [info] Getting sessions for all scopes...
2023-12-04 15:11:16.138 [info] Getting sessions for user:email...
2023-12-04 15:11:16.138 [info] Getting sessions for read:user...
2023-12-04 15:11:16.138 [info] Got stored sessions!
2023-12-04 15:11:16.138 [info] Got 1 verified sessions.
2023-12-04 15:11:16.138 [info] Got 1 sessions for ...
2023-12-04 15:11:16.139 [info] Got 1 sessions for user:email...
2023-12-04 15:11:16.139 [info] Got 0 sessions for read:user...
2023-12-04 15:11:16.139 [info] Getting sessions for all scopes...
2023-12-04 15:11:16.139 [info] Got 1 sessions for ...
2023-12-04 15:11:16.154 [info] Getting sessions for user:email...
2023-12-04 15:11:16.154 [info] Got 1 sessions for user:email...
2023-12-04 15:11:16.208 [info] Getting sessions for all scopes...
2023-12-04 15:11:16.208 [info] Got 1 sessions for ...
2023-12-04 15:11:18.136 [info] Getting user info...
2023-12-04 15:11:18.585 [info] Got account info!
2023-12-04 15:11:28.757 [info] Reading sessions from keychain...
2023-12-04 15:11:28.757 [info] Getting sessions for all scopes...
2023-12-04 15:11:28.757 [info] Getting sessions for all scopes...
2023-12-04 15:11:28.757 [info] Got stored sessions!
2023-12-04 15:11:28.757 [info] Got 1 verified sessions.
2023-12-04 15:11:28.757 [info] Got 1 sessions for ...
2023-12-04 15:11:28.757 [info] Got 1 sessions for ...
2023-12-04 15:11:28.757 [info] Getting sessions for user:email...
2023-12-04 15:11:28.757 [info] Got 1 sessions for user:email...
2023-12-04 15:11:29.087 [info] Getting sessions for all scopes...
2023-12-04 15:11:29.087 [info] Got 1 sessions for ...
2023-12-04 15:11:30.973 [info] Getting sessions for read:user...
2023-12-04 15:11:30.973 [info] Got 0 sessions for read:user...
2023-12-04 15:11:31.009 [info] Getting sessions for user:email...
2023-12-04 15:11:31.009 [info] Got 1 sessions for user:email...
2023-12-04 15:11:31.644 [info] Getting user info...
2023-12-04 15:11:32.098 [info] Got account info!
2023-12-04 15:36:31.823 [info] Getting sessions for read:user...
2023-12-04 15:36:31.823 [info] Got 0 sessions for read:user...
2023-12-04 15:36:31.824 [info] Getting sessions for user:email...
2023-12-04 15:36:31.824 [info] Got 1 sessions for user:email...
2023-12-04 16:01:32.455 [info] Getting sessions for read:user...
2023-12-04 16:01:32.455 [info] Got 0 sessions for read:user...
2023-12-04 16:01:32.457 [info] Getting sessions for user:email...
2023-12-04 16:01:32.457 [info] Got 1 sessions for user:email...
2023-12-04 16:04:10.759 [info] Getting sessions for read:user,repo,user:email,workflow...
2023-12-04 16:04:10.759 [info] Got 0 sessions for read:user,repo,user:email,workflow...
2023-12-04 16:26:33.179 [info] Getting sessions for read:user...
2023-12-04 16:26:33.179 [info] Got 0 sessions for read:user...
2023-12-04 16:26:33.181 [info] Getting sessions for user:email...
2023-12-04 16:26:33.181 [info] Got 1 sessions for user:email...
2023-12-04 16:51:33.722 [info] Getting sessions for read:user...
2023-12-04 16:51:33.723 [info] Got 0 sessions for read:user...
2023-12-04 16:51:33.724 [info] Getting sessions for user:email...
2023-12-04 16:51:33.724 [info] Got 1 sessions for user:email...
2023-12-04 17:16:34.430 [info] Getting sessions for read:user...
2023-12-04 17:16:34.430 [info] Got 0 sessions for read:user...
2023-12-04 17:16:34.431 [info] Getting sessions for user:email...
2023-12-04 17:16:34.431 [info] Got 1 sessions for user:email...
2023-12-04 17:41:35.115 [info] Getting sessions for read:user...
2023-12-04 17:41:35.116 [info] Got 0 sessions for read:user...
2023-12-04 17:41:35.117 [info] Getting sessions for user:email...
2023-12-04 17:41:35.117 [info] Got 1 sessions for user:email...
2023-12-04 18:06:35.860 [info] Getting sessions for read:user...
2023-12-04 18:06:35.860 [info] Got 0 sessions for read:user...
2023-12-04 18:06:35.864 [info] Getting sessions for user:email...
2023-12-04 18:06:35.865 [info] Got 1 sessions for user:email...
2023-12-04 18:31:36.434 [info] Getting sessions for read:user...
2023-12-04 18:31:36.434 [info] Got 0 sessions for read:user...
2023-12-04 18:31:36.436 [info] Getting sessions for user:email...
2023-12-04 18:31:36.436 [info] Got 1 sessions for user:email...
2023-12-04 18:56:36.976 [info] Getting sessions for read:user...
2023-12-04 18:56:36.976 [info] Got 0 sessions for read:user...
2023-12-04 18:56:36.977 [info] Getting sessions for user:email...
2023-12-04 18:56:36.977 [info] Got 1 sessions for user:email...
2023-12-04 19:21:37.762 [info] Getting sessions for read:user...
2023-12-04 19:21:37.762 [info] Got 0 sessions for read:user...
2023-12-04 19:21:37.763 [info] Getting sessions for user:email...
2023-12-04 19:21:37.763 [info] Got 1 sessions for user:email...
2023-12-04 19:46:38.378 [info] Getting sessions for read:user...
2023-12-04 19:46:38.378 [info] Got 0 sessions for read:user...
2023-12-04 19:46:38.380 [info] Getting sessions for user:email...
2023-12-04 19:46:38.380 [info] Got 1 sessions for user:email...
2023-12-04 20:11:39.483 [info] Getting sessions for read:user...
2023-12-04 20:11:39.484 [info] Got 0 sessions for read:user...
2023-12-04 20:11:39.485 [info] Getting sessions for user:email...
2023-12-04 20:11:39.485 [info] Got 1 sessions for user:email...
2023-12-04 20:36:40.083 [info] Getting sessions for read:user...
2023-12-04 20:36:40.083 [info] Got 0 sessions for read:user...
2023-12-04 20:36:40.084 [info] Getting sessions for user:email...
2023-12-04 20:36:40.084 [info] Got 1 sessions for user:email...
2023-12-04 21:01:41.018 [info] Getting sessions for read:user...
2023-12-04 21:01:41.019 [info] Got 0 sessions for read:user...
2023-12-04 21:01:41.020 [info] Getting sessions for user:email...
2023-12-04 21:01:41.020 [info] Got 1 sessions for user:email...
2023-12-04 21:26:42.160 [info] Getting sessions for read:user...
2023-12-04 21:26:42.160 [info] Got 0 sessions for read:user...
2023-12-04 21:26:42.162 [info] Getting sessions for user:email...
2023-12-04 21:26:42.162 [info] Got 1 sessions for user:email...
2023-12-04 21:51:43.022 [info] Getting sessions for read:user...
2023-12-04 21:51:43.022 [info] Got 0 sessions for read:user...
2023-12-04 21:51:43.023 [info] Getting sessions for user:email...
2023-12-04 21:51:43.023 [info] Got 1 sessions for user:email...
2023-12-04 22:16:43.759 [info] Getting sessions for read:user...
2023-12-04 22:16:43.759 [info] Got 0 sessions for read:user...
2023-12-04 22:16:43.760 [info] Getting sessions for user:email...
2023-12-04 22:16:43.760 [info] Got 1 sessions for user:email...
2023-12-04 22:41:44.433 [info] Getting sessions for read:user...
2023-12-04 22:41:44.433 [info] Got 0 sessions for read:user...
2023-12-04 22:41:44.434 [info] Getting sessions for user:email...
2023-12-04 22:41:44.435 [info] Got 1 sessions for user:email...
2023-12-04 23:06:45.058 [info] Getting sessions for read:user...
2023-12-04 23:06:45.058 [info] Got 0 sessions for read:user...
2023-12-04 23:06:45.062 [info] Getting sessions for user:email...
2023-12-04 23:06:45.062 [info] Got 1 sessions for user:email...
2023-12-04 23:31:46.028 [info] Getting sessions for read:user...
2023-12-04 23:31:46.028 [info] Got 0 sessions for read:user...
2023-12-04 23:31:46.030 [info] Getting sessions for user:email...
2023-12-04 23:31:46.030 [info] Got 1 sessions for user:email...
2023-12-04 23:56:46.619 [info] Getting sessions for read:user...
2023-12-04 23:56:46.619 [info] Got 0 sessions for read:user...
2023-12-04 23:56:46.621 [info] Getting sessions for user:email...
2023-12-04 23:56:46.621 [info] Got 1 sessions for user:email...
2023-12-05 00:21:47.281 [info] Getting sessions for read:user...
2023-12-05 00:21:47.281 [info] Got 0 sessions for read:user...
2023-12-05 00:21:47.283 [info] Getting sessions for user:email...
2023-12-05 00:21:47.283 [info] Got 1 sessions for user:email...
2023-12-05 00:46:47.917 [info] Getting sessions for read:user...
2023-12-05 00:46:47.917 [info] Got 0 sessions for read:user...
2023-12-05 00:46:47.922 [info] Getting sessions for user:email...
2023-12-05 00:46:47.922 [info] Got 1 sessions for user:email...
2023-12-05 01:11:48.683 [info] Getting sessions for read:user...
2023-12-05 01:11:48.683 [info] Got 0 sessions for read:user...
2023-12-05 01:11:48.684 [info] Getting sessions for user:email...
2023-12-05 01:11:48.684 [info] Got 1 sessions for user:email...
2023-12-05 01:36:49.386 [info] Getting sessions for read:user...
2023-12-05 01:36:49.387 [info] Got 0 sessions for read:user...
2023-12-05 01:36:49.388 [info] Getting sessions for user:email...
2023-12-05 01:36:49.388 [info] Got 1 sessions for user:email...
2023-12-05 02:01:50.165 [info] Getting sessions for read:user...
2023-12-05 02:01:50.165 [info] Got 0 sessions for read:user...
2023-12-05 02:01:50.167 [info] Getting sessions for user:email...
2023-12-05 02:01:50.167 [info] Got 1 sessions for user:email...
2023-12-05 02:26:50.834 [info] Getting sessions for read:user...
2023-12-05 02:26:50.842 [info] Got 0 sessions for read:user...
2023-12-05 02:26:50.844 [info] Getting sessions for user:email...
2023-12-05 02:26:50.844 [info] Got 1 sessions for user:email...
