Experiment 'pythonRecommendTensorboardExtcf' is active
Experiment 'pythonREPLSmartSend' is active
Experiment 'pythonTestAdapter' is active
> conda info --json
Python interpreter path: ~/anaconda3/envs/stan/bin/python
> ~/.conda/bin/conda info --json
> ~/anaconda3/bin/conda info --json
> /bin/python -I ~/.vscode/extensions/ms-python.python-2023.6.1/pythonFiles/get_output_via_markers.py ~/.vscode/extensions/ms-python.python-2023.6.1/pythonFiles/interpreterInfo.py
> /sbin/python -I ~/.vscode/extensions/ms-python.python-2023.6.1/pythonFiles/get_output_via_markers.py ~/.vscode/extensions/ms-python.python-2023.6.1/pythonFiles/interpreterInfo.py
> /usr/bin/python -I ~/.vscode/extensions/ms-python.python-2023.6.1/pythonFiles/get_output_via_markers.py ~/.vscode/extensions/ms-python.python-2023.6.1/pythonFiles/interpreterInfo.py
> /usr/sbin/python -I ~/.vscode/extensions/ms-python.python-2023.6.1/pythonFiles/get_output_via_markers.py ~/.vscode/extensions/ms-python.python-2023.6.1/pythonFiles/interpreterInfo.py
> ~/anaconda3/bin/conda run -n stan --no-capture-output python ~/.vscode/extensions/ms-python.python-2023.6.1/pythonFiles/get_output_via_markers.py ~/.vscode/extensions/ms-python.python-2023.6.1/pythonFiles/printEnvVariables.py
shell: bash
> ~/anaconda3/bin/python -I ~/.vscode/extensions/ms-python.python-2023.6.1/pythonFiles/get_output_via_markers.py ~/.vscode/extensions/ms-python.python-2023.6.1/pythonFiles/interpreterInfo.py
> ~/anaconda3/envs/bohemianmatrices/bin/python -I ~/.vscode/extensions/ms-python.python-2023.6.1/pythonFiles/get_output_via_markers.py ~/.vscode/extensions/ms-python.python-2023.6.1/pythonFiles/interpreterInfo.py
> ~/anaconda3/envs/stan/bin/python -I ~/.vscode/extensions/ms-python.python-2023.6.1/pythonFiles/get_output_via_markers.py ~/.vscode/extensions/ms-python.python-2023.6.1/pythonFiles/interpreterInfo.py
> ~/anaconda3/envs/stan1/bin/python -I ~/.vscode/extensions/ms-python.python-2023.6.1/pythonFiles/get_output_via_markers.py ~/.vscode/extensions/ms-python.python-2023.6.1/pythonFiles/interpreterInfo.py
Starting Jedi language server for diagnosing-hmc.
> ~/anaconda3/bin/conda info --json
Send text to terminal: source /home/meenaljhajharia/anaconda3/bin/activate stan
