2023-12-14 03:23:42.979 [info] Log level: Info
2023-12-14 03:23:42.979 [info] Validating found git in: "git"
2023-12-14 03:23:42.979 [info] Using git "2.43.0" from "git"
2023-12-14 03:23:56.586 [info] Log level: Info
2023-12-14 03:23:56.586 [info] Validating found git in: "git"
2023-12-14 03:23:56.586 [info] Using git "2.43.0" from "git"
2023-12-14 03:23:56.588 [info] > git rev-parse --show-toplevel [5ms]
2023-12-14 03:23:56.598 [info] > git rev-parse --git-dir --git-common-dir [2ms]
2023-12-14 03:23:56.603 [info] Open repository: /home/meenaljhajharia/github/mjhajharia/forester
2023-12-14 03:23:56.622 [info] > git rev-parse --show-toplevel [11ms]
2023-12-14 03:23:56.700 [info] > git rev-parse --show-toplevel [69ms]
2023-12-14 03:23:56.709 [info] > git config --get commit.template [88ms]
2023-12-14 03:23:57.270 [info] > git rev-parse --show-toplevel [562ms]
2023-12-14 03:23:57.332 [info] > git check-ignore -v -z --stdin [65ms]
2023-12-14 03:23:57.334 [info] > git rev-parse --show-toplevel [53ms]
2023-12-14 03:23:57.363 [info] > git rev-parse --show-toplevel [19ms]
2023-12-14 03:23:57.374 [info] > git for-each-ref --format=%(refname)%00%(upstream:short)%00%(objectname)%00%(upstream:track)%00%(upstream:remotename)%00%(upstream:remoteref) refs/heads/main refs/remotes/main [43ms]
2023-12-14 03:23:57.391 [info] > git rev-parse --show-toplevel [17ms]
2023-12-14 03:23:57.405 [info] > git rev-parse --show-toplevel [3ms]
2023-12-14 03:23:57.417 [info] > git status -z -uall [33ms]
2023-12-14 03:23:57.417 [info] > git rev-parse --show-toplevel [2ms]
2023-12-14 03:23:57.444 [info] > git rev-parse --show-toplevel [16ms]
2023-12-14 03:23:57.457 [info] > git rev-parse --show-toplevel [3ms]
2023-12-14 03:23:57.483 [info] > git config --get commit.template [39ms]
2023-12-14 03:23:57.499 [info] > git show --textconv :trees/nodes/transforms/alr-0001.tree [30ms]
2023-12-14 03:23:57.500 [info] > git ls-files --stage -- /home/meenaljhajharia/github/mjhajharia/forester/trees/nodes/transforms/alr-0001.tree [18ms]
2023-12-14 03:23:57.530 [info] > git cat-file -s 2f696ece98c1a1ea25e345de7feff4885c86cc32 [19ms]
2023-12-14 03:23:57.543 [info] > git for-each-ref --format=%(refname)%00%(upstream:short)%00%(objectname)%00%(upstream:track)%00%(upstream:remotename)%00%(upstream:remoteref) refs/heads/main refs/remotes/main [14ms]
2023-12-14 03:23:57.647 [info] > git status -z -uall [94ms]
2023-12-14 03:23:58.161 [info] > git rev-parse --show-toplevel [1ms]
2023-12-14 03:24:03.688 [info] > git show --textconv :trees/nodes/transforms/transforms-0000.tree [16ms]
2023-12-14 03:24:03.689 [info] > git ls-files --stage -- /home/meenaljhajharia/github/mjhajharia/forester/trees/nodes/transforms/transforms-0000.tree [2ms]
2023-12-14 03:24:03.705 [info] > git cat-file -s 8f6b31cc1d6e44f2f999615e8532d1f05e93bb31 [1ms]
2023-12-14 03:24:04.004 [info] > git check-ignore -v -z --stdin [1ms]
2023-12-14 03:24:05.568 [info] > git show --textconv :trees/nodes/transforms/stickbreakingpowercdf-0000.tree [13ms]
2023-12-14 03:24:05.569 [info] > git ls-files --stage -- /home/meenaljhajharia/github/mjhajharia/forester/trees/nodes/transforms/stickbreakingpowercdf-0000.tree [1ms]
2023-12-14 03:24:05.583 [info] > git cat-file -s fc1c02e3ef0757dc086e214aec9b04a7a2a65bcb [2ms]
2023-12-14 03:24:08.838 [info] > git show --textconv :trees/nodes/transforms/stickbreakingcdf-0002.tree [15ms]
2023-12-14 03:24:08.839 [info] > git ls-files --stage -- /home/meenaljhajharia/github/mjhajharia/forester/trees/nodes/transforms/stickbreakingcdf-0002.tree [2ms]
2023-12-14 03:24:08.854 [info] > git cat-file -s 10e8c359bbf7c9370395ad13bcc31f5d312a051f [1ms]
2023-12-14 03:24:10.151 [info] > git show --textconv :trees/nodes/transforms/normalizedgamma-0003.tree [14ms]
2023-12-14 03:24:10.152 [info] > git ls-files --stage -- /home/meenaljhajharia/github/mjhajharia/forester/trees/nodes/transforms/normalizedgamma-0003.tree [2ms]
2023-12-14 03:24:10.166 [info] > git cat-file -s 5ea15a77380924b901fe28961d7a7e39c53ca4d3 [2ms]
2023-12-14 03:24:12.119 [info] > git show --textconv :trees/nodes/transforms/normalizedgamma-0002.tree [14ms]
2023-12-14 03:24:12.120 [info] > git ls-files --stage -- /home/meenaljhajharia/github/mjhajharia/forester/trees/nodes/transforms/normalizedgamma-0002.tree [1ms]
2023-12-14 03:24:12.134 [info] > git cat-file -s 8cc1acc577c3520c890c910c9743380541fb0029 [2ms]
2023-12-14 03:24:16.345 [info] > git check-ignore -v -z --stdin [2ms]
2023-12-14 03:24:26.061 [info] > git check-ignore -v -z --stdin [2ms]
2023-12-14 03:24:26.627 [info] > git config --get commit.template [1ms]
2023-12-14 03:24:26.639 [info] > git for-each-ref --format=%(refname)%00%(upstream:short)%00%(objectname)%00%(upstream:track)%00%(upstream:remotename)%00%(upstream:remoteref) refs/heads/main refs/remotes/main [2ms]
2023-12-14 03:24:26.676 [info] > git status -z -uall [26ms]
2023-12-14 03:24:27.193 [info] > git rev-parse --show-toplevel [1ms]
2023-12-14 03:24:35.540 [info] > git show --textconv :trees/nodes/math-glossary/mathglossary-0001.tree [14ms]
2023-12-14 03:24:35.541 [info] > git ls-files --stage -- /home/meenaljhajharia/github/mjhajharia/forester/trees/nodes/math-glossary/mathglossary-0001.tree [2ms]
2023-12-14 03:24:35.793 [info] > git check-ignore -v -z --stdin [2ms]
2023-12-14 03:24:36.360 [info] > git config --get commit.template [13ms]
2023-12-14 03:24:36.361 [info] > git for-each-ref --format=%(refname)%00%(upstream:short)%00%(objectname)%00%(upstream:track)%00%(upstream:remotename)%00%(upstream:remoteref) refs/heads/main refs/remotes/main [2ms]
2023-12-14 03:24:36.399 [info] > git status -z -uall [26ms]
2023-12-14 03:24:36.914 [info] > git rev-parse --show-toplevel [1ms]
2023-12-14 03:24:37.445 [info] > git show --textconv :trees/nodes/transforms/alr-0000.tree [12ms]
2023-12-14 03:24:37.446 [info] > git ls-files --stage -- /home/meenaljhajharia/github/mjhajharia/forester/trees/nodes/transforms/alr-0000.tree [2ms]
2023-12-14 03:24:37.458 [info] > git cat-file -s 08428ca07aa4ea8ac55633a47d228093104baeef [2ms]
2023-12-14 03:24:41.837 [info] > git config --get commit.template [1ms]
2023-12-14 03:24:41.850 [info] > git for-each-ref --format=%(refname)%00%(upstream:short)%00%(objectname)%00%(upstream:track)%00%(upstream:remotename)%00%(upstream:remoteref) refs/heads/main refs/remotes/main [1ms]
2023-12-14 03:24:41.886 [info] > git status -z -uall [25ms]
2023-12-14 03:24:42.402 [info] > git rev-parse --show-toplevel [2ms]
