2023-12-14 03:23:43.011 [info] Reading sessions from keychain...
2023-12-14 03:23:43.011 [info] Getting sessions for all scopes...
2023-12-14 03:23:43.011 [info] Got stored sessions!
2023-12-14 03:23:43.011 [info] Got 1 verified sessions.
2023-12-14 03:23:43.011 [info] Got 1 sessions for ...
2023-12-14 03:23:43.011 [info] Getting sessions for user:email...
2023-12-14 03:23:43.011 [info] Got 1 sessions for user:email...
2023-12-14 03:23:43.011 [info] Getting sessions for read:user...
2023-12-14 03:23:43.011 [info] Got 0 sessions for read:user...
2023-12-14 03:23:43.014 [info] Getting sessions for all scopes...
2023-12-14 03:23:43.014 [info] Got 1 sessions for ...
2023-12-14 03:23:43.014 [info] Getting sessions for user:email...
2023-12-14 03:23:43.014 [info] Got 1 sessions for user:email...
2023-12-14 03:23:43.021 [info] Getting sessions for all scopes...
2023-12-14 03:23:43.021 [info] Got 1 sessions for ...
2023-12-14 03:23:46.758 [info] Getting user info...
2023-12-14 03:23:48.472 [info] Got account info!
2023-12-14 03:23:57.416 [info] Reading sessions from keychain...
2023-12-14 03:23:57.416 [info] Getting sessions for all scopes...
2023-12-14 03:23:57.416 [info] Getting sessions for all scopes...
2023-12-14 03:23:57.416 [info] Got stored sessions!
2023-12-14 03:23:57.416 [info] Got 1 verified sessions.
2023-12-14 03:23:57.416 [info] Got 1 sessions for ...
2023-12-14 03:23:57.416 [info] Got 1 sessions for ...
2023-12-14 03:23:57.416 [info] Getting sessions for user:email...
2023-12-14 03:23:57.416 [info] Got 1 sessions for user:email...
2023-12-14 03:23:57.455 [info] Getting sessions for read:user...
2023-12-14 03:23:57.455 [info] Got 0 sessions for read:user...
2023-12-14 03:23:57.532 [info] Getting sessions for user:email...
2023-12-14 03:23:57.532 [info] Got 1 sessions for user:email...
2023-12-14 03:23:57.557 [info] Getting sessions for all scopes...
2023-12-14 03:23:57.557 [info] Got 1 sessions for ...
2023-12-14 03:23:59.327 [info] Getting user info...
2023-12-14 03:24:00.490 [info] Got account info!
2023-12-14 03:48:58.365 [info] Getting sessions for read:user...
2023-12-14 03:48:58.366 [info] Got 0 sessions for read:user...
2023-12-14 03:48:58.367 [info] Getting sessions for user:email...
2023-12-14 03:48:58.367 [info] Got 1 sessions for user:email...
2023-12-14 04:28:17.004 [info] Getting sessions for read:user...
2023-12-14 04:28:17.004 [info] Got 0 sessions for read:user...
2023-12-14 04:28:17.006 [info] Getting sessions for user:email...
2023-12-14 04:28:17.006 [info] Got 1 sessions for user:email...
2023-12-14 04:53:17.682 [info] Getting sessions for read:user...
2023-12-14 04:53:17.682 [info] Got 0 sessions for read:user...
2023-12-14 04:53:17.684 [info] Getting sessions for user:email...
2023-12-14 04:53:17.684 [info] Got 1 sessions for user:email...
2023-12-14 05:18:18.374 [info] Getting sessions for read:user...
2023-12-14 05:18:18.374 [info] Got 0 sessions for read:user...
2023-12-14 05:18:18.375 [info] Getting sessions for user:email...
2023-12-14 05:18:18.375 [info] Got 1 sessions for user:email...
2023-12-14 05:43:18.977 [info] Getting sessions for read:user...
2023-12-14 05:43:18.977 [info] Got 0 sessions for read:user...
2023-12-14 05:43:18.978 [info] Getting sessions for user:email...
2023-12-14 05:43:18.978 [info] Got 1 sessions for user:email...
2023-12-14 06:08:19.772 [info] Getting sessions for read:user...
2023-12-14 06:08:19.772 [info] Got 0 sessions for read:user...
2023-12-14 06:08:19.773 [info] Getting sessions for user:email...
2023-12-14 06:08:19.773 [info] Got 1 sessions for user:email...
