2023-12-04 13:11:38.982 [info] Added views:workbench.panel.markers.view in workbench.panel.markers
2023-12-04 13:11:38.982 [info] Added views:workbench.panel.output in workbench.panel.output
2023-12-04 13:11:38.982 [info] Added views:outline in workbench.view.explorer
2023-12-04 13:11:38.982 [info] Added views:workbench.scm in workbench.view.scm
2023-12-04 13:11:38.982 [info] Added views:workbench.view.search in workbench.view.search
2023-12-04 13:11:38.982 [info] Added views:terminal in workbench.views.service.panel.a458d13c-13f5-49d6-908f-c90aa9f53545
2023-12-04 13:11:38.982 [info] Added views:timeline in workbench.view.explorer
2023-12-04 13:11:38.982 [info] Added views:workbench.explorer.emptyView in workbench.view.explorer
2023-12-04 13:11:39.207 [info] Added views:remoteTargets in workbench.view.remote
2023-12-04 13:11:39.208 [info] Added views:liveshare.session in workbench.view.extension.liveshare
2023-12-04 13:11:39.208 [info] Added views:cm_view in workbench.view.extension.color_manager_webview_container
2023-12-04 13:11:39.309 [info] Added views:workbench.debug.variablesView,workbench.debug.watchExpressionsView,workbench.debug.callStackView,workbench.debug.breakPointsView in workbench.view.debug
2023-12-04 13:11:39.415 [info] Added views:workbench.panel.repl.view in terminal
2023-12-04 13:11:39.416 [info] Removed views:workbench.debug.breakPointsView,workbench.debug.callStackView,workbench.debug.watchExpressionsView,workbench.debug.variablesView from workbench.view.debug
2023-12-04 13:11:39.417 [info] Added views:workbench.debug.welcome in workbench.view.debug
2023-12-04 13:11:44.547 [info] Added views:workbench.panel.markers.view in workbench.panel.markers
2023-12-04 13:11:44.547 [info] Added views:workbench.panel.output in workbench.panel.output
2023-12-04 13:11:44.547 [info] Added views:outline in workbench.view.explorer
2023-12-04 13:11:44.547 [info] Added views:workbench.scm in workbench.view.scm
2023-12-04 13:11:44.547 [info] Added views:workbench.view.search in workbench.view.search
2023-12-04 13:11:44.547 [info] Added views:terminal in workbench.views.service.panel.a458d13c-13f5-49d6-908f-c90aa9f53545
2023-12-04 13:11:44.547 [info] Added views:timeline in workbench.view.explorer
2023-12-04 13:11:44.547 [info] Added views:workbench.explorer.fileView in workbench.view.explorer
2023-12-04 13:11:44.665 [info] Added views:workbench.debug.welcome in workbench.view.debug
2023-12-04 13:11:44.878 [info] Added views:remoteTargets in workbench.view.remote
2023-12-04 13:11:44.878 [info] Added views:liveshare.session in workbench.view.extension.liveshare
2023-12-04 13:11:44.879 [info] Added views:cm_view in workbench.view.extension.color_manager_webview_container
2023-12-04 13:11:45.226 [info] Added views:workbench.panel.repl.view in terminal
2023-12-04 13:11:45.698 [info] Added views:latex-workshop-commands,latex-workshop-structure,latex-workshop-snippet-view in workbench.view.extension.latex-workshop-activitybar
