2023-12-04 15:09:46.953 [info] Added views:workbench.panel.markers.view in workbench.panel.markers
2023-12-04 15:09:46.953 [info] Added views:workbench.panel.output in workbench.panel.output
2023-12-04 15:09:46.953 [info] Added views:outline in workbench.view.explorer
2023-12-04 15:09:46.953 [info] Added views:workbench.scm in workbench.view.scm
2023-12-04 15:09:46.953 [info] Added views:workbench.view.search in workbench.view.search
2023-12-04 15:09:46.953 [info] Added views:terminal in workbench.views.service.panel.a458d13c-13f5-49d6-908f-c90aa9f53545
2023-12-04 15:09:46.953 [info] Added views:timeline in workbench.view.explorer
2023-12-04 15:09:46.953 [info] Added views:workbench.explorer.emptyView in workbench.view.explorer
2023-12-04 15:09:47.186 [info] Added views:remoteTargets in workbench.view.remote
2023-12-04 15:09:47.187 [info] Added views:liveshare.session in workbench.view.extension.liveshare
2023-12-04 15:09:47.188 [info] Added views:cm_view in workbench.view.extension.color_manager_webview_container
2023-12-04 15:09:47.278 [info] Added views:workbench.debug.variablesView,workbench.debug.watchExpressionsView,workbench.debug.callStackView,workbench.debug.breakPointsView in workbench.view.debug
2023-12-04 15:09:47.466 [info] Added views:workbench.panel.repl.view in terminal
2023-12-04 15:09:47.467 [info] Removed views:workbench.debug.breakPointsView,workbench.debug.callStackView,workbench.debug.watchExpressionsView,workbench.debug.variablesView from workbench.view.debug
2023-12-04 15:09:47.467 [info] Added views:workbench.debug.welcome in workbench.view.debug
2023-12-04 15:11:09.952 [info] Added views:workbench.panel.markers.view in workbench.panel.markers
2023-12-04 15:11:09.952 [info] Added views:workbench.panel.output in workbench.panel.output
2023-12-04 15:11:09.952 [info] Added views:outline in workbench.view.explorer
2023-12-04 15:11:09.952 [info] Added views:workbench.scm in workbench.view.scm
2023-12-04 15:11:09.952 [info] Added views:workbench.view.search in workbench.view.search
2023-12-04 15:11:09.952 [info] Added views:terminal in workbench.views.service.panel.a458d13c-13f5-49d6-908f-c90aa9f53545
2023-12-04 15:11:09.952 [info] Added views:timeline in workbench.view.explorer
2023-12-04 15:11:09.952 [info] Added views:workbench.debug.welcome in workbench.view.debug
2023-12-04 15:11:09.952 [info] Added views:workbench.explorer.fileView in workbench.view.explorer
2023-12-04 15:11:10.293 [info] Added views:remoteTargets in workbench.view.remote
2023-12-04 15:11:10.294 [info] Added views:liveshare.session in workbench.view.extension.liveshare
2023-12-04 15:11:10.294 [info] Added views:cm_view in workbench.view.extension.color_manager_webview_container
2023-12-04 15:11:10.508 [info] Added views:workbench.panel.repl.view in terminal
