2023-12-04 13:11:40.166 [info] Reading sessions from keychain...
2023-12-04 13:11:40.166 [info] Getting sessions for all scopes...
2023-12-04 13:11:40.166 [info] Getting sessions for user:email...
2023-12-04 13:11:40.166 [info] Got stored sessions!
2023-12-04 13:11:40.166 [info] Got 1 verified sessions.
2023-12-04 13:11:40.166 [info] Got 1 sessions for ...
2023-12-04 13:11:40.166 [info] Got 1 sessions for user:email...
2023-12-04 13:11:40.166 [info] Getting sessions for read:user...
2023-12-04 13:11:40.166 [info] Got 0 sessions for read:user...
2023-12-04 13:11:40.166 [info] Getting sessions for all scopes...
2023-12-04 13:11:40.166 [info] Got 1 sessions for ...
2023-12-04 13:11:40.166 [info] Getting sessions for user:email...
2023-12-04 13:11:40.166 [info] Got 1 sessions for user:email...
2023-12-04 13:11:40.218 [info] Getting sessions for all scopes...
2023-12-04 13:11:40.218 [info] Got 1 sessions for ...
2023-12-04 13:11:41.990 [info] Getting user info...
2023-12-04 13:11:42.504 [info] Got account info!
2023-12-04 13:11:46.751 [info] Reading sessions from keychain...
2023-12-04 13:11:46.751 [info] Getting sessions for all scopes...
2023-12-04 13:11:46.751 [info] Getting sessions for all scopes...
2023-12-04 13:11:46.751 [info] Got stored sessions!
2023-12-04 13:11:46.751 [info] Got 1 verified sessions.
2023-12-04 13:11:46.751 [info] Got 1 sessions for ...
2023-12-04 13:11:46.751 [info] Got 1 sessions for ...
2023-12-04 13:11:46.751 [info] Getting sessions for user:email...
2023-12-04 13:11:46.751 [info] Got 1 sessions for user:email...
2023-12-04 13:11:46.751 [info] Getting sessions for read:user...
2023-12-04 13:11:46.751 [info] Got 0 sessions for read:user...
2023-12-04 13:11:46.768 [info] Getting sessions for user:email...
2023-12-04 13:11:46.768 [info] Got 1 sessions for user:email...
2023-12-04 13:11:46.774 [info] Getting sessions for all scopes...
2023-12-04 13:11:46.774 [info] Got 1 sessions for ...
2023-12-04 13:11:48.444 [info] Getting user info...
2023-12-04 13:11:48.965 [info] Got account info!
