INFO 6/9/2023, 11:20:28 PM  launch with argv [/usr/share/typora/Typora]
INFO 6/9/2023, 11:20:28 PM  launchFromDiffVersion, pre version is undefined
INFO 6/9/2023, 11:20:28 PM  start LM in devVersion=false
INFO 6/9/2023, 11:20:28 PM  [Raven] instanceKey = 3af6db9c-916d-475c-bdb6-74ea9082cbfb
INFO 6/9/2023, 11:20:28 PM  [watch L]
INFO 6/9/2023, 11:20:28 PM  ls put SLicense
INFO 6/9/2023, 11:20:28 PM  [L] Read from incorrupted InstallDate
INFO 6/9/2023, 11:20:28 PM  writeInstallDate fromBTime=true
INFO 6/9/2023, 11:20:28 PM  overwriteThemeFolder
INFO 6/9/2023, 11:20:28 PM  ------------------start------------------
INFO 6/9/2023, 11:20:28 PM  typora version: 1.6.6
INFO 6/9/2023, 11:20:28 PM  undefined
INFO 6/9/2023, 11:20:28 PM  ls put IDate
INFO 6/9/2023, 11:20:28 PM  [L] installDate is 6/9/2023, trail remains: 15 days
INFO 6/9/2023, 11:20:28 PM  [watch L] hasL: false
INFO 6/9/2023, 11:20:28 PM  [focus] 1
INFO 6/9/2023, 11:20:28 PM  synced recovery
INFO 6/9/2023, 11:20:28 PM  [Raven] userId = 39eac986-4b0c-4664-9752-0633f1c30996
user-dict.json not found
INFO 6/9/2023, 11:20:29 PM  handle document.loadData
INFO 6/9/2023, 11:20:29 PM  [RenderProcess 1][Log] [UndoManager] reset commandStack
INFO 6/9/2023, 11:20:29 PM  [RenderProcess 1][Log] reset NodeMap
INFO 6/9/2023, 11:20:29 PM  synced recovery
INFO 6/9/2023, 11:20:29 PM  [RenderProcess 1][Log] onBecomeActive
INFO 6/9/2023, 11:20:29 PM  [RenderProcess 1][Log] File.activeWindow = true
INFO 6/9/2023, 11:20:29 PM  [blur] 1
INFO 6/9/2023, 11:20:29 PM  [win] blur
INFO 6/9/2023, 11:20:31 PM  [focus] 1
INFO 6/9/2023, 11:20:31 PM  [blur] 1
INFO 6/9/2023, 11:20:31 PM  [win] blur
INFO 6/9/2023, 11:20:31 PM  [focus] 1
INFO 6/9/2023, 11:20:31 PM  [blur] 1
INFO 6/9/2023, 11:20:31 PM  [win] blur
INFO 6/9/2023, 11:20:31 PM  [focus] 1
INFO 6/9/2023, 11:20:44 PM  [blur] 1
INFO 6/9/2023, 11:20:44 PM  [win] blur
INFO 6/9/2023, 11:20:46 PM  [focus] 1
INFO 6/9/2023, 11:20:46 PM  [blur] 1
INFO 6/9/2023, 11:20:46 PM  [win] blur
INFO 6/9/2023, 11:20:46 PM  [focus] 1
INFO 6/9/2023, 11:20:46 PM  [blur] 1
INFO 6/9/2023, 11:20:46 PM  [win] blur
INFO 6/9/2023, 11:20:46 PM  [focus] 1
INFO 6/9/2023, 11:20:52 PM  [blur] 1
INFO 6/9/2023, 11:20:52 PM  [win] blur
INFO 6/9/2023, 11:24:20 PM  got argv [typora, --allow-file-access-from-files, --desktop-startup-id=i3/kitty/686-3-hp_TIME91773471] from secondary instance
INFO 6/9/2023, 11:24:20 PM  synced recovery
INFO 6/9/2023, 11:24:20 PM  [focus] 2
INFO 6/9/2023, 11:24:20 PM  secondary instance would exit
INFO 6/9/2023, 11:24:20 PM  handle document.loadData
INFO 6/9/2023, 11:24:20 PM  [RenderProcess 2][Log] [UndoManager] reset commandStack
INFO 6/9/2023, 11:24:20 PM  [RenderProcess 2][Log] reset NodeMap
INFO 6/9/2023, 11:24:20 PM  synced recovery
INFO 6/9/2023, 11:24:21 PM  [RenderProcess 2][Log] onBecomeActive
INFO 6/9/2023, 11:24:21 PM  [RenderProcess 2][Log] File.activeWindow = true
INFO 6/9/2023, 11:24:21 PM  [blur] 2
INFO 6/9/2023, 11:24:21 PM  [win] blur
INFO 6/9/2023, 11:24:21 PM  [focus] 2
INFO 6/9/2023, 11:25:18 PM  got argv [typora, --allow-file-access-from-files, typora, /home/meenaljhajharia/.config/joplin-desktop/edit-2c39ff3ca4fd436db30820d55864d235.md] from secondary instance
INFO 6/9/2023, 11:25:18 PM  addRecentDocument
INFO 6/9/2023, 11:25:18 PM  synced recovery
INFO 6/9/2023, 11:25:18 PM  [focus] 3
INFO 6/9/2023, 11:25:18 PM  secondary instance would exit
INFO 6/9/2023, 11:25:19 PM  handle document.loadData
INFO 6/9/2023, 11:25:19 PM  [RenderProcess 3][Log] [UndoManager] reset commandStack
INFO 6/9/2023, 11:25:19 PM  [RenderProcess 3][Log] reset NodeMap
INFO 6/9/2023, 11:25:19 PM  [RenderProcess 3][Log] readContentFrom /home/meenaljhajharia/.config/joplin-desktop/edit-2c39ff3ca4fd436db30820d55864d235.md
INFO 6/9/2023, 11:25:19 PM  synced recovery
INFO 6/9/2023, 11:25:19 PM  [RenderProcess 3][Log] onBecomeActive
INFO 6/9/2023, 11:25:19 PM  [RenderProcess 3][Log] File.activeWindow = true
INFO 6/9/2023, 11:25:21 PM  [blur] 3
INFO 6/9/2023, 11:25:21 PM  [win] blur
INFO 6/9/2023, 11:25:28 PM  [focus] 3
INFO 6/9/2023, 11:25:43 PM  got argv [typora, --allow-file-access-from-files, /home/meenaljhajharia/.config/joplin-desktop/edit-6ad0070ea361432a913f5a01a0242418.md] from secondary instance
INFO 6/9/2023, 11:25:43 PM  addRecentDocument
INFO 6/9/2023, 11:25:43 PM  synced recovery
INFO 6/9/2023, 11:25:43 PM  [focus] 4
INFO 6/9/2023, 11:25:43 PM  secondary instance would exit
INFO 6/9/2023, 11:25:44 PM  handle document.loadData
INFO 6/9/2023, 11:25:44 PM  [RenderProcess 4][Log] [UndoManager] reset commandStack
INFO 6/9/2023, 11:25:44 PM  [RenderProcess 4][Log] reset NodeMap
INFO 6/9/2023, 11:25:44 PM  [RenderProcess 4][Log] readContentFrom /home/meenaljhajharia/.config/joplin-desktop/edit-6ad0070ea361432a913f5a01a0242418.md
INFO 6/9/2023, 11:25:44 PM  synced recovery
INFO 6/9/2023, 11:25:44 PM  [RenderProcess 4][Log] onBecomeActive
INFO 6/9/2023, 11:25:44 PM  [RenderProcess 4][Log] File.activeWindow = true
INFO 6/9/2023, 11:25:48 PM  [blur] 4
INFO 6/9/2023, 11:25:48 PM  [win] blur
INFO 6/9/2023, 11:25:48 PM  [focus] 4
INFO 6/9/2023, 11:25:59 PM  got argv [typora, --allow-file-access-from-files, /home/meenaljhajharia/.config/joplin-desktop/edit-9f448bf68edb436aa9175c9ab6c738e5.md] from secondary instance
INFO 6/9/2023, 11:25:59 PM  addRecentDocument
INFO 6/9/2023, 11:25:59 PM  synced recovery
INFO 6/9/2023, 11:25:59 PM  [focus] 5
INFO 6/9/2023, 11:25:59 PM  secondary instance would exit
INFO 6/9/2023, 11:25:59 PM  handle document.loadData
INFO 6/9/2023, 11:25:59 PM  [RenderProcess 5][Log] [UndoManager] reset commandStack
INFO 6/9/2023, 11:25:59 PM  [RenderProcess 5][Log] reset NodeMap
INFO 6/9/2023, 11:25:59 PM  [RenderProcess 5][Log] readContentFrom /home/meenaljhajharia/.config/joplin-desktop/edit-9f448bf68edb436aa9175c9ab6c738e5.md
INFO 6/9/2023, 11:26:00 PM  synced recovery
INFO 6/9/2023, 11:26:00 PM  [RenderProcess 5][Log] onBecomeActive
INFO 6/9/2023, 11:26:00 PM  [RenderProcess 5][Log] File.activeWindow = true
INFO 6/9/2023, 11:39:57 PM  [focus] 1
INFO 6/9/2023, 11:39:58 PM  synced recovery
INFO 6/9/2023, 11:39:58 PM  ----------------before-quit-----------------
INFO 6/9/2023, 11:39:58 PM  ------------------will-quit------------------
INFO 6/9/2023, 11:39:58 PM  -----------------quit------------------
INFO 6/9/2023, 11:39:58 PM  closeLogging
INFO 6/22/2023, 6:46:09 AM  launch with argv [/usr/share/typora/Typora]
INFO 6/22/2023, 6:46:09 AM  start LM in devVersion=false
INFO 6/22/2023, 6:46:09 AM  [Raven] instanceKey = 510fcd45-5917-4cf7-a3e5-a565771abca3
INFO 6/22/2023, 6:46:09 AM  [watch L]
INFO 6/22/2023, 6:46:09 AM  ls put SLicense
INFO 6/22/2023, 6:46:09 AM  [L] installDate is 6/9/2023, trail remains: 2 days
INFO 6/22/2023, 6:46:09 AM  [watch L] hasL: false
INFO 6/22/2023, 6:46:09 AM  ------------------start------------------
INFO 6/22/2023, 6:46:09 AM  typora version: 1.6.6
INFO 6/22/2023, 6:46:09 AM  undefined
user-dict.json not found
INFO 6/22/2023, 6:46:09 AM  [focus] 1
INFO 6/22/2023, 6:46:09 AM  synced recovery
INFO 6/22/2023, 6:46:09 AM  [Raven] userId = 39eac986-4b0c-4664-9752-0633f1c30996
INFO 6/22/2023, 6:46:09 AM  handle document.loadData
INFO 6/22/2023, 6:46:09 AM  [RenderProcess 1][Log] [UndoManager] reset commandStack
INFO 6/22/2023, 6:46:09 AM  [RenderProcess 1][Log] reset NodeMap
INFO 6/22/2023, 6:46:09 AM  synced recovery
INFO 6/22/2023, 6:46:10 AM  [RenderProcess 1][Log] onBecomeActive
INFO 6/22/2023, 6:46:10 AM  [RenderProcess 1][Log] File.activeWindow = true
INFO 6/22/2023, 6:46:12 AM  synced recovery
INFO 6/22/2023, 6:46:16 AM  synced recovery
INFO 6/22/2023, 6:46:17 AM  synced recovery
INFO 6/22/2023, 6:46:20 AM  synced recovery
INFO 6/22/2023, 6:46:25 AM  synced recovery
INFO 6/22/2023, 6:46:38 AM  synced recovery
INFO 6/22/2023, 6:46:44 AM  [blur] 1
INFO 6/22/2023, 6:46:44 AM  [win] blur
INFO 6/22/2023, 6:46:44 AM  [focus] 1
INFO 6/22/2023, 6:46:53 AM  File.option.expandSimpleBlock = true;
INFO 6/22/2023, 6:47:02 AM  synced recovery
INFO 6/22/2023, 6:47:06 AM  synced recovery
INFO 6/22/2023, 6:47:09 AM  synced recovery
INFO 6/22/2023, 6:47:12 AM  [blur] 1
INFO 6/22/2023, 6:47:12 AM  [win] blur
INFO 6/22/2023, 6:47:12 AM  synced recovery
INFO 6/22/2023, 6:47:13 AM  [focus] 1
INFO 6/22/2023, 6:47:13 AM  [blur] 1
INFO 6/22/2023, 6:47:13 AM  [win] blur
INFO 6/22/2023, 6:47:13 AM  [focus] 1
INFO 6/22/2023, 6:47:32 AM  updateTheme
INFO 6/22/2023, 6:47:32 AM  updateTheme
INFO 6/22/2023, 6:47:34 AM  updateTheme
INFO 6/22/2023, 6:47:34 AM  updateTheme
INFO 6/22/2023, 6:47:39 AM  window.File && (function(){File.option.enableAutoSave = true;})();
INFO 6/22/2023, 6:47:45 AM  [blur] 1
INFO 6/22/2023, 6:47:45 AM  [win] blur
INFO 6/22/2023, 6:47:50 AM  [focus] 1
INFO 6/22/2023, 6:47:50 AM  [blur] 1
INFO 6/22/2023, 6:47:50 AM  [win] blur
INFO 6/22/2023, 6:47:50 AM  [focus] 1
INFO 6/22/2023, 6:47:50 AM  [blur] 1
INFO 6/22/2023, 6:47:50 AM  [win] blur
INFO 6/22/2023, 6:47:50 AM  [focus] 1
INFO 6/22/2023, 6:47:50 AM  addRecentDocument
INFO 6/22/2023, 6:47:50 AM  synced recovery
INFO 6/22/2023, 6:47:51 AM  [blur] 1
INFO 6/22/2023, 6:47:51 AM  [win] blur
INFO 6/22/2023, 6:47:51 AM  [focus] 1
INFO 6/22/2023, 6:47:52 AM  synced recovery
INFO 6/22/2023, 6:47:52 AM  ----------------before-quit-----------------
INFO 6/22/2023, 6:47:52 AM  ------------------will-quit------------------
INFO 6/22/2023, 6:47:52 AM  -----------------quit------------------
INFO 6/22/2023, 6:47:52 AM  closeLogging
INFO 6/22/2023, 6:47:54 AM  launch with argv [/usr/share/typora/Typora]
INFO 6/22/2023, 6:47:54 AM  start LM in devVersion=false
INFO 6/22/2023, 6:47:54 AM  [Raven] instanceKey = f7174172-bdb2-4c43-9cce-2a27a07f4c52
INFO 6/22/2023, 6:47:54 AM  [watch L]
INFO 6/22/2023, 6:47:54 AM  ls put SLicense
INFO 6/22/2023, 6:47:54 AM  [L] installDate is 6/9/2023, trail remains: 2 days
INFO 6/22/2023, 6:47:54 AM  [watch L] hasL: false
INFO 6/22/2023, 6:47:54 AM  ------------------start------------------
INFO 6/22/2023, 6:47:54 AM  typora version: 1.6.6
INFO 6/22/2023, 6:47:54 AM  undefined
user-dict.json not found
INFO 6/22/2023, 6:47:54 AM  [focus] 1
INFO 6/22/2023, 6:47:54 AM  synced recovery
INFO 6/22/2023, 6:47:54 AM  [Raven] userId = 39eac986-4b0c-4664-9752-0633f1c30996
INFO 6/22/2023, 6:47:54 AM  handle document.loadData
INFO 6/22/2023, 6:47:54 AM  [RenderProcess 1][Log] [UndoManager] reset commandStack
INFO 6/22/2023, 6:47:54 AM  [RenderProcess 1][Log] reset NodeMap
INFO 6/22/2023, 6:47:54 AM  synced recovery
INFO 6/22/2023, 6:47:55 AM  [RenderProcess 1][Log] onBecomeActive
INFO 6/22/2023, 6:47:55 AM  [RenderProcess 1][Log] File.activeWindow = true
INFO 6/22/2023, 6:47:58 AM  switchDocument 1 [/home/meenaljhajharia/math.md]
INFO 6/22/2023, 6:47:58 AM  addRecentDocument
INFO 6/22/2023, 6:47:58 AM  [RenderProcess 1][Log] File.activeWindow = true
INFO 6/22/2023, 6:47:58 AM  synced recovery
INFO 6/22/2023, 6:47:58 AM  [RenderProcess 1][Log] [UndoManager] reset commandStack
INFO 6/22/2023, 6:47:58 AM  [RenderProcess 1][Log] reset NodeMap
INFO 6/22/2023, 6:47:58 AM  [RenderProcess 1][Log] readContentFrom /home/meenaljhajharia/math.md
INFO 6/22/2023, 6:47:58 AM  synced recovery
INFO 6/22/2023, 6:48:02 AM  synced recovery
INFO 6/22/2023, 6:48:39 AM  [blur] 1
INFO 6/22/2023, 6:48:39 AM  [win] blur
INFO 6/22/2023, 6:48:41 AM  [focus] 1
INFO 6/22/2023, 6:48:41 AM  [blur] 1
INFO 6/22/2023, 6:48:41 AM  [win] blur
INFO 6/22/2023, 6:48:47 AM  [focus] 1
INFO 6/22/2023, 6:48:47 AM  [blur] 1
INFO 6/22/2023, 6:48:47 AM  [win] blur
INFO 6/22/2023, 6:49:00 AM  [focus] 1
INFO 6/22/2023, 6:49:03 AM  [blur] 1
INFO 6/22/2023, 6:49:03 AM  [win] blur
INFO 6/22/2023, 6:49:09 AM  [focus] 1
INFO 6/22/2023, 6:49:27 AM  [blur] 1
INFO 6/22/2023, 6:49:27 AM  [win] blur
INFO 6/22/2023, 6:51:32 AM  [focus] 1
INFO 6/22/2023, 6:51:39 AM  synced recovery
INFO 6/22/2023, 6:51:41 AM  synced recovery
INFO 6/22/2023, 6:51:43 AM  synced recovery
INFO 6/22/2023, 6:51:54 AM  synced recovery
INFO 6/22/2023, 6:52:11 AM  synced recovery
INFO 6/22/2023, 6:52:14 AM  synced recovery
INFO 6/22/2023, 6:52:17 AM  synced recovery
INFO 6/22/2023, 6:52:18 AM  [blur] 1
INFO 6/22/2023, 6:52:18 AM  [win] blur
INFO 6/22/2023, 6:52:25 AM  [focus] 1
INFO 6/22/2023, 6:52:32 AM  synced recovery
INFO 6/22/2023, 6:52:33 AM  synced recovery
INFO 6/22/2023, 6:52:47 AM  synced recovery
INFO 6/22/2023, 6:52:47 AM  ----------------before-quit-----------------
INFO 6/22/2023, 6:52:47 AM  ------------------will-quit------------------
INFO 6/22/2023, 6:52:47 AM  -----------------quit------------------
INFO 6/22/2023, 6:52:47 AM  closeLogging
INFO 6/22/2023, 6:53:29 AM  launch with argv [/usr/share/typora/Typora, /home/meenaljhajharia/whitening.md]
INFO 6/22/2023, 6:53:29 AM  start LM in devVersion=false
INFO 6/22/2023, 6:53:29 AM  [Raven] instanceKey = 3778896d-122e-45dd-9965-7a160340e8c2
INFO 6/22/2023, 6:53:29 AM  [watch L]
INFO 6/22/2023, 6:53:29 AM  ls put SLicense
INFO 6/22/2023, 6:53:29 AM  [L] installDate is 6/9/2023, trail remains: 2 days
INFO 6/22/2023, 6:53:29 AM  [watch L] hasL: false
INFO 6/22/2023, 6:53:29 AM  ------------------start------------------
INFO 6/22/2023, 6:53:29 AM  typora version: 1.6.6
INFO 6/22/2023, 6:53:29 AM  undefined
INFO 6/22/2023, 6:53:29 AM  addRecentDocument
user-dict.json not found
INFO 6/22/2023, 6:53:29 AM  [focus] 1
INFO 6/22/2023, 6:53:29 AM  synced recovery
INFO 6/22/2023, 6:53:29 AM  [Raven] userId = 39eac986-4b0c-4664-9752-0633f1c30996
INFO 6/22/2023, 6:53:30 AM  handle document.loadData
INFO 6/22/2023, 6:53:30 AM  [RenderProcess 1][Log] [UndoManager] reset commandStack
INFO 6/22/2023, 6:53:30 AM  [RenderProcess 1][Log] reset NodeMap
INFO 6/22/2023, 6:53:30 AM  [RenderProcess 1][Log] readContentFrom /home/meenaljhajharia/whitening.md
INFO 6/22/2023, 6:53:30 AM  synced recovery
INFO 6/22/2023, 6:53:30 AM  [RenderProcess 1][Log] onBecomeActive
INFO 6/22/2023, 6:53:30 AM  [RenderProcess 1][Log] File.activeWindow = true
INFO 6/22/2023, 6:53:32 AM  [blur] 1
INFO 6/22/2023, 6:53:32 AM  [win] blur
INFO 6/22/2023, 6:53:39 AM  [focus] 1
INFO 6/22/2023, 6:53:39 AM  synced recovery
INFO 6/22/2023, 6:53:39 AM  ----------------before-quit-----------------
INFO 6/22/2023, 6:53:39 AM  ------------------will-quit------------------
INFO 6/22/2023, 6:53:39 AM  -----------------quit------------------
INFO 6/22/2023, 6:53:39 AM  closeLogging
INFO 7/14/2023, 4:26:28 AM  launch with argv [/usr/share/typora/Typora, /home/meenaljhajharia/whitening.md]
INFO 7/14/2023, 4:26:29 AM  start LM in devVersion=false
INFO 7/14/2023, 4:26:29 AM  [Raven] instanceKey = 91637dd5-693d-40e0-89f7-aa65e06eceb0
INFO 7/14/2023, 4:26:29 AM  [watch L]
INFO 7/14/2023, 4:26:29 AM  ls put SLicense
INFO 7/14/2023, 4:26:29 AM  [L] installDate is 6/9/2023, trail remains: 0 days
INFO 7/14/2023, 4:26:29 AM  [watch L] hasL: false
INFO 7/14/2023, 4:26:29 AM  ------------------start------------------
INFO 7/14/2023, 4:26:29 AM  typora version: 1.6.6
INFO 7/14/2023, 4:26:29 AM  undefined
INFO 7/14/2023, 4:26:29 AM  addRecentDocument
user-dict.json not found
INFO 7/14/2023, 4:26:29 AM  [focus] 1
INFO 7/14/2023, 4:26:29 AM  [Raven] userId = 39eac986-4b0c-4664-9752-0633f1c30996
INFO 7/14/2023, 4:26:29 AM  synced recovery
INFO 7/14/2023, 4:26:29 AM  [blur] 1
INFO 7/14/2023, 4:26:29 AM  [win] blur
INFO 7/14/2023, 4:26:29 AM  [focus] 2
INFO 7/14/2023, 4:26:29 AM  handle document.loadData
INFO 7/14/2023, 4:26:29 AM  [RenderProcess 1][Log] [UndoManager] reset commandStack
INFO 7/14/2023, 4:26:29 AM  [RenderProcess 1][Log] reset NodeMap
INFO 7/14/2023, 4:26:29 AM  [RenderProcess 1][Log] readContentFrom /home/meenaljhajharia/whitening.md
INFO 7/14/2023, 4:26:29 AM  synced recovery
INFO 7/14/2023, 4:26:29 AM  [blur] 2
INFO 7/14/2023, 4:26:29 AM  [focus] 1
INFO 7/14/2023, 4:26:30 AM  [RenderProcess 1][Log] onBecomeActive
INFO 7/14/2023, 4:26:30 AM  [RenderProcess 1][Log] File.activeWindow = true
INFO 7/14/2023, 4:26:31 AM  [blur] 1
INFO 7/14/2023, 4:26:31 AM  [win] blur
INFO 7/14/2023, 4:26:31 AM  [focus] 2
INFO 7/14/2023, 4:26:31 AM  [focus] 1
INFO 7/14/2023, 4:26:31 AM  [blur] 1
INFO 7/14/2023, 4:26:31 AM  [win] blur
INFO 7/14/2023, 4:26:31 AM  [focus] 1
INFO 7/14/2023, 4:26:33 AM  synced recovery
INFO 7/14/2023, 4:26:35 AM  synced recovery
INFO 7/14/2023, 4:26:35 AM  ----------------before-quit-----------------
INFO 7/14/2023, 4:26:35 AM  ------------------will-quit------------------
INFO 7/14/2023, 4:26:35 AM  -----------------quit------------------
INFO 7/14/2023, 4:26:35 AM  closeLogging
INFO 8/11/2023, 12:24:24 PM  launch with argv [/usr/share/typora/Typora, /home/meenaljhajharia/github/mjhajharia/diagnosing-hmc/quarto/`Stickbreaking, 1, 6.51087e-05, 0.md]
INFO 8/11/2023, 12:24:25 PM  start LM in devVersion=false
INFO 8/11/2023, 12:24:25 PM  [Raven] instanceKey = 1ab1909a-41a1-4d7d-b4ea-4704f93a67ba
INFO 8/11/2023, 12:24:25 PM  [watch L]
INFO 8/11/2023, 12:24:25 PM  ls put SLicense
INFO 8/11/2023, 12:24:25 PM  [L] installDate is 6/9/2023, trail remains: 0 days
INFO 8/11/2023, 12:24:25 PM  [watch L] hasL: false
INFO 8/11/2023, 12:24:25 PM  ------------------start------------------
INFO 8/11/2023, 12:24:25 PM  typora version: 1.6.6
INFO 8/11/2023, 12:24:25 PM  undefined
INFO 8/11/2023, 12:24:25 PM  addRecentDocument
user-dict.json not found
INFO 8/11/2023, 12:24:25 PM  [focus] 1
INFO 8/11/2023, 12:24:25 PM  [Raven] userId = 39eac986-4b0c-4664-9752-0633f1c30996
INFO 8/11/2023, 12:24:25 PM  synced recovery
INFO 8/11/2023, 12:24:25 PM  handle document.loadData
INFO 8/11/2023, 12:24:25 PM  [RenderProcess 1][Log] [UndoManager] reset commandStack
INFO 8/11/2023, 12:24:25 PM  [RenderProcess 1][Log] reset NodeMap
INFO 8/11/2023, 12:24:25 PM  [RenderProcess 1][Log] readContentFrom /home/meenaljhajharia/github/mjhajharia/diagnosing-hmc/quarto/`Stickbreaking, 1, 6.51087e-05, 0.md
INFO 8/11/2023, 12:24:25 PM  [blur] 1
INFO 8/11/2023, 12:24:25 PM  [win] blur
INFO 8/11/2023, 12:24:25 PM  synced recovery
INFO 8/11/2023, 12:24:25 PM  [focus] 1
INFO 8/11/2023, 12:24:25 PM  [RenderProcess 1][Log] onBecomeActive
INFO 8/11/2023, 12:24:25 PM  [RenderProcess 1][Log] File.activeWindow = true
INFO 8/11/2023, 12:24:27 PM  synced recovery
INFO 8/11/2023, 12:24:27 PM  ----------------before-quit-----------------
INFO 8/11/2023, 12:24:27 PM  ------------------will-quit------------------
INFO 8/11/2023, 12:24:27 PM  -----------------quit------------------
INFO 8/11/2023, 12:24:27 PM  closeLogging
INFO 8/11/2023, 12:24:28 PM  launch with argv [/usr/share/typora/Typora, /home/meenaljhajharia/github/mjhajharia/diagnosing-hmc/quarto/`Stickbreaking, 1, 6.51087e-05, 0.md]
INFO 8/11/2023, 12:24:29 PM  start LM in devVersion=false
INFO 8/11/2023, 12:24:29 PM  [Raven] instanceKey = 1db168ce-8f1c-4a7b-b952-a56d77bc64e6
INFO 8/11/2023, 12:24:29 PM  [watch L]
INFO 8/11/2023, 12:24:29 PM  ls put SLicense
INFO 8/11/2023, 12:24:29 PM  [L] installDate is 6/9/2023, trail remains: 0 days
INFO 8/11/2023, 12:24:29 PM  [watch L] hasL: false
INFO 8/11/2023, 12:24:29 PM  ------------------start------------------
INFO 8/11/2023, 12:24:29 PM  typora version: 1.6.6
INFO 8/11/2023, 12:24:29 PM  undefined
INFO 8/11/2023, 12:24:29 PM  addRecentDocument
user-dict.json not found
INFO 8/11/2023, 12:24:29 PM  [focus] 1
INFO 8/11/2023, 12:24:29 PM  [Raven] userId = 39eac986-4b0c-4664-9752-0633f1c30996
INFO 8/11/2023, 12:24:29 PM  synced recovery
INFO 8/11/2023, 12:24:29 PM  [blur] 1
INFO 8/11/2023, 12:24:29 PM  [win] blur
INFO 8/11/2023, 12:24:29 PM  [focus] 2
INFO 8/11/2023, 12:24:29 PM  [blur] 2
INFO 8/11/2023, 12:24:29 PM  handle document.loadData
INFO 8/11/2023, 12:24:29 PM  [RenderProcess 1][Log] [UndoManager] reset commandStack
INFO 8/11/2023, 12:24:29 PM  [RenderProcess 1][Log] reset NodeMap
INFO 8/11/2023, 12:24:29 PM  [RenderProcess 1][Log] readContentFrom /home/meenaljhajharia/github/mjhajharia/diagnosing-hmc/quarto/`Stickbreaking, 1, 6.51087e-05, 0.md
INFO 8/11/2023, 12:24:29 PM  synced recovery
INFO 8/11/2023, 12:24:29 PM  [focus] 1
INFO 8/11/2023, 12:24:29 PM  [RenderProcess 1][Log] onBecomeActive
INFO 8/11/2023, 12:24:29 PM  [RenderProcess 1][Log] File.activeWindow = true
INFO 8/11/2023, 12:24:29 PM  [blur] 1
INFO 8/11/2023, 12:24:29 PM  [win] blur
INFO 8/11/2023, 12:24:31 PM  [focus] 1
INFO 8/11/2023, 12:24:31 PM  [blur] 1
INFO 8/11/2023, 12:24:31 PM  [win] blur
INFO 8/11/2023, 12:24:31 PM  [focus] 2
INFO 8/11/2023, 12:24:32 PM  [focus] 1
INFO 8/11/2023, 12:24:34 PM  [blur] 1
INFO 8/11/2023, 12:24:34 PM  [win] blur
INFO 8/11/2023, 12:24:36 PM  [focus] 1
INFO 8/11/2023, 12:25:11 PM  [blur] 1
INFO 8/11/2023, 12:25:11 PM  [win] blur
INFO 8/11/2023, 12:25:16 PM  [focus] 1
INFO 8/11/2023, 12:25:17 PM  [blur] 1
INFO 8/11/2023, 12:25:17 PM  [win] blur
INFO 8/11/2023, 12:26:01 PM  [focus] 1
INFO 8/11/2023, 12:26:09 PM  [blur] 1
INFO 8/11/2023, 12:26:09 PM  [win] blur
INFO 8/11/2023, 12:27:41 PM  [focus] 1
INFO 8/11/2023, 12:33:53 PM  [blur] 1
INFO 8/11/2023, 12:33:53 PM  [win] blur
INFO 8/11/2023, 12:34:16 PM  [focus] 1
INFO 8/11/2023, 12:34:19 PM  [blur] 1
INFO 8/11/2023, 12:34:19 PM  [win] blur
INFO 8/11/2023, 12:34:25 PM  [focus] 1
INFO 8/11/2023, 12:34:28 PM  [blur] 1
INFO 8/11/2023, 12:34:28 PM  [win] blur
INFO 8/11/2023, 12:34:36 PM  [focus] 1
INFO 8/11/2023, 12:34:37 PM  [blur] 1
INFO 8/11/2023, 12:34:37 PM  [win] blur
INFO 8/11/2023, 12:34:37 PM  [focus] 1
INFO 8/11/2023, 12:34:39 PM  [blur] 1
INFO 8/11/2023, 12:34:39 PM  [win] blur
INFO 8/11/2023, 12:34:47 PM  [focus] 1
INFO 8/11/2023, 12:34:49 PM  [blur] 1
INFO 8/11/2023, 12:34:49 PM  [win] blur
INFO 8/11/2023, 12:35:00 PM  [focus] 1
INFO 8/11/2023, 12:35:01 PM  [blur] 1
INFO 8/11/2023, 12:35:01 PM  [win] blur
INFO 8/11/2023, 12:35:01 PM  [focus] 1
INFO 8/11/2023, 12:35:03 PM  [blur] 1
INFO 8/11/2023, 12:35:03 PM  [win] blur
INFO 8/11/2023, 12:35:14 PM  [focus] 1
INFO 8/11/2023, 12:35:16 PM  [blur] 1
INFO 8/11/2023, 12:35:16 PM  [win] blur
INFO 8/11/2023, 2:18:39 PM  [focus] 1
INFO 8/11/2023, 2:18:40 PM  [blur] 1
INFO 8/11/2023, 2:18:40 PM  [win] blur
INFO 8/11/2023, 2:18:40 PM  [focus] 1
INFO 8/11/2023, 2:18:40 PM  [blur] 1
INFO 8/11/2023, 2:18:40 PM  [win] blur
INFO 8/11/2023, 2:18:41 PM  [focus] 1
INFO 8/11/2023, 2:18:41 PM  [blur] 1
INFO 8/11/2023, 2:18:41 PM  [win] blur
INFO 8/11/2023, 2:18:43 PM  [focus] 1
INFO 8/11/2023, 2:18:45 PM  [blur] 1
INFO 8/11/2023, 2:18:45 PM  [win] blur
INFO 8/11/2023, 3:51:54 PM  [focus] 1
INFO 8/11/2023, 3:51:55 PM  [blur] 1
INFO 8/11/2023, 3:51:55 PM  [win] blur
INFO 8/11/2023, 3:51:56 PM  [focus] 1
INFO 8/11/2023, 3:51:56 PM  [blur] 1
INFO 8/11/2023, 3:51:56 PM  [win] blur
INFO 8/11/2023, 3:51:56 PM  [focus] 1
INFO 8/11/2023, 3:51:56 PM  [blur] 1
INFO 8/11/2023, 3:51:56 PM  [win] blur
INFO 8/11/2023, 3:51:56 PM  [focus] 1
INFO 8/11/2023, 3:51:59 PM  synced recovery
INFO 8/11/2023, 3:51:59 PM  ----------------before-quit-----------------
INFO 8/11/2023, 3:51:59 PM  ------------------will-quit------------------
INFO 8/11/2023, 3:51:59 PM  -----------------quit------------------
INFO 8/11/2023, 3:51:59 PM  closeLogging
