2023-12-04 15:11:16.125 [info] Log level: Info
2023-12-04 15:11:16.125 [info] Validating found git in: "git"
2023-12-04 15:11:16.125 [info] Using git "2.43.0" from "git"
2023-12-04 15:11:28.704 [info] Log level: Info
2023-12-04 15:11:28.704 [info] Validating found git in: "git"
2023-12-04 15:11:28.704 [info] Using git "2.43.0" from "git"
2023-12-04 15:11:28.707 [info] > git rev-parse --show-toplevel [139ms]
2023-12-04 15:11:28.777 [info] > git rev-parse --git-dir --git-common-dir [49ms]
2023-12-04 15:11:28.784 [info] Open repository: /home/meenaljhajharia/github/mjhajharia/diagnosing-hmc
2023-12-04 15:11:28.920 [info] > git rev-parse --show-toplevel [116ms]
2023-12-04 15:11:28.965 [info] > git rev-parse --show-toplevel [23ms]
2023-12-04 15:11:28.989 [info] > git config --get commit.template [78ms]
2023-12-04 15:11:29.006 [info] > git rev-parse --show-toplevel [18ms]
2023-12-04 15:11:29.057 [info] > git rev-parse --show-toplevel [29ms]
2023-12-04 15:11:29.100 [info] > git rev-parse --show-toplevel [20ms]
2023-12-04 15:11:29.117 [info] > git for-each-ref --format=%(refname)%00%(upstream:short)%00%(objectname)%00%(upstream:track)%00%(upstream:remotename)%00%(upstream:remoteref) refs/heads/wip refs/remotes/wip [64ms]
2023-12-04 15:11:29.140 [info] > git rev-parse --show-toplevel [24ms]
2023-12-04 15:11:29.142 [info] > git status -z -uall [9ms]
2023-12-04 15:11:29.231 [info] > git config --get commit.template [63ms]
2023-12-04 15:11:29.305 [info] > git for-each-ref --format=%(refname)%00%(upstream:short)%00%(objectname)%00%(upstream:track)%00%(upstream:remotename)%00%(upstream:remoteref) refs/heads/wip refs/remotes/wip [19ms]
2023-12-04 15:11:29.337 [info] > git status -z -uall [11ms]
2023-12-04 15:11:29.510 [info] > git check-ignore -v -z --stdin [3ms]
2023-12-04 15:11:29.611 [info] > git show --textconv :quarto/distancestonormality.md [24ms]
2023-12-04 15:11:29.618 [info] > git ls-files --stage -- /home/meenaljhajharia/github/mjhajharia/diagnosing-hmc/quarto/distancestonormality.md [8ms]
2023-12-04 15:12:32.209 [info] > git show --textconv :quarto/variation in condition number [19ms]
2023-12-04 15:12:32.210 [info] > git ls-files --stage -- /home/meenaljhajharia/github/mjhajharia/diagnosing-hmc/quarto/variation in condition number [1ms]
2023-12-04 15:23:55.564 [info] > git check-ignore -v -z --stdin [2ms]
2023-12-04 15:23:56.811 [info] > git check-ignore -v -z --stdin [1ms]
2023-12-04 15:37:31.928 [info] > git config --get commit.template [2ms]
2023-12-04 15:37:31.947 [info] > git for-each-ref --format=%(refname)%00%(upstream:short)%00%(objectname)%00%(upstream:track)%00%(upstream:remotename)%00%(upstream:remoteref) refs/heads/wip refs/remotes/wip [2ms]
2023-12-04 15:37:31.970 [info] > git status -z -uall [2ms]
2023-12-04 15:48:42.771 [info] > git config --get commit.template [2ms]
2023-12-04 15:48:42.788 [info] > git for-each-ref --format=%(refname)%00%(upstream:short)%00%(objectname)%00%(upstream:track)%00%(upstream:remotename)%00%(upstream:remoteref) refs/heads/wip refs/remotes/wip [1ms]
2023-12-04 15:48:42.804 [info] > git status -z -uall [1ms]
2023-12-04 16:02:16.022 [info] > git config --get commit.template [18ms]
2023-12-04 16:02:16.023 [info] > git for-each-ref --format=%(refname)%00%(upstream:short)%00%(objectname)%00%(upstream:track)%00%(upstream:remotename)%00%(upstream:remoteref) refs/heads/wip refs/remotes/wip [1ms]
2023-12-04 16:02:16.042 [info] > git status -z -uall [2ms]
2023-12-04 16:02:21.485 [info] > git show --textconv :quarto/_quarto.yml [22ms]
2023-12-04 16:02:21.487 [info] > git ls-files --stage -- /home/meenaljhajharia/github/mjhajharia/diagnosing-hmc/quarto/_quarto.yml [3ms]
2023-12-04 16:02:21.511 [info] > git cat-file -s 2bf9572f283d93082bc4d62c7322228a58f80f52 [2ms]
2023-12-04 16:02:33.268 [info] > git config --get commit.template [1ms]
2023-12-04 16:02:33.286 [info] > git for-each-ref --format=%(refname)%00%(upstream:short)%00%(objectname)%00%(upstream:track)%00%(upstream:remotename)%00%(upstream:remoteref) refs/heads/wip refs/remotes/wip [1ms]
2023-12-04 16:02:33.306 [info] > git status -z -uall [1ms]
2023-12-04 16:02:40.925 [info] > git config --get commit.template [20ms]
2023-12-04 16:02:40.926 [info] > git for-each-ref --format=%(refname)%00%(upstream:short)%00%(objectname)%00%(upstream:track)%00%(upstream:remotename)%00%(upstream:remoteref) refs/heads/wip refs/remotes/wip [2ms]
2023-12-04 16:02:40.945 [info] > git status -z -uall [2ms]
2023-12-04 16:03:08.660 [info] > git config --get commit.template [20ms]
2023-12-04 16:03:08.661 [info] > git for-each-ref --format=%(refname)%00%(upstream:short)%00%(objectname)%00%(upstream:track)%00%(upstream:remotename)%00%(upstream:remoteref) refs/heads/wip refs/remotes/wip [2ms]
2023-12-04 16:03:08.680 [info] > git status -z -uall [2ms]
2023-12-04 16:03:34.111 [info] > git config --get commit.template [20ms]
2023-12-04 16:03:34.112 [info] > git for-each-ref --format=%(refname)%00%(upstream:short)%00%(objectname)%00%(upstream:track)%00%(upstream:remotename)%00%(upstream:remoteref) refs/heads/wip refs/remotes/wip [2ms]
2023-12-04 16:03:34.133 [info] > git status -z -uall [2ms]
2023-12-04 16:04:06.982 [info] > git config --get commit.template [19ms]
2023-12-04 16:04:06.983 [info] > git for-each-ref --format=%(refname)%00%(upstream:short)%00%(objectname)%00%(upstream:track)%00%(upstream:remotename)%00%(upstream:remoteref) refs/heads/wip refs/remotes/wip [1ms]
2023-12-04 16:04:07.003 [info] > git status -z -uall [3ms]
2023-12-04 16:04:12.047 [info] > git config --get commit.template [21ms]
2023-12-04 16:04:12.047 [info] > git for-each-ref --format=%(refname)%00%(upstream:short)%00%(objectname)%00%(upstream:track)%00%(upstream:remotename)%00%(upstream:remoteref) refs/heads/wip refs/remotes/wip [1ms]
2023-12-04 16:04:12.074 [info] > git status -z -uall [2ms]
2023-12-04 16:04:23.101 [info] > git check-ignore -v -z --stdin [1ms]
2023-12-04 16:04:23.660 [info] > git check-ignore -v -z --stdin [2ms]
2023-12-04 16:04:24.536 [info] > git check-ignore -v -z --stdin [2ms]
2023-12-04 16:04:25.346 [info] > git check-ignore -v -z --stdin [2ms]
2023-12-04 16:04:25.896 [info] > git check-ignore -v -z --stdin [2ms]
2023-12-04 16:04:27.077 [info] > git config --get commit.template [1ms]
2023-12-04 16:04:27.098 [info] > git for-each-ref --format=%(refname)%00%(upstream:short)%00%(objectname)%00%(upstream:track)%00%(upstream:remotename)%00%(upstream:remoteref) refs/heads/wip refs/remotes/wip [2ms]
2023-12-04 16:04:27.118 [info] > git status -z -uall [2ms]
2023-12-04 16:04:36.567 [info] > git check-ignore -v -z --stdin [1ms]
2023-12-04 16:04:39.566 [info] > git check-ignore -v -z --stdin [1ms]
2023-12-04 16:04:50.385 [info] > git for-each-ref --format=%(refname)%00%(upstream:short)%00%(objectname)%00%(upstream:track)%00%(upstream:remotename)%00%(upstream:remoteref) refs/heads/wip refs/remotes/wip [1ms]
2023-12-04 16:04:50.386 [info] > git config --get commit.template [24ms]
2023-12-04 16:04:50.421 [info] > git status -z -uall [12ms]
2023-12-04 16:04:55.464 [info] > git config --get commit.template [21ms]
2023-12-04 16:04:55.466 [info] > git for-each-ref --format=%(refname)%00%(upstream:short)%00%(objectname)%00%(upstream:track)%00%(upstream:remotename)%00%(upstream:remoteref) refs/heads/wip refs/remotes/wip [2ms]
2023-12-04 16:04:55.487 [info] > git status -z -uall [2ms]
2023-12-04 16:05:21.884 [info] > git config --get commit.template [23ms]
2023-12-04 16:05:21.885 [info] > git for-each-ref --format=%(refname)%00%(upstream:short)%00%(objectname)%00%(upstream:track)%00%(upstream:remotename)%00%(upstream:remoteref) refs/heads/wip refs/remotes/wip [1ms]
2023-12-04 16:05:21.906 [info] > git status -z -uall [2ms]
2023-12-04 16:05:26.931 [info] > git config --get commit.template [2ms]
2023-12-04 16:05:26.951 [info] > git for-each-ref --format=%(refname)%00%(upstream:short)%00%(objectname)%00%(upstream:track)%00%(upstream:remotename)%00%(upstream:remoteref) refs/heads/wip refs/remotes/wip [1ms]
2023-12-04 16:05:26.973 [info] > git status -z -uall [2ms]
2023-12-04 16:06:29.677 [info] > git show --textconv :quarto/theme.scss [22ms]
2023-12-04 16:06:29.682 [info] > git ls-files --stage -- /home/meenaljhajharia/github/mjhajharia/diagnosing-hmc/quarto/theme.scss [7ms]
2023-12-04 16:06:29.910 [info] > git check-ignore -v -z --stdin [2ms]
2023-12-04 16:06:30.475 [info] > git config --get commit.template [2ms]
2023-12-04 16:06:30.496 [info] > git for-each-ref --format=%(refname)%00%(upstream:short)%00%(objectname)%00%(upstream:track)%00%(upstream:remotename)%00%(upstream:remoteref) refs/heads/wip refs/remotes/wip [1ms]
2023-12-04 16:06:30.522 [info] > git status -z -uall [2ms]
2023-12-04 16:06:38.699 [info] > git config --get commit.template [21ms]
2023-12-04 16:06:38.699 [info] > git for-each-ref --format=%(refname)%00%(upstream:short)%00%(objectname)%00%(upstream:track)%00%(upstream:remotename)%00%(upstream:remoteref) refs/heads/wip refs/remotes/wip [2ms]
2023-12-04 16:06:38.721 [info] > git status -z -uall [2ms]
2023-12-04 16:06:50.244 [info] > git config --get commit.template [22ms]
2023-12-04 16:06:50.245 [info] > git for-each-ref --format=%(refname)%00%(upstream:short)%00%(objectname)%00%(upstream:track)%00%(upstream:remotename)%00%(upstream:remoteref) refs/heads/wip refs/remotes/wip [2ms]
2023-12-04 16:06:50.269 [info] > git status -z -uall [3ms]
2023-12-04 16:06:56.255 [info] > git config --get commit.template [2ms]
2023-12-04 16:06:56.276 [info] > git for-each-ref --format=%(refname)%00%(upstream:short)%00%(objectname)%00%(upstream:track)%00%(upstream:remotename)%00%(upstream:remoteref) refs/heads/wip refs/remotes/wip [1ms]
2023-12-04 16:06:56.298 [info] > git status -z -uall [2ms]
2023-12-04 16:07:01.321 [info] > git config --get commit.template [1ms]
2023-12-04 16:07:01.341 [info] > git for-each-ref --format=%(refname)%00%(upstream:short)%00%(objectname)%00%(upstream:track)%00%(upstream:remotename)%00%(upstream:remoteref) refs/heads/wip refs/remotes/wip [1ms]
2023-12-04 16:07:01.363 [info] > git status -z -uall [3ms]
2023-12-04 16:07:06.387 [info] > git config --get commit.template [1ms]
2023-12-04 16:07:06.408 [info] > git for-each-ref --format=%(refname)%00%(upstream:short)%00%(objectname)%00%(upstream:track)%00%(upstream:remotename)%00%(upstream:remoteref) refs/heads/wip refs/remotes/wip [1ms]
2023-12-04 16:07:06.430 [info] > git status -z -uall [3ms]
2023-12-04 16:07:11.481 [info] > git config --get commit.template [23ms]
2023-12-04 16:07:11.482 [info] > git for-each-ref --format=%(refname)%00%(upstream:short)%00%(objectname)%00%(upstream:track)%00%(upstream:remotename)%00%(upstream:remoteref) refs/heads/wip refs/remotes/wip [1ms]
2023-12-04 16:07:11.507 [info] > git status -z -uall [3ms]
2023-12-04 16:07:21.862 [info] > git config --get commit.template [2ms]
2023-12-04 16:07:21.885 [info] > git for-each-ref --format=%(refname)%00%(upstream:short)%00%(objectname)%00%(upstream:track)%00%(upstream:remotename)%00%(upstream:remoteref) refs/heads/wip refs/remotes/wip [1ms]
2023-12-04 16:07:21.908 [info] > git status -z -uall [3ms]
2023-12-04 16:07:36.887 [info] > git config --get commit.template [1ms]
2023-12-04 16:07:36.908 [info] > git for-each-ref --format=%(refname)%00%(upstream:short)%00%(objectname)%00%(upstream:track)%00%(upstream:remotename)%00%(upstream:remoteref) refs/heads/wip refs/remotes/wip [1ms]
2023-12-04 16:07:36.930 [info] > git status -z -uall [3ms]
2023-12-04 16:07:43.929 [info] > git config --get commit.template [2ms]
2023-12-04 16:07:43.951 [info] > git for-each-ref --format=%(refname)%00%(upstream:short)%00%(objectname)%00%(upstream:track)%00%(upstream:remotename)%00%(upstream:remoteref) refs/heads/wip refs/remotes/wip [1ms]
2023-12-04 16:07:43.973 [info] > git status -z -uall [3ms]
2023-12-04 16:07:49.020 [info] > git config --get commit.template [23ms]
2023-12-04 16:07:49.021 [info] > git for-each-ref --format=%(refname)%00%(upstream:short)%00%(objectname)%00%(upstream:track)%00%(upstream:remotename)%00%(upstream:remoteref) refs/heads/wip refs/remotes/wip [2ms]
2023-12-04 16:07:49.043 [info] > git status -z -uall [3ms]
2023-12-04 16:08:01.355 [info] > git check-ignore -v -z --stdin [2ms]
2023-12-04 16:08:02.203 [info] > git config --get commit.template [19ms]
2023-12-04 16:08:02.203 [info] > git for-each-ref --format=%(refname)%00%(upstream:short)%00%(objectname)%00%(upstream:track)%00%(upstream:remotename)%00%(upstream:remoteref) refs/heads/wip refs/remotes/wip [1ms]
2023-12-04 16:08:02.228 [info] > git status -z -uall [2ms]
2023-12-04 16:08:25.579 [info] > git check-ignore -v -z --stdin [1ms]
2023-12-04 16:08:54.140 [info] > git config --get commit.template [27ms]
2023-12-04 16:08:54.141 [info] > git for-each-ref --format=%(refname)%00%(upstream:short)%00%(objectname)%00%(upstream:track)%00%(upstream:remotename)%00%(upstream:remoteref) refs/heads/wip refs/remotes/wip [1ms]
2023-12-04 16:08:54.164 [info] > git status -z -uall [2ms]
2023-12-04 16:08:59.187 [info] > git config --get commit.template [1ms]
2023-12-04 16:08:59.208 [info] > git for-each-ref --format=%(refname)%00%(upstream:short)%00%(objectname)%00%(upstream:track)%00%(upstream:remotename)%00%(upstream:remoteref) refs/heads/wip refs/remotes/wip [1ms]
2023-12-04 16:08:59.230 [info] > git status -z -uall [2ms]
2023-12-04 16:09:04.276 [info] > git config --get commit.template [22ms]
2023-12-04 16:09:04.277 [info] > git for-each-ref --format=%(refname)%00%(upstream:short)%00%(objectname)%00%(upstream:track)%00%(upstream:remotename)%00%(upstream:remoteref) refs/heads/wip refs/remotes/wip [2ms]
2023-12-04 16:09:04.304 [info] > git status -z -uall [4ms]
2023-12-04 16:09:35.673 [info] > git config --get commit.template [23ms]
2023-12-04 16:09:35.673 [info] > git for-each-ref --format=%(refname)%00%(upstream:short)%00%(objectname)%00%(upstream:track)%00%(upstream:remotename)%00%(upstream:remoteref) refs/heads/wip refs/remotes/wip [1ms]
2023-12-04 16:09:35.695 [info] > git status -z -uall [2ms]
2023-12-04 16:09:40.722 [info] > git config --get commit.template [1ms]
2023-12-04 16:09:40.744 [info] > git for-each-ref --format=%(refname)%00%(upstream:short)%00%(objectname)%00%(upstream:track)%00%(upstream:remotename)%00%(upstream:remoteref) refs/heads/wip refs/remotes/wip [2ms]
2023-12-04 16:09:40.767 [info] > git status -z -uall [2ms]
2023-12-04 16:10:50.987 [info] > git config --get commit.template [22ms]
2023-12-04 16:10:50.988 [info] > git for-each-ref --format=%(refname)%00%(upstream:short)%00%(objectname)%00%(upstream:track)%00%(upstream:remotename)%00%(upstream:remoteref) refs/heads/wip refs/remotes/wip [1ms]
2023-12-04 16:10:51.010 [info] > git status -z -uall [2ms]
2023-12-04 16:10:56.061 [info] > git config --get commit.template [24ms]
2023-12-04 16:10:56.061 [info] > git for-each-ref --format=%(refname)%00%(upstream:short)%00%(objectname)%00%(upstream:track)%00%(upstream:remotename)%00%(upstream:remoteref) refs/heads/wip refs/remotes/wip [1ms]
2023-12-04 16:10:56.087 [info] > git status -z -uall [2ms]
2023-12-04 16:11:12.838 [info] > git config --get commit.template [2ms]
2023-12-04 16:11:12.861 [info] > git for-each-ref --format=%(refname)%00%(upstream:short)%00%(objectname)%00%(upstream:track)%00%(upstream:remotename)%00%(upstream:remoteref) refs/heads/wip refs/remotes/wip [1ms]
2023-12-04 16:11:12.885 [info] > git status -z -uall [2ms]
2023-12-04 16:11:17.911 [info] > git config --get commit.template [2ms]
2023-12-04 16:11:17.933 [info] > git for-each-ref --format=%(refname)%00%(upstream:short)%00%(objectname)%00%(upstream:track)%00%(upstream:remotename)%00%(upstream:remoteref) refs/heads/wip refs/remotes/wip [2ms]
2023-12-04 16:11:17.955 [info] > git status -z -uall [2ms]
2023-12-04 16:11:27.801 [info] > git config --get commit.template [25ms]
2023-12-04 16:11:27.803 [info] > git for-each-ref --format=%(refname)%00%(upstream:short)%00%(objectname)%00%(upstream:track)%00%(upstream:remotename)%00%(upstream:remoteref) refs/heads/wip refs/remotes/wip [3ms]
2023-12-04 16:11:27.826 [info] > git status -z -uall [3ms]
2023-12-04 16:11:33.319 [info] > git config --get commit.template [23ms]
2023-12-04 16:11:33.319 [info] > git for-each-ref --format=%(refname)%00%(upstream:short)%00%(objectname)%00%(upstream:track)%00%(upstream:remotename)%00%(upstream:remoteref) refs/heads/wip refs/remotes/wip [1ms]
2023-12-04 16:11:33.342 [info] > git status -z -uall [2ms]
2023-12-04 16:11:41.763 [info] > git config --get commit.template [29ms]
2023-12-04 16:11:41.763 [info] > git for-each-ref --format=%(refname)%00%(upstream:short)%00%(objectname)%00%(upstream:track)%00%(upstream:remotename)%00%(upstream:remoteref) refs/heads/wip refs/remotes/wip [1ms]
2023-12-04 16:11:41.794 [info] > git status -z -uall [3ms]
2023-12-04 16:11:53.217 [info] > git config --get commit.template [24ms]
2023-12-04 16:11:53.218 [info] > git for-each-ref --format=%(refname)%00%(upstream:short)%00%(objectname)%00%(upstream:track)%00%(upstream:remotename)%00%(upstream:remoteref) refs/heads/wip refs/remotes/wip [2ms]
2023-12-04 16:11:53.242 [info] > git status -z -uall [2ms]
2023-12-04 16:11:58.567 [info] > git config --get commit.template [2ms]
2023-12-04 16:11:58.588 [info] > git for-each-ref --format=%(refname)%00%(upstream:short)%00%(objectname)%00%(upstream:track)%00%(upstream:remotename)%00%(upstream:remoteref) refs/heads/wip refs/remotes/wip [1ms]
2023-12-04 16:11:58.610 [info] > git status -z -uall [2ms]
2023-12-04 16:12:05.376 [info] > git config --get commit.template [1ms]
2023-12-04 16:12:05.399 [info] > git for-each-ref --format=%(refname)%00%(upstream:short)%00%(objectname)%00%(upstream:track)%00%(upstream:remotename)%00%(upstream:remoteref) refs/heads/wip refs/remotes/wip [2ms]
2023-12-04 16:12:05.426 [info] > git status -z -uall [3ms]
2023-12-04 16:13:15.335 [info] > git config --get commit.template [1ms]
2023-12-04 16:13:15.366 [info] > git for-each-ref --format=%(refname)%00%(upstream:short)%00%(objectname)%00%(upstream:track)%00%(upstream:remotename)%00%(upstream:remoteref) refs/heads/wip refs/remotes/wip [1ms]
2023-12-04 16:13:15.394 [info] > git status -z -uall [2ms]
2023-12-04 16:13:20.419 [info] > git config --get commit.template [1ms]
2023-12-04 16:13:20.440 [info] > git for-each-ref --format=%(refname)%00%(upstream:short)%00%(objectname)%00%(upstream:track)%00%(upstream:remotename)%00%(upstream:remoteref) refs/heads/wip refs/remotes/wip [1ms]
2023-12-04 16:13:20.461 [info] > git status -z -uall [2ms]
2023-12-04 16:13:23.302 [info] > git show --textconv :quarto/whitening.md [27ms]
2023-12-04 16:13:23.304 [info] > git ls-files --stage -- /home/meenaljhajharia/github/mjhajharia/diagnosing-hmc/quarto/whitening.md [3ms]
2023-12-04 16:13:24.825 [info] > git show --textconv :quarto/references.md [24ms]
2023-12-04 16:13:24.827 [info] > git ls-files --stage -- /home/meenaljhajharia/github/mjhajharia/diagnosing-hmc/quarto/references.md [2ms]
2023-12-04 16:13:26.286 [info] > git show --textconv :quarto/pathfinder-models.qmd [25ms]
2023-12-04 16:13:26.287 [info] > git ls-files --stage -- /home/meenaljhajharia/github/mjhajharia/diagnosing-hmc/quarto/pathfinder-models.qmd [2ms]
2023-12-04 16:13:26.309 [info] > git cat-file -s 3cf34764ddfe85556301e48ae8ef0150c0cc97a8 [1ms]
2023-12-04 16:13:27.487 [info] > git show --textconv :quarto/utils.jl [30ms]
2023-12-04 16:13:27.489 [info] > git ls-files --stage -- /home/meenaljhajharia/github/mjhajharia/diagnosing-hmc/quarto/utils.jl [2ms]
2023-12-04 16:13:27.516 [info] > git cat-file -s c65724d00d5c40d5dd90bb45fd2c0386b9ca3db1 [2ms]
2023-12-04 16:14:43.939 [info] > git show --textconv :quarto/pathfinder-models.qmd [22ms]
2023-12-04 16:14:43.939 [info] > git ls-files --stage -- /home/meenaljhajharia/github/mjhajharia/diagnosing-hmc/quarto/pathfinder-models.qmd [2ms]
2023-12-04 16:14:43.964 [info] > git cat-file -s 3cf34764ddfe85556301e48ae8ef0150c0cc97a8 [3ms]
2023-12-04 16:17:10.575 [info] > git check-ignore -v -z --stdin [1ms]
2023-12-04 20:04:24.561 [info] > git config --get commit.template [32ms]
2023-12-04 20:04:24.562 [info] > git for-each-ref --format=%(refname)%00%(upstream:short)%00%(objectname)%00%(upstream:track)%00%(upstream:remotename)%00%(upstream:remoteref) refs/heads/wip refs/remotes/wip [2ms]
2023-12-04 20:04:24.584 [info] > git status -z -uall [2ms]
2023-12-04 20:04:26.826 [info] > git show --textconv :quarto/utils.jl [24ms]
2023-12-04 20:04:26.827 [info] > git ls-files --stage -- /home/meenaljhajharia/github/mjhajharia/diagnosing-hmc/quarto/utils.jl [2ms]
2023-12-04 20:04:26.853 [info] > git cat-file -s c65724d00d5c40d5dd90bb45fd2c0386b9ca3db1 [1ms]
2023-12-04 20:04:29.611 [info] > git config --get commit.template [1ms]
2023-12-04 20:04:29.631 [info] > git for-each-ref --format=%(refname)%00%(upstream:short)%00%(objectname)%00%(upstream:track)%00%(upstream:remotename)%00%(upstream:remoteref) refs/heads/wip refs/remotes/wip [1ms]
2023-12-04 20:04:29.652 [info] > git status -z -uall [2ms]
2023-12-04 20:12:25.549 [info] > git config --get commit.template [27ms]
2023-12-04 20:12:25.549 [info] > git for-each-ref --format=%(refname)%00%(upstream:short)%00%(objectname)%00%(upstream:track)%00%(upstream:remotename)%00%(upstream:remoteref) refs/heads/wip refs/remotes/wip [1ms]
2023-12-04 20:12:25.575 [info] > git status -z -uall [3ms]
2023-12-04 20:13:26.373 [info] > git config --get commit.template [24ms]
2023-12-04 20:13:26.374 [info] > git for-each-ref --format=%(refname)%00%(upstream:short)%00%(objectname)%00%(upstream:track)%00%(upstream:remotename)%00%(upstream:remoteref) refs/heads/wip refs/remotes/wip [1ms]
2023-12-04 20:13:26.404 [info] > git status -z -uall [3ms]
2023-12-04 20:13:32.863 [info] > git show --textconv :quarto/pathfinder-models.qmd [21ms]
2023-12-04 20:13:32.864 [info] > git ls-files --stage -- /home/meenaljhajharia/github/mjhajharia/diagnosing-hmc/quarto/pathfinder-models.qmd [2ms]
2023-12-04 20:13:32.889 [info] > git cat-file -s 3cf34764ddfe85556301e48ae8ef0150c0cc97a8 [1ms]
2023-12-04 20:13:48.792 [info] > git show --textconv :quarto/utils.jl [23ms]
2023-12-04 20:13:48.793 [info] > git ls-files --stage -- /home/meenaljhajharia/github/mjhajharia/diagnosing-hmc/quarto/utils.jl [2ms]
2023-12-04 20:13:48.816 [info] > git cat-file -s c65724d00d5c40d5dd90bb45fd2c0386b9ca3db1 [2ms]
2023-12-04 20:18:52.351 [info] > git config --get commit.template [23ms]
2023-12-04 20:18:52.351 [info] > git for-each-ref --format=%(refname)%00%(upstream:short)%00%(objectname)%00%(upstream:track)%00%(upstream:remotename)%00%(upstream:remoteref) refs/heads/wip refs/remotes/wip [1ms]
2023-12-04 20:18:52.374 [info] > git status -z -uall [2ms]
2023-12-04 20:19:22.595 [info] > git check-ignore -v -z --stdin [1ms]
2023-12-04 20:19:29.566 [info] > git check-ignore -v -z --stdin [1ms]
2023-12-04 22:01:45.584 [info] > git check-ignore -v -z --stdin [1ms]
2023-12-04 22:24:31.651 [info] > git config --get commit.template [26ms]
2023-12-04 22:24:31.651 [info] > git for-each-ref --format=%(refname)%00%(upstream:short)%00%(objectname)%00%(upstream:track)%00%(upstream:remotename)%00%(upstream:remoteref) refs/heads/wip refs/remotes/wip [1ms]
2023-12-04 22:24:31.675 [info] > git status -z -uall [2ms]
2023-12-04 22:24:36.720 [info] > git for-each-ref --format=%(refname)%00%(upstream:short)%00%(objectname)%00%(upstream:track)%00%(upstream:remotename)%00%(upstream:remoteref) refs/heads/wip refs/remotes/wip [2ms]
2023-12-04 22:24:36.720 [info] > git config --get commit.template [21ms]
2023-12-04 22:24:36.741 [info] > git status -z -uall [2ms]
2023-12-04 23:24:06.578 [info] > git config --get commit.template [23ms]
2023-12-04 23:24:06.578 [info] > git for-each-ref --format=%(refname)%00%(upstream:short)%00%(objectname)%00%(upstream:track)%00%(upstream:remotename)%00%(upstream:remoteref) refs/heads/wip refs/remotes/wip [1ms]
2023-12-04 23:24:06.600 [info] > git status -z -uall [1ms]
2023-12-05 01:04:12.143 [info] > git config --get commit.template [2ms]
2023-12-05 01:04:12.178 [info] > git for-each-ref --format=%(refname)%00%(upstream:short)%00%(objectname)%00%(upstream:track)%00%(upstream:remotename)%00%(upstream:remoteref) refs/heads/wip refs/remotes/wip [2ms]
2023-12-05 01:04:12.209 [info] > git status -z -uall [3ms]
2023-12-05 01:07:14.587 [info] > git check-ignore -v -z --stdin [1ms]
2023-12-05 01:07:34.563 [info] > git check-ignore -v -z --stdin [1ms]
2023-12-05 01:24:18.192 [info] > git config --get commit.template [3ms]
2023-12-05 01:24:18.228 [info] > git for-each-ref --format=%(refname)%00%(upstream:short)%00%(objectname)%00%(upstream:track)%00%(upstream:remotename)%00%(upstream:remoteref) refs/heads/wip refs/remotes/wip [1ms]
2023-12-05 01:24:18.268 [info] > git status -z -uall [3ms]
2023-12-05 01:25:28.059 [info] > git config --get commit.template [32ms]
2023-12-05 01:25:28.060 [info] > git for-each-ref --format=%(refname)%00%(upstream:short)%00%(objectname)%00%(upstream:track)%00%(upstream:remotename)%00%(upstream:remoteref) refs/heads/wip refs/remotes/wip [2ms]
2023-12-05 01:25:28.089 [info] > git status -z -uall [2ms]
2023-12-05 01:25:36.151 [info] > git config --get commit.template [3ms]
2023-12-05 01:25:36.207 [info] > git for-each-ref --format=%(refname)%00%(upstream:short)%00%(objectname)%00%(upstream:track)%00%(upstream:remotename)%00%(upstream:remoteref) refs/heads/wip refs/remotes/wip [2ms]
2023-12-05 01:25:36.248 [info] > git status -z -uall [4ms]
2023-12-05 01:32:02.340 [info] > git config --get commit.template [33ms]
2023-12-05 01:32:02.341 [info] > git for-each-ref --format=%(refname)%00%(upstream:short)%00%(objectname)%00%(upstream:track)%00%(upstream:remotename)%00%(upstream:remoteref) refs/heads/wip refs/remotes/wip [2ms]
2023-12-05 01:32:02.368 [info] > git status -z -uall [2ms]
2023-12-05 01:32:21.092 [info] > git show --textconv :quarto/eightschools-whitening.qmd [27ms]
2023-12-05 01:32:21.094 [info] > git ls-files --stage -- /home/meenaljhajharia/github/mjhajharia/diagnosing-hmc/quarto/eightschools-whitening.qmd [3ms]
2023-12-05 01:32:21.127 [info] > git cat-file -s f15af6097121d6cef614deb90f9fcba7afabe140 [2ms]
2023-12-05 01:32:25.018 [info] > git show --textconv :quarto/data_funnel.json [31ms]
2023-12-05 01:32:25.018 [info] > git ls-files --stage -- /home/meenaljhajharia/github/mjhajharia/diagnosing-hmc/quarto/data_funnel.json [2ms]
2023-12-05 01:32:25.046 [info] > git cat-file -s 04fa3da555e8e6f8be8e32d73fa18f13c7aeb39e [1ms]
2023-12-05 01:32:33.400 [info] > git show --textconv :quarto/data.json [28ms]
2023-12-05 01:32:33.401 [info] > git ls-files --stage -- /home/meenaljhajharia/github/mjhajharia/diagnosing-hmc/quarto/data.json [2ms]
2023-12-05 01:52:54.511 [info] > git config --get commit.template [3ms]
2023-12-05 01:52:54.552 [info] > git for-each-ref --format=%(refname)%00%(upstream:short)%00%(objectname)%00%(upstream:track)%00%(upstream:remotename)%00%(upstream:remoteref) refs/heads/wip refs/remotes/wip [1ms]
2023-12-05 01:52:54.584 [info] > git status -z -uall [3ms]
2023-12-05 02:39:31.553 [info] > git config --get commit.template [2ms]
2023-12-05 02:39:31.597 [info] > git for-each-ref --format=%(refname)%00%(upstream:short)%00%(objectname)%00%(upstream:track)%00%(upstream:remotename)%00%(upstream:remoteref) refs/heads/wip refs/remotes/wip [5ms]
2023-12-05 02:39:31.635 [info] > git status -z -uall [5ms]
2023-12-05 02:39:56.380 [info] > git config --get commit.template [30ms]
2023-12-05 02:39:56.380 [info] > git for-each-ref --format=%(refname)%00%(upstream:short)%00%(objectname)%00%(upstream:track)%00%(upstream:remotename)%00%(upstream:remoteref) refs/heads/wip refs/remotes/wip [1ms]
2023-12-05 02:39:56.412 [info] > git status -z -uall [2ms]
2023-12-05 02:41:42.266 [info] > git config --get commit.template [37ms]
2023-12-05 02:41:42.267 [info] > git for-each-ref --format=%(refname)%00%(upstream:short)%00%(objectname)%00%(upstream:track)%00%(upstream:remotename)%00%(upstream:remoteref) refs/heads/wip refs/remotes/wip [2ms]
2023-12-05 02:41:42.304 [info] > git status -z -uall [4ms]
2023-12-05 02:46:13.300 [info] > git config --get commit.template [1ms]
2023-12-05 02:46:13.334 [info] > git for-each-ref --format=%(refname)%00%(upstream:short)%00%(objectname)%00%(upstream:track)%00%(upstream:remotename)%00%(upstream:remoteref) refs/heads/wip refs/remotes/wip [2ms]
2023-12-05 02:46:13.366 [info] > git status -z -uall [2ms]
2023-12-05 02:47:37.430 [info] > git config --get commit.template [29ms]
2023-12-05 02:47:37.430 [info] > git for-each-ref --format=%(refname)%00%(upstream:short)%00%(objectname)%00%(upstream:track)%00%(upstream:remotename)%00%(upstream:remoteref) refs/heads/wip refs/remotes/wip [1ms]
2023-12-05 02:47:37.458 [info] > git status -z -uall [2ms]
2023-12-05 02:47:42.485 [info] > git config --get commit.template [1ms]
2023-12-05 02:47:42.508 [info] > git for-each-ref --format=%(refname)%00%(upstream:short)%00%(objectname)%00%(upstream:track)%00%(upstream:remotename)%00%(upstream:remoteref) refs/heads/wip refs/remotes/wip [1ms]
2023-12-05 02:47:42.533 [info] > git status -z -uall [2ms]
2023-12-05 02:47:48.523 [info] > git show --textconv :quarto/data.json [28ms]
2023-12-05 02:47:48.524 [info] > git ls-files --stage -- /home/meenaljhajharia/github/mjhajharia/diagnosing-hmc/quarto/data.json [1ms]
2023-12-05 02:47:50.787 [info] > git config --get commit.template [2ms]
2023-12-05 02:47:50.811 [info] > git for-each-ref --format=%(refname)%00%(upstream:short)%00%(objectname)%00%(upstream:track)%00%(upstream:remotename)%00%(upstream:remoteref) refs/heads/wip refs/remotes/wip [1ms]
2023-12-05 02:47:50.838 [info] > git status -z -uall [2ms]
2023-12-05 02:47:51.893 [info] > git show --textconv :quarto/theme.scss [23ms]
2023-12-05 02:47:51.894 [info] > git ls-files --stage -- /home/meenaljhajharia/github/mjhajharia/diagnosing-hmc/quarto/theme.scss [2ms]
2023-12-05 02:48:14.531 [info] > git config --get commit.template [23ms]
2023-12-05 02:48:14.531 [info] > git for-each-ref --format=%(refname)%00%(upstream:short)%00%(objectname)%00%(upstream:track)%00%(upstream:remotename)%00%(upstream:remoteref) refs/heads/wip refs/remotes/wip [1ms]
2023-12-05 02:48:14.560 [info] > git status -z -uall [2ms]
2023-12-05 02:48:28.912 [info] > git config --get commit.template [31ms]
2023-12-05 02:48:28.912 [info] > git for-each-ref --format=%(refname)%00%(upstream:short)%00%(objectname)%00%(upstream:track)%00%(upstream:remotename)%00%(upstream:remoteref) refs/heads/wip refs/remotes/wip [1ms]
2023-12-05 02:48:28.942 [info] > git status -z -uall [2ms]
2023-12-05 02:48:33.059 [info] > git check-ignore -v -z --stdin [1ms]
2023-12-05 02:48:43.555 [info] > git config --get commit.template [27ms]
2023-12-05 02:48:43.555 [info] > git for-each-ref --format=%(refname)%00%(upstream:short)%00%(objectname)%00%(upstream:track)%00%(upstream:remotename)%00%(upstream:remoteref) refs/heads/wip refs/remotes/wip [1ms]
2023-12-05 02:48:43.586 [info] > git status -z -uall [2ms]
2023-12-05 02:49:29.408 [info] > git config --get commit.template [2ms]
2023-12-05 02:49:29.444 [info] > git for-each-ref --format=%(refname)%00%(upstream:short)%00%(objectname)%00%(upstream:track)%00%(upstream:remotename)%00%(upstream:remoteref) refs/heads/wip refs/remotes/wip [2ms]
2023-12-05 02:49:29.475 [info] > git status -z -uall [3ms]
2023-12-05 02:50:06.288 [info] > git config --get commit.template [2ms]
2023-12-05 02:50:06.312 [info] > git for-each-ref --format=%(refname)%00%(upstream:short)%00%(objectname)%00%(upstream:track)%00%(upstream:remotename)%00%(upstream:remoteref) refs/heads/wip refs/remotes/wip [1ms]
2023-12-05 02:50:06.340 [info] > git status -z -uall [3ms]
