2023-12-05 03:12:01.946 [info] Reading sessions from keychain...
2023-12-05 03:12:01.946 [info] Getting sessions for all scopes...
2023-12-05 03:12:01.946 [info] Getting sessions for user:email...
2023-12-05 03:12:01.946 [info] Got stored sessions!
2023-12-05 03:12:01.946 [info] Got 1 verified sessions.
2023-12-05 03:12:01.946 [info] Got 1 sessions for ...
2023-12-05 03:12:01.946 [info] Got 1 sessions for user:email...
2023-12-05 03:12:02.002 [info] Getting sessions for all scopes...
2023-12-05 03:12:02.002 [info] Got 1 sessions for ...
2023-12-05 03:12:02.071 [info] Getting sessions for all scopes...
2023-12-05 03:12:02.071 [info] Got 1 sessions for ...
2023-12-05 03:12:03.565 [info] Getting sessions for read:user...
2023-12-05 03:12:03.565 [info] Got 0 sessions for read:user...
2023-12-05 03:12:03.567 [info] Getting sessions for user:email...
2023-12-05 03:12:03.568 [info] Got 1 sessions for user:email...
2023-12-05 03:12:07.149 [info] Getting user info...
2023-12-05 03:12:07.684 [info] Got account info!
2023-12-05 03:37:06.836 [info] Getting sessions for read:user...
2023-12-05 03:37:06.836 [info] Got 0 sessions for read:user...
2023-12-05 03:37:06.837 [info] Getting sessions for user:email...
2023-12-05 03:37:06.837 [info] Got 1 sessions for user:email...
2023-12-05 04:02:07.407 [info] Getting sessions for read:user...
2023-12-05 04:02:07.407 [info] Got 0 sessions for read:user...
2023-12-05 04:02:07.408 [info] Getting sessions for user:email...
2023-12-05 04:02:07.409 [info] Got 1 sessions for user:email...
