2023-04-13 05:23:56 Loading main app package /tmp/.mount_ObsidiuzCq2X/resources/obsidian.asar
2023-04-13 05:23:57 Checking for update using Github
2023-04-13 05:23:57 Success.
2023-04-13 05:23:57 Latest version is 1.1.16
2023-04-13 05:23:57 App is up to date.
2023-04-13 05:24:21 Loading main app package /tmp/.mount_ObsidiPZemMn/resources/obsidian.asar
2023-04-13 05:24:21 Checking for update using Github
2023-04-13 05:24:21 Success.
2023-04-13 05:24:21 Latest version is 1.1.16
2023-04-13 05:24:21 App is up to date.
2023-04-13 05:25:16 Loading main app package /tmp/.mount_ObsidieHWC5j/resources/obsidian.asar
2023-04-13 05:25:16 Checking for update using Github
2023-04-13 05:25:16 Success.
2023-04-13 05:25:16 Latest version is 1.1.16
2023-04-13 05:25:16 App is up to date.
2023-04-13 05:28:09 Loading main app package /tmp/.mount_ObsidiFMrYIT/resources/obsidian.asar
2023-04-13 05:28:10 Checking for update using Github
2023-04-13 05:28:10 Success.
2023-04-13 05:28:10 Latest version is 1.1.16
2023-04-13 05:28:10 App is up to date.
2023-07-14 01:14:01 Loading main app package /tmp/.mount_ObsidiY4Arag/resources/obsidian.asar
2023-07-14 01:14:02 Checking for update using Github
2023-07-14 01:14:02 Success.
2023-07-14 01:14:02 Latest version is 1.3.5
2023-07-14 01:14:02 Downloading update from https://github.com/obsidianmd/obsidian-releases/releases/download/v1.3.5/obsidian-1.3.5.asar.gz
2023-07-14 01:14:07 Verifying hash & signature. Size= 7610287
2023-07-14 01:14:07 Saving file
2023-07-14 01:14:07 Update complete.
2023-07-14 01:18:54 Loading updated app package /home/meenaljhajharia/.config/obsidian/obsidian-1.3.5.asar
2023-07-14 01:18:55 Checking for update using Github
2023-07-14 01:18:55 Success.
2023-07-14 01:18:55 Latest version is 1.3.5
2023-07-14 01:18:55 App is up to date.
2023-07-14 02:18:54 Checking for update using Github
2023-07-14 02:18:55 Success.
2023-07-14 02:18:55 Latest version is 1.3.5
2023-07-14 02:18:55 App is up to date.
2023-07-14 03:18:54 Checking for update using Github
2023-07-14 03:18:55 Success.
2023-07-14 03:18:55 Latest version is 1.3.5
2023-07-14 03:18:55 App is up to date.
2023-07-16 09:56:15 Loading updated app package /home/meenaljhajharia/.config/obsidian/obsidian-1.3.5.asar
2023-07-16 09:56:16 Checking for update using Github
2023-07-16 09:56:16 Success.
2023-07-16 09:56:16 Latest version is 1.3.5
2023-07-16 09:56:16 App is up to date.
2023-07-16 10:56:15 Checking for update using Github
2023-07-16 10:56:16 Success.
2023-07-16 10:56:16 Latest version is 1.3.5
2023-07-16 10:56:16 App is up to date.
2023-07-16 11:56:15 Checking for update using Github
2023-07-16 11:56:16 Success.
2023-07-16 11:56:16 Latest version is 1.3.5
2023-07-16 11:56:16 App is up to date.
2023-07-16 12:56:16 Checking for update using Github
2023-07-16 12:56:16 Success.
2023-07-16 12:56:16 Latest version is 1.3.5
2023-07-16 12:56:16 App is up to date.
2023-07-16 13:56:16 Checking for update using Github
2023-07-16 13:56:16 Success.
2023-07-16 13:56:16 Latest version is 1.3.5
2023-07-16 13:56:16 App is up to date.
2023-07-17 03:16:39 Loading updated app package /home/meenaljhajharia/.config/obsidian/obsidian-1.3.5.asar
2023-07-17 03:16:39 Checking for update using Github
2023-07-17 03:16:40 Success.
2023-07-17 03:16:40 Latest version is 1.3.5
2023-07-17 03:16:40 App is up to date.
2023-07-17 04:16:39 Checking for update using Github
2023-07-17 04:16:39 Success.
2023-07-17 04:16:39 Latest version is 1.3.5
2023-07-17 04:16:39 App is up to date.
2023-07-17 05:16:39 Checking for update using Github
2023-07-17 05:16:39 Success.
2023-07-17 05:16:39 Latest version is 1.3.5
2023-07-17 05:16:39 App is up to date.
2023-07-17 06:16:39 Checking for update using Github
2023-07-17 06:16:39 Success.
2023-07-17 06:16:39 Latest version is 1.3.5
2023-07-17 06:16:39 App is up to date.
2023-07-17 07:16:39 Checking for update using Github
2023-07-17 07:16:39 Success.
2023-07-17 07:16:39 Latest version is 1.3.5
2023-07-17 07:16:39 App is up to date.
2023-07-17 08:16:39 Checking for update using Github
2023-07-17 08:16:39 Success.
2023-07-17 08:16:39 Latest version is 1.3.5
2023-07-17 08:16:39 App is up to date.
2023-07-17 13:19:18 Loading updated app package /home/meenaljhajharia/.config/obsidian/obsidian-1.3.5.asar
2023-07-17 13:19:18 Checking for update using Github
2023-07-17 13:19:19 Success.
2023-07-17 13:19:19 Latest version is 1.3.5
2023-07-17 13:19:19 App is up to date.
2023-07-17 14:19:18 Checking for update using Github
2023-07-17 14:19:18 Success.
2023-07-17 14:19:18 Latest version is 1.3.5
2023-07-17 14:19:18 App is up to date.
2023-07-27 04:46:50 Loading updated app package /home/meenaljhajharia/.config/obsidian/obsidian-1.3.5.asar
2023-07-27 04:46:50 Checking for update using Github
2023-07-27 04:46:50 Success.
2023-07-27 04:46:50 Latest version is 1.3.5
2023-07-27 04:46:50 App is up to date.
2023-07-27 05:02:55 Loading updated app package /home/meenaljhajharia/.config/obsidian/obsidian-1.3.5.asar
2023-07-27 05:02:55 Checking for update using Github
2023-07-27 05:02:56 Success.
2023-07-27 05:02:56 Latest version is 1.3.5
2023-07-27 05:02:56 App is up to date.
2023-07-27 06:02:55 Checking for update using Github
2023-07-27 06:02:55 Success.
2023-07-27 06:02:55 Latest version is 1.3.5
2023-07-27 06:02:55 App is up to date.
2023-07-27 07:02:55 Checking for update using Github
2023-07-27 07:02:56 Success.
2023-07-27 07:02:56 Latest version is 1.3.5
2023-07-27 07:02:56 App is up to date.
2023-07-27 08:02:55 Checking for update using Github
2023-07-27 08:02:56 Success.
2023-07-27 08:02:56 Latest version is 1.3.5
2023-07-27 08:02:56 App is up to date.
2023-07-27 09:02:55 Checking for update using Github
2023-07-27 09:02:56 Success.
2023-07-27 09:02:56 Latest version is 1.3.5
2023-07-27 09:02:56 App is up to date.
2023-07-27 10:02:56 Checking for update using Github
2023-07-27 10:02:56 Success.
2023-07-27 10:02:56 Latest version is 1.3.5
2023-07-27 10:02:56 App is up to date.
2023-07-27 11:02:56 Checking for update using Github
2023-07-27 11:02:56 Success.
2023-07-27 11:02:56 Latest version is 1.3.5
2023-07-27 11:02:56 App is up to date.
2023-07-27 12:02:56 Checking for update using Github
2023-07-27 12:02:56 Success.
2023-07-27 12:02:56 Latest version is 1.3.5
2023-07-27 12:02:56 App is up to date.
2023-07-27 13:02:56 Checking for update using Github
2023-07-27 13:02:56 Success.
2023-07-27 13:02:56 Latest version is 1.3.5
2023-07-27 13:02:56 App is up to date.
2023-07-27 14:02:56 Checking for update using Github
2023-07-27 14:02:56 Success.
2023-07-27 14:02:56 Latest version is 1.3.5
2023-07-27 14:02:56 App is up to date.
2023-07-27 15:02:56 Checking for update using Github
2023-07-27 15:02:56 Success.
2023-07-27 15:02:56 Latest version is 1.3.5
2023-07-27 15:02:56 App is up to date.
2023-07-27 16:02:56 Checking for update using Github
2023-07-27 16:02:56 Success.
2023-07-27 16:02:56 Latest version is 1.3.5
2023-07-27 16:02:56 App is up to date.
2023-07-27 17:02:56 Checking for update using Github
2023-07-27 17:02:56 Success.
2023-07-27 17:02:56 Latest version is 1.3.5
2023-07-27 17:02:56 App is up to date.
2023-07-27 18:02:56 Checking for update using Github
2023-07-27 18:02:56 Success.
2023-07-27 18:02:56 Latest version is 1.3.5
2023-07-27 18:02:56 App is up to date.
2023-07-27 19:02:56 Checking for update using Github
2023-07-27 19:02:57 Success.
2023-07-27 19:02:57 Latest version is 1.3.5
2023-07-27 19:02:57 App is up to date.
2023-07-27 20:02:56 Checking for update using Github
2023-07-27 20:02:57 Success.
2023-07-27 20:02:57 Latest version is 1.3.5
2023-07-27 20:02:57 App is up to date.
2023-07-27 21:02:56 Checking for update using Github
2023-07-27 21:02:57 Success.
2023-07-27 21:02:57 Latest version is 1.3.5
2023-07-27 21:02:57 App is up to date.
2023-07-27 22:02:56 Checking for update using Github
2023-07-27 22:02:57 Success.
2023-07-27 22:02:57 Latest version is 1.3.5
2023-07-27 22:02:57 App is up to date.
2023-07-27 23:02:56 Checking for update using Github
2023-07-27 23:02:57 Success.
2023-07-27 23:02:57 Latest version is 1.3.5
2023-07-27 23:02:57 App is up to date.
2023-07-28 00:02:57 Checking for update using Github
2023-07-28 00:02:57 Success.
2023-07-28 00:02:57 Latest version is 1.3.5
2023-07-28 00:02:57 App is up to date.
2023-07-28 01:02:57 Checking for update using Github
2023-07-28 01:03:07 Success.
2023-07-28 01:03:07 Latest version is 1.3.5
2023-07-28 01:03:07 App is up to date.
2023-07-28 02:02:57 Checking for update using Github
2023-07-28 02:02:57 Success.
2023-07-28 02:02:57 Latest version is 1.3.5
2023-07-28 02:02:57 App is up to date.
2023-07-28 03:02:57 Checking for update using Github
2023-07-28 03:02:57 Success.
2023-07-28 03:02:57 Latest version is 1.3.5
2023-07-28 03:02:57 App is up to date.
2023-07-28 04:02:57 Checking for update using Github
2023-07-28 04:02:57 Success.
2023-07-28 04:02:57 Latest version is 1.3.5
2023-07-28 04:02:57 App is up to date.
2023-07-28 05:02:57 Checking for update using Github
2023-07-28 05:02:57 Success.
2023-07-28 05:02:57 Latest version is 1.3.5
2023-07-28 05:02:57 App is up to date.
2023-07-28 06:02:57 Checking for update using Github
2023-07-28 06:02:57 Success.
2023-07-28 06:02:57 Latest version is 1.3.5
2023-07-28 06:02:57 App is up to date.
2023-07-28 07:02:57 Checking for update using Github
2023-07-28 07:02:57 Success.
2023-07-28 07:02:57 Latest version is 1.3.5
2023-07-28 07:02:57 App is up to date.
2023-07-28 08:02:57 Checking for update using Github
2023-07-28 08:02:57 Success.
2023-07-28 08:02:57 Latest version is 1.3.5
2023-07-28 08:02:57 App is up to date.
2023-07-28 09:02:57 Checking for update using Github
2023-07-28 09:02:58 Success.
2023-07-28 09:02:58 Latest version is 1.3.5
2023-07-28 09:02:58 App is up to date.
2023-07-28 10:02:57 Checking for update using Github
2023-07-28 10:02:58 Success.
2023-07-28 10:02:58 Latest version is 1.3.5
2023-07-28 10:02:58 App is up to date.
2023-07-28 11:02:57 Checking for update using Github
2023-07-28 11:02:58 Success.
2023-07-28 11:02:58 Latest version is 1.3.5
2023-07-28 11:02:58 App is up to date.
2023-07-28 12:02:57 Checking for update using Github
2023-07-28 12:02:58 Success.
2023-07-28 12:02:58 Latest version is 1.3.5
2023-07-28 12:02:58 App is up to date.
2023-07-28 13:02:58 Checking for update using Github
2023-07-28 13:02:58 Success.
2023-07-28 13:02:58 Latest version is 1.3.5
2023-07-28 13:02:58 App is up to date.
2023-07-28 14:02:58 Checking for update using Github
2023-07-28 14:02:58 Success.
2023-07-28 14:02:58 Latest version is 1.3.5
2023-07-28 14:02:58 App is up to date.
2023-07-28 15:02:58 Checking for update using Github
2023-07-28 15:02:58 Success.
2023-07-28 15:02:58 Latest version is 1.3.5
2023-07-28 15:02:58 App is up to date.
2023-07-28 16:02:58 Checking for update using Github
2023-07-28 16:02:58 Success.
2023-07-28 16:02:58 Latest version is 1.3.5
2023-07-28 16:02:58 App is up to date.
2023-07-28 17:02:58 Checking for update using Github
2023-07-28 17:02:58 Success.
2023-07-28 17:02:58 Latest version is 1.3.5
2023-07-28 17:02:58 App is up to date.
2023-07-28 18:02:58 Checking for update using Github
2023-07-28 18:02:58 Success.
2023-07-28 18:02:58 Latest version is 1.3.5
2023-07-28 18:02:58 App is up to date.
2023-07-28 19:02:58 Checking for update using Github
2023-07-28 19:02:58 Success.
2023-07-28 19:02:58 Latest version is 1.3.5
2023-07-28 19:02:58 App is up to date.
2023-07-28 20:02:58 Checking for update using Github
2023-07-28 20:02:58 Success.
2023-07-28 20:02:58 Latest version is 1.3.5
2023-07-28 20:02:58 App is up to date.
2023-07-28 21:02:58 Checking for update using Github
2023-07-28 21:02:58 Success.
2023-07-28 21:02:58 Latest version is 1.3.5
2023-07-28 21:02:58 App is up to date.
2023-07-28 22:02:58 Checking for update using Github
2023-07-28 22:02:59 Success.
2023-07-28 22:02:59 Latest version is 1.3.5
2023-07-28 22:02:59 App is up to date.
2023-07-28 23:02:58 Checking for update using Github
2023-07-28 23:02:59 Success.
2023-07-28 23:02:59 Latest version is 1.3.5
2023-07-28 23:02:59 App is up to date.
2023-07-29 00:02:58 Checking for update using Github
2023-07-29 00:02:59 Success.
2023-07-29 00:02:59 Latest version is 1.3.5
2023-07-29 00:02:59 App is up to date.
2023-07-29 01:02:58 Checking for update using Github
2023-07-29 01:02:59 Success.
2023-07-29 01:02:59 Latest version is 1.3.5
2023-07-29 01:02:59 App is up to date.
2023-07-29 02:02:58 Checking for update using Github
2023-07-29 02:02:59 Success.
2023-07-29 02:02:59 Latest version is 1.3.5
2023-07-29 02:02:59 App is up to date.
2023-07-29 03:02:59 Checking for update using Github
2023-07-29 03:02:59 Success.
2023-07-29 03:02:59 Latest version is 1.3.5
2023-07-29 03:02:59 App is up to date.
2023-07-29 04:02:59 Checking for update using Github
2023-07-29 04:02:59 Success.
2023-07-29 04:02:59 Latest version is 1.3.5
2023-07-29 04:02:59 App is up to date.
2023-07-29 05:02:59 Checking for update using Github
2023-07-29 05:02:59 Success.
2023-07-29 05:02:59 Latest version is 1.3.5
2023-07-29 05:02:59 App is up to date.
2023-07-29 06:02:59 Checking for update using Github
2023-07-29 06:02:59 Success.
2023-07-29 06:02:59 Latest version is 1.3.5
2023-07-29 06:02:59 App is up to date.
2023-07-29 07:02:59 Checking for update using Github
2023-07-29 07:02:59 Success.
2023-07-29 07:02:59 Latest version is 1.3.5
2023-07-29 07:02:59 App is up to date.
2023-07-29 08:02:59 Checking for update using Github
2023-07-29 08:02:59 Success.
2023-07-29 08:02:59 Latest version is 1.3.5
2023-07-29 08:02:59 App is up to date.
2023-07-29 09:02:59 Checking for update using Github
2023-07-29 09:02:59 Success.
2023-07-29 09:02:59 Latest version is 1.3.5
2023-07-29 09:02:59 App is up to date.
2023-07-29 10:02:59 Checking for update using Github
2023-07-29 10:02:59 Success.
2023-07-29 10:02:59 Latest version is 1.3.5
2023-07-29 10:02:59 App is up to date.
2023-07-29 11:02:59 Checking for update using Github
2023-07-29 11:03:00 Success.
2023-07-29 11:03:00 Latest version is 1.3.5
2023-07-29 11:03:00 App is up to date.
2023-07-29 12:02:59 Checking for update using Github
2023-07-29 12:03:00 Success.
2023-07-29 12:03:00 Latest version is 1.3.5
2023-07-29 12:03:00 App is up to date.
2023-07-29 13:02:59 Checking for update using Github
2023-07-29 13:03:00 Success.
2023-07-29 13:03:00 Latest version is 1.3.5
2023-07-29 13:03:00 App is up to date.
2023-07-29 14:02:59 Checking for update using Github
2023-07-29 14:03:00 Success.
2023-07-29 14:03:00 Latest version is 1.3.5
2023-07-29 14:03:00 App is up to date.
2023-07-29 15:02:59 Checking for update using Github
2023-07-29 15:03:00 Success.
2023-07-29 15:03:00 Latest version is 1.3.5
2023-07-29 15:03:00 App is up to date.
2023-07-31 05:34:02 Loading updated app package /home/meenaljhajharia/.config/obsidian/obsidian-1.3.5.asar
2023-07-31 05:34:03 Checking for update using Github
2023-07-31 05:34:03 Success.
2023-07-31 05:34:03 Latest version is 1.3.5
2023-07-31 05:34:03 App is up to date.
2023-07-31 06:34:02 Checking for update using Github
2023-07-31 06:34:03 Success.
2023-07-31 06:34:03 Latest version is 1.3.5
2023-07-31 06:34:03 App is up to date.
2023-07-31 07:34:02 Checking for update using Github
2023-07-31 07:34:03 Success.
2023-07-31 07:34:03 Latest version is 1.3.5
2023-07-31 07:34:03 App is up to date.
2023-07-31 08:34:02 Checking for update using Github
2023-07-31 08:34:03 Success.
2023-07-31 08:34:03 Latest version is 1.3.5
2023-07-31 08:34:03 App is up to date.
2023-07-31 09:34:02 Checking for update using Github
2023-07-31 09:34:03 Success.
2023-07-31 09:34:03 Latest version is 1.3.5
2023-07-31 09:34:03 App is up to date.
2023-07-31 10:34:02 Checking for update using Github
2023-07-31 10:34:03 Success.
2023-07-31 10:34:03 Latest version is 1.3.5
2023-07-31 10:34:03 App is up to date.
2023-07-31 11:34:02 Checking for update using Github
2023-07-31 11:34:03 Success.
2023-07-31 11:34:03 Latest version is 1.3.5
2023-07-31 11:34:03 App is up to date.
2023-07-31 12:34:03 Checking for update using Github
2023-07-31 12:34:03 Success.
2023-07-31 12:34:03 Latest version is 1.3.5
2023-07-31 12:34:03 App is up to date.
2023-07-31 13:34:03 Checking for update using Github
2023-07-31 13:34:03 Success.
2023-07-31 13:34:03 Latest version is 1.3.5
2023-07-31 13:34:03 App is up to date.
2023-07-31 14:34:03 Checking for update using Github
2023-07-31 14:34:03 Success.
2023-07-31 14:34:03 Latest version is 1.3.5
2023-07-31 14:34:03 App is up to date.
2023-07-31 15:34:03 Checking for update using Github
2023-07-31 15:34:03 Success.
2023-07-31 15:34:03 Latest version is 1.3.5
2023-07-31 15:34:03 App is up to date.
2023-07-31 16:34:03 Checking for update using Github
2023-07-31 16:34:03 Success.
2023-07-31 16:34:03 Latest version is 1.3.5
2023-07-31 16:34:03 App is up to date.
2023-07-31 17:34:03 Checking for update using Github
2023-07-31 17:34:03 Success.
2023-07-31 17:34:03 Latest version is 1.3.7
2023-07-31 17:34:03 Downloading update from https://github.com/obsidianmd/obsidian-releases/releases/download/v1.3.7/obsidian-1.3.7.asar.gz
2023-07-31 17:34:07 Verifying hash & signature. Size= 7540911
2023-07-31 17:34:07 Saving file
2023-07-31 17:34:08 Update complete.
2023-07-31 18:34:03 Checking for update using Github
2023-07-31 18:34:03 Success.
2023-07-31 18:34:03 Latest version is 1.3.7
2023-07-31 18:34:03 An update is already downloaded.
2023-07-31 19:34:03 Checking for update using Github
2023-07-31 19:34:03 Success.
2023-07-31 19:34:03 Latest version is 1.3.7
2023-07-31 19:34:03 An update is already downloaded.
2023-07-31 20:34:03 Checking for update using Github
2023-07-31 20:34:04 Success.
2023-07-31 20:34:04 Latest version is 1.3.7
2023-07-31 20:34:04 An update is already downloaded.
2023-07-31 21:34:03 Checking for update using Github
2023-07-31 21:34:04 Success.
2023-07-31 21:34:04 Latest version is 1.3.7
2023-07-31 21:34:04 An update is already downloaded.
2023-07-31 22:34:03 Checking for update using Github
2023-07-31 22:34:04 Success.
2023-07-31 22:34:04 Latest version is 1.3.7
2023-07-31 22:34:04 An update is already downloaded.
2023-07-31 23:34:03 Checking for update using Github
2023-07-31 23:34:04 Success.
2023-07-31 23:34:04 Latest version is 1.3.7
2023-07-31 23:34:04 An update is already downloaded.
2023-08-01 00:34:03 Checking for update using Github
2023-08-01 00:34:04 Success.
2023-08-01 00:34:04 Latest version is 1.3.7
2023-08-01 00:34:04 An update is already downloaded.
2023-08-01 01:34:03 Checking for update using Github
2023-08-01 01:34:04 Success.
2023-08-01 01:34:04 Latest version is 1.3.7
2023-08-01 01:34:04 An update is already downloaded.
2023-08-01 02:34:04 Checking for update using Github
2023-08-01 02:34:04 Success.
2023-08-01 02:34:04 Latest version is 1.3.7
2023-08-01 02:34:04 An update is already downloaded.
2023-08-01 03:34:04 Checking for update using Github
2023-08-01 03:34:04 Success.
2023-08-01 03:34:04 Latest version is 1.3.7
2023-08-01 03:34:04 An update is already downloaded.
2023-08-01 04:34:04 Checking for update using Github
2023-08-01 04:34:04 Success.
2023-08-01 04:34:04 Latest version is 1.3.7
2023-08-01 04:34:04 An update is already downloaded.
2023-08-01 05:34:04 Checking for update using Github
2023-08-01 05:34:04 Success.
2023-08-01 05:34:04 Latest version is 1.3.7
2023-08-01 05:34:04 An update is already downloaded.
2023-08-01 06:34:04 Checking for update using Github
2023-08-01 06:34:04 Success.
2023-08-01 06:34:04 Latest version is 1.3.7
2023-08-01 06:34:04 An update is already downloaded.
2023-08-01 07:34:04 Checking for update using Github
2023-08-01 07:34:04 Success.
2023-08-01 07:34:04 Latest version is 1.3.7
2023-08-01 07:34:04 An update is already downloaded.
2023-08-01 08:34:04 Checking for update using Github
2023-08-01 08:34:04 Success.
2023-08-01 08:34:04 Latest version is 1.3.7
2023-08-01 08:34:04 An update is already downloaded.
2023-08-01 09:34:04 Checking for update using Github
2023-08-01 09:34:04 Success.
2023-08-01 09:34:04 Latest version is 1.3.7
2023-08-01 09:34:04 An update is already downloaded.
2023-08-01 10:34:04 Checking for update using Github
2023-08-01 10:34:04 Success.
2023-08-01 10:34:04 Latest version is 1.3.7
2023-08-01 10:34:04 An update is already downloaded.
2023-08-01 11:34:04 Checking for update using Github
2023-08-01 11:34:04 Success.
2023-08-01 11:34:04 Latest version is 1.3.7
2023-08-01 11:34:04 An update is already downloaded.
2023-08-01 12:34:04 Checking for update using Github
2023-08-01 12:34:04 Success.
2023-08-01 12:34:04 Latest version is 1.3.7
2023-08-01 12:34:04 An update is already downloaded.
2023-08-01 13:34:04 Checking for update using Github
2023-08-01 13:34:04 Success.
2023-08-01 13:34:04 Latest version is 1.3.7
2023-08-01 13:34:04 An update is already downloaded.
2023-08-01 14:34:04 Checking for update using Github
2023-08-01 14:34:05 Success.
2023-08-01 14:34:05 Latest version is 1.3.7
2023-08-01 14:34:05 An update is already downloaded.
2023-08-01 15:34:04 Checking for update using Github
2023-08-01 15:34:05 Success.
2023-08-01 15:34:05 Latest version is 1.3.7
2023-08-01 15:34:05 An update is already downloaded.
2023-08-01 16:34:04 Checking for update using Github
2023-08-01 16:34:05 Success.
2023-08-01 16:34:05 Latest version is 1.3.7
2023-08-01 16:34:05 An update is already downloaded.
2023-08-01 17:34:04 Checking for update using Github
2023-08-01 17:34:04 Success.
2023-08-01 17:34:04 Latest version is 1.3.7
2023-08-01 17:34:04 An update is already downloaded.
2023-08-01 18:34:05 Checking for update using Github
2023-08-01 18:34:05 Success.
2023-08-01 18:34:05 Latest version is 1.3.7
2023-08-01 18:34:05 An update is already downloaded.
2023-08-01 19:34:05 Checking for update using Github
2023-08-01 19:34:05 Success.
2023-08-01 19:34:05 Latest version is 1.3.7
2023-08-01 19:34:05 An update is already downloaded.
2023-08-01 20:34:05 Checking for update using Github
2023-08-01 20:34:05 Success.
2023-08-01 20:34:05 Latest version is 1.3.7
2023-08-01 20:34:05 An update is already downloaded.
2023-08-01 21:34:05 Checking for update using Github
2023-08-01 21:34:05 Success.
2023-08-01 21:34:05 Latest version is 1.3.7
2023-08-01 21:34:05 An update is already downloaded.
2023-08-01 22:34:05 Checking for update using Github
2023-08-01 22:34:05 Success.
2023-08-01 22:34:05 Latest version is 1.3.7
2023-08-01 22:34:05 An update is already downloaded.
2023-08-01 23:34:05 Checking for update using Github
2023-08-01 23:34:05 Success.
2023-08-01 23:34:05 Latest version is 1.3.7
2023-08-01 23:34:05 An update is already downloaded.
2023-08-02 12:59:47 Loading updated app package /home/meenaljhajharia/.config/obsidian/obsidian-1.3.7.asar
2023-08-02 12:59:48 Checking for update using Github
2023-08-02 12:59:48 Success.
2023-08-02 12:59:48 Latest version is 1.3.7
2023-08-02 12:59:48 App is up to date.
2023-08-02 13:59:48 Checking for update using Github
2023-08-02 13:59:48 Success.
2023-08-02 13:59:48 Latest version is 1.3.7
2023-08-02 13:59:48 App is up to date.
2023-08-06 21:16:16 Loading updated app package /home/meenaljhajharia/.config/obsidian/obsidian-1.3.7.asar
2023-08-06 21:16:17 Checking for update using Github
2023-08-06 21:16:17 Success.
2023-08-06 21:16:17 Latest version is 1.3.7
2023-08-06 21:16:17 App is up to date.
2023-08-06 21:37:03 Loading updated app package /home/meenaljhajharia/.config/obsidian/obsidian-1.3.7.asar
2023-08-06 21:37:03 Checking for update using Github
2023-08-06 21:37:04 Success.
2023-08-06 21:37:04 Latest version is 1.3.7
2023-08-06 21:37:04 App is up to date.
2023-08-06 22:37:03 Checking for update using Github
2023-08-06 22:37:03 Success.
2023-08-06 22:37:03 Latest version is 1.3.7
2023-08-06 22:37:03 App is up to date.
2023-08-06 23:37:03 Checking for update using Github
2023-08-06 23:37:03 Success.
2023-08-06 23:37:03 Latest version is 1.3.7
2023-08-06 23:37:03 App is up to date.
2023-08-07 00:37:03 Checking for update using Github
2023-08-07 00:37:03 Success.
2023-08-07 00:37:03 Latest version is 1.3.7
2023-08-07 00:37:03 App is up to date.
2023-08-07 01:37:03 Checking for update using Github
2023-08-07 01:37:03 Success.
2023-08-07 01:37:03 Latest version is 1.3.7
2023-08-07 01:37:03 App is up to date.
2023-10-08 07:00:26 Loading main app package /tmp/.mount_Obsidi7z71P6/resources/obsidian.asar
2023-10-08 07:00:27 Checking for update using Github
2023-10-08 07:00:27 Success.
2023-10-08 07:00:27 Latest version is 1.4.14
2023-10-08 07:00:27 App is up to date.
2023-10-08 07:00:59 Loading main app package /tmp/.mount_ObsidiN6wf30/resources/obsidian.asar
2023-10-08 07:00:59 Checking for update using Github
2023-10-08 07:00:59 Success.
2023-10-08 07:00:59 Latest version is 1.4.14
2023-10-08 07:00:59 App is up to date.
2023-10-08 07:01:05 Loading main app package /tmp/.mount_ObsidiFUTork/resources/obsidian.asar
2023-10-08 07:01:05 Checking for update using Github
2023-10-08 07:01:06 Success.
2023-10-08 07:01:06 Latest version is 1.4.14
2023-10-08 07:01:06 App is up to date.
2023-10-08 08:01:05 Checking for update using Github
2023-10-08 08:01:05 Success.
2023-10-08 08:01:05 Latest version is 1.4.14
2023-10-08 08:01:05 App is up to date.
2023-10-08 09:01:05 Checking for update using Github
2023-10-08 09:01:05 Success.
2023-10-08 09:01:05 Latest version is 1.4.14
2023-10-08 09:01:05 App is up to date.
2023-10-08 10:01:05 Checking for update using Github
2023-10-08 10:01:05 Success.
2023-10-08 10:01:05 Latest version is 1.4.14
2023-10-08 10:01:05 App is up to date.
2023-10-08 11:01:05 Checking for update using Github
2023-10-08 11:01:05 Success.
2023-10-08 11:01:05 Latest version is 1.4.14
2023-10-08 11:01:05 App is up to date.
2023-10-08 12:01:05 Checking for update using Github
2023-10-08 12:01:06 Success.
2023-10-08 12:01:06 Latest version is 1.4.14
2023-10-08 12:01:06 App is up to date.
2023-10-08 13:01:06 Checking for update using Github
2023-10-08 13:01:06 Success.
2023-10-08 13:01:06 Latest version is 1.4.14
2023-10-08 13:01:06 App is up to date.
2023-10-08 14:01:06 Checking for update using Github
2023-10-08 14:01:06 Success.
2023-10-08 14:01:06 Latest version is 1.4.14
2023-10-08 14:01:06 App is up to date.
2023-10-08 15:01:06 Checking for update using Github
2023-10-08 15:01:06 Success.
2023-10-08 15:01:06 Latest version is 1.4.14
2023-10-08 15:01:06 App is up to date.
2023-10-08 16:01:06 Checking for update using Github
2023-10-08 16:01:06 Success.
2023-10-08 16:01:06 Latest version is 1.4.14
2023-10-08 16:01:06 App is up to date.
2023-10-08 17:01:06 Checking for update using Github
2023-10-08 17:01:06 Success.
2023-10-08 17:01:06 Latest version is 1.4.14
2023-10-08 17:01:06 App is up to date.
2023-10-08 18:01:06 Checking for update using Github
2023-10-08 18:01:06 Success.
2023-10-08 18:01:06 Latest version is 1.4.14
2023-10-08 18:01:06 App is up to date.
2023-10-08 19:01:06 Checking for update using Github
2023-10-08 19:01:06 Success.
2023-10-08 19:01:06 Latest version is 1.4.14
2023-10-08 19:01:06 App is up to date.
2023-10-08 20:01:06 Checking for update using Github
2023-10-08 20:01:06 Success.
2023-10-08 20:01:06 Latest version is 1.4.14
2023-10-08 20:01:06 App is up to date.
2023-10-08 21:01:06 Checking for update using Github
2023-10-08 21:01:06 Success.
2023-10-08 21:01:06 Latest version is 1.4.14
2023-10-08 21:01:06 App is up to date.
2023-10-08 22:01:06 Checking for update using Github
2023-10-08 22:01:06 Success.
2023-10-08 22:01:06 Latest version is 1.4.14
2023-10-08 22:01:06 App is up to date.
2023-10-08 23:01:06 Checking for update using Github
2023-10-08 23:01:06 Success.
2023-10-08 23:01:06 Latest version is 1.4.14
2023-10-08 23:01:06 App is up to date.
2023-10-09 00:01:06 Checking for update using Github
2023-10-09 00:01:07 Success.
2023-10-09 00:01:07 Latest version is 1.4.14
2023-10-09 00:01:07 App is up to date.
2023-10-09 01:01:07 Checking for update using Github
2023-10-09 01:01:07 Success.
2023-10-09 01:01:07 Latest version is 1.4.14
2023-10-09 01:01:07 App is up to date.
2023-10-09 02:01:07 Checking for update using Github
2023-10-09 02:01:07 Success.
2023-10-09 02:01:07 Latest version is 1.4.14
2023-10-09 02:01:07 App is up to date.
2023-10-09 03:01:07 Checking for update using Github
2023-10-09 03:01:07 Success.
2023-10-09 03:01:07 Latest version is 1.4.14
2023-10-09 03:01:07 App is up to date.
2023-10-09 04:01:07 Checking for update using Github
2023-10-09 04:01:07 Success.
2023-10-09 04:01:07 Latest version is 1.4.14
2023-10-09 04:01:07 App is up to date.
2023-10-09 05:01:07 Checking for update using Github
2023-10-09 05:01:07 Success.
2023-10-09 05:01:07 Latest version is 1.4.14
2023-10-09 05:01:07 App is up to date.
2023-10-09 06:01:07 Checking for update using Github
2023-10-09 06:01:07 Success.
2023-10-09 06:01:07 Latest version is 1.4.14
2023-10-09 06:01:07 App is up to date.
2023-10-09 07:01:07 Checking for update using Github
2023-10-09 07:01:07 Success.
2023-10-09 07:01:07 Latest version is 1.4.14
2023-10-09 07:01:07 App is up to date.
2023-10-09 08:01:07 Checking for update using Github
2023-10-09 08:01:07 Success.
2023-10-09 08:01:07 Latest version is 1.4.14
2023-10-09 08:01:07 App is up to date.
2023-10-09 09:01:07 Checking for update using Github
2023-10-09 09:01:07 Success.
2023-10-09 09:01:07 Latest version is 1.4.14
2023-10-09 09:01:07 App is up to date.
2023-10-09 10:01:07 Checking for update using Github
2023-10-09 10:01:07 Success.
2023-10-09 10:01:07 Latest version is 1.4.14
2023-10-09 10:01:07 App is up to date.
2023-10-09 11:01:07 Checking for update using Github
2023-10-09 11:01:07 Success.
2023-10-09 11:01:07 Latest version is 1.4.14
2023-10-09 11:01:07 App is up to date.
2023-10-09 12:01:07 Checking for update using Github
2023-10-09 12:01:08 Success.
2023-10-09 12:01:08 Latest version is 1.4.14
2023-10-09 12:01:08 App is up to date.
2023-10-09 13:01:07 Checking for update using Github
2023-10-09 13:01:08 Success.
2023-10-09 13:01:08 Latest version is 1.4.14
2023-10-09 13:01:08 App is up to date.
2023-10-09 14:01:08 Checking for update using Github
2023-10-09 14:01:08 Success.
2023-10-09 14:01:08 Latest version is 1.4.14
2023-10-09 14:01:08 App is up to date.
2023-10-09 15:01:08 Checking for update using Github
2023-10-09 15:01:08 Success.
2023-10-09 15:01:08 Latest version is 1.4.14
2023-10-09 15:01:08 App is up to date.
2023-10-09 16:01:08 Checking for update using Github
2023-10-09 16:01:08 Success.
2023-10-09 16:01:08 Latest version is 1.4.14
2023-10-09 16:01:08 App is up to date.
2023-10-09 17:01:08 Checking for update using Github
2023-10-09 17:01:08 Success.
2023-10-09 17:01:08 Latest version is 1.4.14
2023-10-09 17:01:08 App is up to date.
2023-10-09 18:01:08 Checking for update using Github
2023-10-09 18:01:08 Success.
2023-10-09 18:01:08 Latest version is 1.4.14
2023-10-09 18:01:08 App is up to date.
2023-10-09 19:01:08 Checking for update using Github
2023-10-09 19:01:08 Success.
2023-10-09 19:01:08 Latest version is 1.4.14
2023-10-09 19:01:08 App is up to date.
2023-10-09 20:01:08 Checking for update using Github
2023-10-09 20:01:08 Success.
2023-10-09 20:01:08 Latest version is 1.4.14
2023-10-09 20:01:08 App is up to date.
2023-10-09 21:01:08 Checking for update using Github
2023-10-09 21:01:08 Success.
2023-10-09 21:01:08 Latest version is 1.4.14
2023-10-09 21:01:08 App is up to date.
2023-10-09 22:01:08 Checking for update using Github
2023-10-09 22:01:09 Success.
2023-10-09 22:01:09 Latest version is 1.4.14
2023-10-09 22:01:09 App is up to date.
2023-10-09 23:01:08 Checking for update using Github
2023-10-09 23:01:08 Success.
2023-10-09 23:01:08 Latest version is 1.4.14
2023-10-09 23:01:08 App is up to date.
2023-10-10 00:01:08 Checking for update using Github
2023-10-10 00:01:08 Success.
2023-10-10 00:01:08 Latest version is 1.4.14
2023-10-10 00:01:08 App is up to date.
2023-10-10 01:01:08 Checking for update using Github
2023-10-10 01:01:08 Success.
2023-10-10 01:01:08 Latest version is 1.4.14
2023-10-10 01:01:08 App is up to date.
2023-10-10 02:01:08 Checking for update using Github
2023-10-10 02:01:08 Success.
2023-10-10 02:01:08 Latest version is 1.4.14
2023-10-10 02:01:08 App is up to date.
2023-10-10 03:01:08 Checking for update using Github
2023-10-10 03:01:09 Success.
2023-10-10 03:01:09 Latest version is 1.4.14
2023-10-10 03:01:09 App is up to date.
2023-10-10 04:01:08 Checking for update using Github
2023-10-10 04:01:09 Success.
2023-10-10 04:01:09 Latest version is 1.4.14
2023-10-10 04:01:09 App is up to date.
2023-10-10 05:01:08 Checking for update using Github
2023-10-10 05:01:09 Success.
2023-10-10 05:01:09 Latest version is 1.4.14
2023-10-10 05:01:09 App is up to date.
2023-10-10 06:01:08 Checking for update using Github
2023-10-10 06:01:09 Success.
2023-10-10 06:01:09 Latest version is 1.4.14
2023-10-10 06:01:09 App is up to date.
2023-10-10 07:01:09 Checking for update using Github
2023-10-10 07:01:09 Success.
2023-10-10 07:01:09 Latest version is 1.4.14
2023-10-10 07:01:09 App is up to date.
2023-10-10 08:01:09 Checking for update using Github
2023-10-10 08:01:09 Success.
2023-10-10 08:01:09 Latest version is 1.4.14
2023-10-10 08:01:09 App is up to date.
2023-10-10 09:01:09 Checking for update using Github
2023-10-10 09:01:09 Success.
2023-10-10 09:01:09 Latest version is 1.4.14
2023-10-10 09:01:09 App is up to date.
2023-10-10 10:01:09 Checking for update using Github
2023-10-10 10:01:09 Success.
2023-10-10 10:01:09 Latest version is 1.4.14
2023-10-10 10:01:09 App is up to date.
2023-10-10 11:01:09 Checking for update using Github
2023-10-10 11:01:10 Success.
2023-10-10 11:01:10 Latest version is 1.4.14
2023-10-10 11:01:10 App is up to date.
2023-10-10 12:01:09 Checking for update using Github
2023-10-10 12:01:09 Success.
2023-10-10 12:01:09 Latest version is 1.4.14
2023-10-10 12:01:09 App is up to date.
2023-10-10 13:01:09 Checking for update using Github
2023-10-10 13:01:09 Success.
2023-10-10 13:01:09 Latest version is 1.4.14
2023-10-10 13:01:09 App is up to date.
2023-10-10 14:01:09 Checking for update using Github
2023-10-10 14:01:09 Success.
2023-10-10 14:01:09 Latest version is 1.4.14
2023-10-10 14:01:09 App is up to date.
2023-10-10 15:01:09 Checking for update using Github
2023-10-10 15:01:09 Success.
2023-10-10 15:01:09 Latest version is 1.4.14
2023-10-10 15:01:09 App is up to date.
2023-10-10 16:01:09 Checking for update using Github
2023-10-10 16:01:09 Success.
2023-10-10 16:01:09 Latest version is 1.4.14
2023-10-10 16:01:09 App is up to date.
2023-10-10 17:01:09 Checking for update using Github
2023-10-10 17:01:09 Success.
2023-10-10 17:01:09 Latest version is 1.4.14
2023-10-10 17:01:09 App is up to date.
2023-10-10 18:01:09 Checking for update using Github
2023-10-10 18:01:10 Success.
2023-10-10 18:01:10 Latest version is 1.4.14
2023-10-10 18:01:10 App is up to date.
2023-10-10 19:01:10 Checking for update using Github
2023-10-10 19:01:10 Success.
2023-10-10 19:01:10 Latest version is 1.4.14
2023-10-10 19:01:10 App is up to date.
2023-10-10 20:01:10 Checking for update using Github
2023-10-10 20:01:10 Success.
2023-10-10 20:01:10 Latest version is 1.4.14
2023-10-10 20:01:10 App is up to date.
2023-10-10 21:01:10 Checking for update using Github
2023-10-10 21:01:10 Success.
2023-10-10 21:01:10 Latest version is 1.4.14
2023-10-10 21:01:10 App is up to date.
2023-10-10 22:01:10 Checking for update using Github
2023-10-10 22:01:10 Success.
2023-10-10 22:01:10 Latest version is 1.4.14
2023-10-10 22:01:10 App is up to date.
2023-10-10 23:01:10 Checking for update using Github
2023-10-10 23:01:10 Success.
2023-10-10 23:01:10 Latest version is 1.4.14
2023-10-10 23:01:10 App is up to date.
2023-10-11 00:01:10 Checking for update using Github
2023-10-11 00:01:10 Success.
2023-10-11 00:01:10 Latest version is 1.4.14
2023-10-11 00:01:10 App is up to date.
2023-10-11 01:01:10 Checking for update using Github
2023-10-11 01:01:10 Success.
2023-10-11 01:01:10 Latest version is 1.4.14
2023-10-11 01:01:10 App is up to date.
2023-10-11 02:01:10 Checking for update using Github
2023-10-11 02:01:10 Success.
2023-10-11 02:01:10 Latest version is 1.4.14
2023-10-11 02:01:10 App is up to date.
2023-10-11 03:01:10 Checking for update using Github
2023-10-11 03:01:10 Success.
2023-10-11 03:01:10 Latest version is 1.4.14
2023-10-11 03:01:10 App is up to date.
2023-10-11 04:01:10 Checking for update using Github
2023-10-11 04:01:10 Success.
2023-10-11 04:01:10 Latest version is 1.4.14
2023-10-11 04:01:10 App is up to date.
2023-10-11 05:01:10 Checking for update using Github
2023-10-11 05:01:10 Success.
2023-10-11 05:01:10 Latest version is 1.4.14
2023-10-11 05:01:10 App is up to date.
2023-10-11 06:01:10 Checking for update using Github
2023-10-11 06:01:10 Success.
2023-10-11 06:01:10 Latest version is 1.4.14
2023-10-11 06:01:10 App is up to date.
2023-10-11 07:01:10 Checking for update using Github
2023-10-11 07:01:10 Success.
2023-10-11 07:01:10 Latest version is 1.4.14
2023-10-11 07:01:10 App is up to date.
2023-10-11 08:01:10 Checking for update using Github
2023-10-11 08:01:11 Success.
2023-10-11 08:01:11 Latest version is 1.4.14
2023-10-11 08:01:11 App is up to date.
2023-10-11 09:01:10 Checking for update using Github
2023-10-11 09:01:11 Success.
2023-10-11 09:01:11 Latest version is 1.4.14
2023-10-11 09:01:11 App is up to date.
2023-10-11 10:01:11 Checking for update using Github
2023-10-11 10:01:11 Success.
2023-10-11 10:01:11 Latest version is 1.4.14
2023-10-11 10:01:11 App is up to date.
2023-10-11 11:01:11 Checking for update using Github
2023-10-11 11:01:11 Success.
2023-10-11 11:01:11 Latest version is 1.4.14
2023-10-11 11:01:11 App is up to date.
2023-10-11 12:01:11 Checking for update using Github
2023-10-11 12:01:11 Success.
2023-10-11 12:01:11 Latest version is 1.4.14
2023-10-11 12:01:11 App is up to date.
2023-10-11 13:01:11 Checking for update using Github
2023-10-11 13:01:11 Success.
2023-10-11 13:01:11 Latest version is 1.4.14
2023-10-11 13:01:11 App is up to date.
2023-10-11 14:01:11 Checking for update using Github
2023-10-11 14:01:11 Success.
2023-10-11 14:01:11 Latest version is 1.4.14
2023-10-11 14:01:11 App is up to date.
2023-10-11 15:01:11 Checking for update using Github
2023-10-11 15:01:11 Success.
2023-10-11 15:01:11 Latest version is 1.4.14
2023-10-11 15:01:11 App is up to date.
2023-10-11 16:01:11 Checking for update using Github
2023-10-11 16:01:11 Success.
2023-10-11 16:01:11 Latest version is 1.4.14
2023-10-11 16:01:11 App is up to date.
2023-10-11 17:01:11 Checking for update using Github
2023-10-11 17:01:11 Success.
2023-10-11 17:01:11 Latest version is 1.4.14
2023-10-11 17:01:11 App is up to date.
2023-10-11 18:01:11 Checking for update using Github
2023-10-11 18:01:11 Success.
2023-10-11 18:01:11 Latest version is 1.4.14
2023-10-11 18:01:11 App is up to date.
2023-10-11 19:01:11 Checking for update using Github
2023-10-11 19:01:11 Success.
2023-10-11 19:01:11 Latest version is 1.4.14
2023-10-11 19:01:11 App is up to date.
2023-10-11 20:01:11 Checking for update using Github
2023-10-11 20:01:12 Success.
2023-10-11 20:01:12 Latest version is 1.4.14
2023-10-11 20:01:12 App is up to date.
2023-10-11 21:01:11 Checking for update using Github
2023-10-11 21:01:12 Success.
2023-10-11 21:01:12 Latest version is 1.4.14
2023-10-11 21:01:12 App is up to date.
2023-10-11 22:01:12 Checking for update using Github
2023-10-11 22:01:12 Success.
2023-10-11 22:01:12 Latest version is 1.4.14
2023-10-11 22:01:12 App is up to date.
2023-10-11 23:01:12 Checking for update using Github
2023-10-11 23:01:12 Success.
2023-10-11 23:01:12 Latest version is 1.4.14
2023-10-11 23:01:12 App is up to date.
2023-10-12 00:01:12 Checking for update using Github
2023-10-12 00:01:12 Success.
2023-10-12 00:01:12 Latest version is 1.4.14
2023-10-12 00:01:12 App is up to date.
2023-10-12 01:01:12 Checking for update using Github
2023-10-12 01:01:12 Success.
2023-10-12 01:01:12 Latest version is 1.4.14
2023-10-12 01:01:12 App is up to date.
2023-10-12 02:01:12 Checking for update using Github
2023-10-12 02:01:12 Success.
2023-10-12 02:01:12 Latest version is 1.4.14
2023-10-12 02:01:12 App is up to date.
2023-10-12 03:01:12 Checking for update using Github
2023-10-12 03:01:12 Success.
2023-10-12 03:01:12 Latest version is 1.4.14
2023-10-12 03:01:12 App is up to date.
2023-10-12 04:01:12 Checking for update using Github
2023-10-12 04:01:12 Success.
2023-10-12 04:01:12 Latest version is 1.4.14
2023-10-12 04:01:12 App is up to date.
2023-10-12 05:01:12 Checking for update using Github
2023-10-12 05:01:12 Success.
2023-10-12 05:01:12 Latest version is 1.4.14
2023-10-12 05:01:12 App is up to date.
2023-10-12 06:01:12 Checking for update using Github
2023-10-12 06:01:12 Success.
2023-10-12 06:01:12 Latest version is 1.4.14
2023-10-12 06:01:12 App is up to date.
2023-10-12 07:01:12 Checking for update using Github
2023-10-12 07:01:12 Success.
2023-10-12 07:01:12 Latest version is 1.4.14
2023-10-12 07:01:12 App is up to date.
2023-10-12 08:01:12 Checking for update using Github
2023-10-12 08:01:12 Success.
2023-10-12 08:01:12 Latest version is 1.4.14
2023-10-12 08:01:12 App is up to date.
2023-10-12 09:01:12 Checking for update using Github
2023-10-12 09:01:12 Success.
2023-10-12 09:01:12 Latest version is 1.4.14
2023-10-12 09:01:12 App is up to date.
2023-10-12 10:01:12 Checking for update using Github
2023-10-12 10:01:13 Success.
2023-10-12 10:01:13 Latest version is 1.4.14
2023-10-12 10:01:13 App is up to date.
2023-10-12 11:01:12 Checking for update using Github
2023-10-12 11:01:12 Success.
2023-10-12 11:01:12 Latest version is 1.4.14
2023-10-12 11:01:12 App is up to date.
2023-10-12 12:01:12 Checking for update using Github
2023-10-12 12:01:13 Success.
2023-10-12 12:01:13 Latest version is 1.4.14
2023-10-12 12:01:13 App is up to date.
2023-10-12 13:01:12 Checking for update using Github
2023-10-12 13:01:13 Success.
2023-10-12 13:01:13 Latest version is 1.4.14
2023-10-12 13:01:13 App is up to date.
2023-10-12 14:01:13 Checking for update using Github
2023-10-12 14:01:13 Success.
2023-10-12 14:01:13 Latest version is 1.4.14
2023-10-12 14:01:13 App is up to date.
2023-10-12 15:01:13 Checking for update using Github
2023-10-12 15:01:13 Success.
2023-10-12 15:01:13 Latest version is 1.4.14
2023-10-12 15:01:13 App is up to date.
2023-10-12 16:01:13 Checking for update using Github
2023-10-12 16:01:13 Success.
2023-10-12 16:01:13 Latest version is 1.4.14
2023-10-12 16:01:13 App is up to date.
2023-10-12 17:01:13 Checking for update using Github
2023-10-12 17:01:13 Success.
2023-10-12 17:01:13 Latest version is 1.4.14
2023-10-12 17:01:13 App is up to date.
2023-10-12 18:01:13 Checking for update using Github
2023-10-12 18:01:13 Success.
2023-10-12 18:01:13 Latest version is 1.4.14
2023-10-12 18:01:13 App is up to date.
2023-10-12 19:01:13 Checking for update using Github
2023-10-12 19:01:13 Success.
2023-10-12 19:01:13 Latest version is 1.4.14
2023-10-12 19:01:13 App is up to date.
2023-11-01 12:07:59 Loading main app package /tmp/.mount_ObsidiCYFAbd/resources/obsidian.asar
2023-11-01 12:08:00 Checking for update using Github
2023-11-01 12:08:00 Success.
2023-11-01 12:08:00 Latest version is 1.4.16
2023-11-01 12:08:00 Downloading update from https://github.com/obsidianmd/obsidian-releases/releases/download/v1.4.16/obsidian-1.4.16.asar.gz
2023-11-01 12:08:02 Verifying hash & signature. Size= 8394471
2023-11-01 12:08:02 Saving file
2023-11-01 12:08:02 Update complete.
2023-11-01 12:21:03 Loading updated app package /home/meenaljhajharia/.config/obsidian/obsidian-1.4.16.asar
2023-11-01 12:21:03 Checking for update using Github
