2023-12-04 13:10:36.543 [info] Reading sessions from keychain...
2023-12-04 13:10:36.543 [info] Getting sessions for all scopes...
2023-12-04 13:10:36.543 [info] Getting sessions for all scopes...
2023-12-04 13:10:36.543 [info] Getting sessions for user:email...
2023-12-04 13:10:36.543 [info] Got stored sessions!
2023-12-04 13:10:36.543 [info] Got 1 verified sessions.
2023-12-04 13:10:36.543 [info] Got 1 sessions for ...
2023-12-04 13:10:36.543 [info] Got 1 sessions for ...
2023-12-04 13:10:36.543 [info] Got 1 sessions for user:email...
2023-12-04 13:10:36.558 [info] Getting sessions for read:user...
2023-12-04 13:10:36.559 [info] Got 0 sessions for read:user...
2023-12-04 13:10:36.572 [info] Getting sessions for user:email...
2023-12-04 13:10:36.572 [info] Got 1 sessions for user:email...
2023-12-04 13:10:36.626 [info] Getting sessions for all scopes...
2023-12-04 13:10:36.626 [info] Got 1 sessions for ...
2023-12-04 13:10:38.656 [info] Getting user info...
2023-12-04 13:10:41.656 [info] Reading sessions from keychain...
2023-12-04 13:10:41.656 [info] Getting sessions for all scopes...
2023-12-04 13:10:41.656 [info] Got stored sessions!
2023-12-04 13:10:41.656 [info] Got 1 verified sessions.
2023-12-04 13:10:41.656 [info] Got 1 sessions for ...
2023-12-04 13:10:41.656 [info] Getting sessions for user:email...
2023-12-04 13:10:41.656 [info] Got 1 sessions for user:email...
2023-12-04 13:10:41.656 [info] Getting sessions for all scopes...
2023-12-04 13:10:41.656 [info] Got 1 sessions for ...
2023-12-04 13:10:41.656 [info] Getting sessions for read:user...
2023-12-04 13:10:41.656 [info] Got 0 sessions for read:user...
2023-12-04 13:10:41.708 [info] Getting sessions for user:email...
2023-12-04 13:10:41.708 [info] Got 1 sessions for user:email...
2023-12-04 13:10:41.721 [info] Getting sessions for all scopes...
2023-12-04 13:10:41.721 [info] Got 1 sessions for ...
2023-12-04 13:10:43.610 [info] Getting user info...
2023-12-04 13:10:44.142 [info] Got account info!
2023-12-04 13:35:42.457 [info] Getting sessions for read:user...
2023-12-04 13:35:42.458 [info] Got 0 sessions for read:user...
2023-12-04 13:35:42.460 [info] Getting sessions for user:email...
2023-12-04 13:35:42.460 [info] Got 1 sessions for user:email...
2023-12-04 14:00:43.087 [info] Getting sessions for read:user...
2023-12-04 14:00:43.087 [info] Got 0 sessions for read:user...
2023-12-04 14:00:43.088 [info] Getting sessions for user:email...
2023-12-04 14:00:43.088 [info] Got 1 sessions for user:email...
2023-12-04 14:25:43.883 [info] Getting sessions for read:user...
2023-12-04 14:25:43.883 [info] Got 0 sessions for read:user...
2023-12-04 14:25:43.884 [info] Getting sessions for user:email...
2023-12-04 14:25:43.884 [info] Got 1 sessions for user:email...
2023-12-04 14:50:44.618 [info] Getting sessions for read:user...
2023-12-04 14:50:44.618 [info] Got 0 sessions for read:user...
2023-12-04 14:50:44.620 [info] Getting sessions for user:email...
2023-12-04 14:50:44.620 [info] Got 1 sessions for user:email...
2023-12-04 15:15:45.258 [info] Getting sessions for read:user...
2023-12-04 15:15:45.258 [info] Got 0 sessions for read:user...
2023-12-04 15:15:45.259 [info] Getting sessions for user:email...
2023-12-04 15:15:45.259 [info] Got 1 sessions for user:email...
2023-12-04 15:40:46.235 [info] Getting sessions for read:user...
2023-12-04 15:40:46.235 [info] Got 0 sessions for read:user...
2023-12-04 15:40:46.237 [info] Getting sessions for user:email...
2023-12-04 15:40:46.237 [info] Got 1 sessions for user:email...
2023-12-04 16:05:46.923 [info] Getting sessions for read:user...
2023-12-04 16:05:46.923 [info] Got 0 sessions for read:user...
2023-12-04 16:05:46.924 [info] Getting sessions for user:email...
2023-12-04 16:05:46.924 [info] Got 1 sessions for user:email...
2023-12-04 16:30:47.520 [info] Getting sessions for read:user...
2023-12-04 16:30:47.521 [info] Got 0 sessions for read:user...
2023-12-04 16:30:47.522 [info] Getting sessions for user:email...
2023-12-04 16:30:47.522 [info] Got 1 sessions for user:email...
2023-12-04 16:55:48.091 [info] Getting sessions for read:user...
2023-12-04 16:55:48.091 [info] Got 0 sessions for read:user...
2023-12-04 16:55:48.092 [info] Getting sessions for user:email...
2023-12-04 16:55:48.092 [info] Got 1 sessions for user:email...
2023-12-04 17:20:48.842 [info] Getting sessions for read:user...
2023-12-04 17:20:48.842 [info] Got 0 sessions for read:user...
2023-12-04 17:20:48.843 [info] Getting sessions for user:email...
2023-12-04 17:20:48.843 [info] Got 1 sessions for user:email...
2023-12-04 17:45:49.397 [info] Getting sessions for read:user...
2023-12-04 17:45:49.397 [info] Got 0 sessions for read:user...
2023-12-04 17:45:49.399 [info] Getting sessions for user:email...
2023-12-04 17:45:49.399 [info] Got 1 sessions for user:email...
2023-12-04 18:10:49.980 [info] Getting sessions for read:user...
2023-12-04 18:10:49.980 [info] Got 0 sessions for read:user...
2023-12-04 18:10:49.981 [info] Getting sessions for user:email...
2023-12-04 18:10:49.981 [info] Got 1 sessions for user:email...
2023-12-04 18:35:50.516 [info] Getting sessions for read:user...
2023-12-04 18:35:50.516 [info] Got 0 sessions for read:user...
2023-12-04 18:35:50.518 [info] Getting sessions for user:email...
2023-12-04 18:35:50.518 [info] Got 1 sessions for user:email...
2023-12-04 19:00:51.896 [info] Getting sessions for read:user...
2023-12-04 19:00:51.896 [info] Got 0 sessions for read:user...
2023-12-04 19:00:51.897 [info] Getting sessions for user:email...
2023-12-04 19:00:51.897 [info] Got 1 sessions for user:email...
2023-12-04 19:25:53.317 [info] Getting sessions for read:user...
2023-12-04 19:25:53.317 [info] Got 0 sessions for read:user...
2023-12-04 19:25:53.318 [info] Getting sessions for user:email...
2023-12-04 19:25:53.318 [info] Got 1 sessions for user:email...
2023-12-04 19:50:53.920 [info] Getting sessions for read:user...
2023-12-04 19:50:53.920 [info] Got 0 sessions for read:user...
2023-12-04 19:50:53.921 [info] Getting sessions for user:email...
2023-12-04 19:50:53.921 [info] Got 1 sessions for user:email...
2023-12-04 20:15:54.756 [info] Getting sessions for read:user...
2023-12-04 20:15:54.756 [info] Got 0 sessions for read:user...
2023-12-04 20:15:54.758 [info] Getting sessions for user:email...
2023-12-04 20:15:54.758 [info] Got 1 sessions for user:email...
2023-12-04 20:40:55.581 [info] Getting sessions for read:user...
2023-12-04 20:40:55.581 [info] Got 0 sessions for read:user...
2023-12-04 20:40:55.582 [info] Getting sessions for user:email...
2023-12-04 20:40:55.582 [info] Got 1 sessions for user:email...
2023-12-04 21:05:56.302 [info] Getting sessions for read:user...
2023-12-04 21:05:56.302 [info] Got 0 sessions for read:user...
2023-12-04 21:05:56.303 [info] Getting sessions for user:email...
2023-12-04 21:05:56.303 [info] Got 1 sessions for user:email...
2023-12-04 21:30:57.554 [info] Getting sessions for read:user...
2023-12-04 21:30:57.554 [info] Got 0 sessions for read:user...
2023-12-04 21:30:57.555 [info] Getting sessions for user:email...
2023-12-04 21:30:57.555 [info] Got 1 sessions for user:email...
2023-12-04 21:55:58.567 [info] Getting sessions for read:user...
2023-12-04 21:55:58.567 [info] Got 0 sessions for read:user...
2023-12-04 21:55:58.569 [info] Getting sessions for user:email...
2023-12-04 21:55:58.569 [info] Got 1 sessions for user:email...
2023-12-04 22:20:59.790 [info] Getting sessions for read:user...
2023-12-04 22:20:59.790 [info] Got 0 sessions for read:user...
2023-12-04 22:20:59.791 [info] Getting sessions for user:email...
2023-12-04 22:20:59.791 [info] Got 1 sessions for user:email...
2023-12-04 22:46:00.642 [info] Getting sessions for read:user...
2023-12-04 22:46:00.642 [info] Got 0 sessions for read:user...
2023-12-04 22:46:00.643 [info] Getting sessions for user:email...
2023-12-04 22:46:00.643 [info] Got 1 sessions for user:email...
2023-12-04 23:11:01.145 [info] Getting sessions for read:user...
2023-12-04 23:11:01.145 [info] Got 0 sessions for read:user...
2023-12-04 23:11:01.146 [info] Getting sessions for user:email...
2023-12-04 23:11:01.146 [info] Got 1 sessions for user:email...
