2023-12-11 01:32:47.485 [info] Reading sessions from keychain...
2023-12-11 01:32:47.485 [info] Getting sessions for all scopes...
2023-12-11 01:32:47.485 [info] Getting sessions for all scopes...
2023-12-11 01:32:47.485 [info] Got stored sessions!
2023-12-11 01:32:47.485 [info] Got 1 verified sessions.
2023-12-11 01:32:47.485 [info] Got 1 sessions for ...
2023-12-11 01:32:47.485 [info] Got 1 sessions for ...
2023-12-11 01:32:47.485 [info] Getting sessions for user:email...
2023-12-11 01:32:47.485 [info] Got 1 sessions for user:email...
2023-12-11 01:32:47.485 [info] Getting sessions for read:user...
2023-12-11 01:32:47.485 [info] Got 0 sessions for read:user...
2023-12-11 01:32:47.591 [info] Getting sessions for user:email...
2023-12-11 01:32:47.591 [info] Got 1 sessions for user:email...
2023-12-11 01:32:47.599 [info] Getting sessions for all scopes...
2023-12-11 01:32:47.599 [info] Got 1 sessions for ...
2023-12-11 01:32:49.422 [info] Getting user info...
2023-12-11 01:32:50.125 [info] Got account info!
2023-12-11 01:57:48.342 [info] Getting sessions for read:user...
2023-12-11 01:57:48.342 [info] Got 0 sessions for read:user...
2023-12-11 01:57:48.361 [info] Getting sessions for user:email...
2023-12-11 01:57:48.361 [info] Got 1 sessions for user:email...
2023-12-11 02:22:49.185 [info] Getting sessions for read:user...
2023-12-11 02:22:49.185 [info] Got 0 sessions for read:user...
2023-12-11 02:22:49.186 [info] Getting sessions for user:email...
2023-12-11 02:22:49.186 [info] Got 1 sessions for user:email...
2023-12-11 02:47:49.813 [info] Getting sessions for read:user...
2023-12-11 02:47:49.813 [info] Got 0 sessions for read:user...
2023-12-11 02:47:49.815 [info] Getting sessions for user:email...
2023-12-11 02:47:49.815 [info] Got 1 sessions for user:email...
2023-12-11 03:12:50.509 [info] Getting sessions for read:user...
2023-12-11 03:12:50.509 [info] Got 0 sessions for read:user...
2023-12-11 03:12:50.510 [info] Getting sessions for user:email...
2023-12-11 03:12:50.510 [info] Got 1 sessions for user:email...
2023-12-11 03:37:51.079 [info] Getting sessions for read:user...
2023-12-11 03:37:51.079 [info] Got 0 sessions for read:user...
2023-12-11 03:37:51.081 [info] Getting sessions for user:email...
2023-12-11 03:37:51.081 [info] Got 1 sessions for user:email...
2023-12-11 04:02:51.786 [info] Getting sessions for read:user...
2023-12-11 04:02:51.787 [info] Got 0 sessions for read:user...
2023-12-11 04:02:51.788 [info] Getting sessions for user:email...
2023-12-11 04:02:51.788 [info] Got 1 sessions for user:email...
2023-12-11 04:27:52.347 [info] Getting sessions for read:user...
2023-12-11 04:27:52.347 [info] Got 0 sessions for read:user...
2023-12-11 04:27:52.349 [info] Getting sessions for user:email...
2023-12-11 04:27:52.349 [info] Got 1 sessions for user:email...
2023-12-11 04:52:53.088 [info] Getting sessions for read:user...
2023-12-11 04:52:53.088 [info] Got 0 sessions for read:user...
2023-12-11 04:52:53.089 [info] Getting sessions for user:email...
2023-12-11 04:52:53.089 [info] Got 1 sessions for user:email...
2023-12-11 05:17:53.686 [info] Getting sessions for read:user...
2023-12-11 05:17:53.686 [info] Got 0 sessions for read:user...
2023-12-11 05:17:53.688 [info] Getting sessions for user:email...
2023-12-11 05:17:53.688 [info] Got 1 sessions for user:email...
2023-12-11 05:42:54.304 [info] Getting sessions for read:user...
2023-12-11 05:42:54.304 [info] Got 0 sessions for read:user...
2023-12-11 05:42:54.306 [info] Getting sessions for user:email...
2023-12-11 05:42:54.306 [info] Got 1 sessions for user:email...
2023-12-11 06:07:54.920 [info] Getting sessions for read:user...
2023-12-11 06:07:54.920 [info] Got 0 sessions for read:user...
2023-12-11 06:07:54.922 [info] Getting sessions for user:email...
2023-12-11 06:07:54.922 [info] Got 1 sessions for user:email...
2023-12-11 06:32:55.666 [info] Getting sessions for read:user...
2023-12-11 06:32:55.666 [info] Got 0 sessions for read:user...
2023-12-11 06:32:55.669 [info] Getting sessions for user:email...
2023-12-11 06:32:55.669 [info] Got 1 sessions for user:email...
2023-12-11 06:57:56.601 [info] Getting sessions for read:user...
2023-12-11 06:57:56.602 [info] Got 0 sessions for read:user...
2023-12-11 06:57:56.603 [info] Getting sessions for user:email...
2023-12-11 06:57:56.603 [info] Got 1 sessions for user:email...
2023-12-11 07:22:57.145 [info] Getting sessions for read:user...
2023-12-11 07:22:57.146 [info] Got 0 sessions for read:user...
2023-12-11 07:22:57.147 [info] Getting sessions for user:email...
2023-12-11 07:22:57.147 [info] Got 1 sessions for user:email...
2023-12-11 07:47:57.758 [info] Getting sessions for read:user...
2023-12-11 07:47:57.758 [info] Got 0 sessions for read:user...
2023-12-11 07:47:57.761 [info] Getting sessions for user:email...
2023-12-11 07:47:57.761 [info] Got 1 sessions for user:email...
2023-12-11 08:12:58.349 [info] Getting sessions for read:user...
2023-12-11 08:12:58.349 [info] Got 0 sessions for read:user...
2023-12-11 08:12:58.353 [info] Getting sessions for user:email...
2023-12-11 08:12:58.353 [info] Got 1 sessions for user:email...
2023-12-11 08:37:59.283 [info] Getting sessions for read:user...
2023-12-11 08:37:59.283 [info] Got 0 sessions for read:user...
2023-12-11 08:37:59.284 [info] Getting sessions for user:email...
2023-12-11 08:37:59.284 [info] Got 1 sessions for user:email...
2023-12-11 09:03:00.398 [info] Getting sessions for read:user...
2023-12-11 09:03:00.398 [info] Got 0 sessions for read:user...
2023-12-11 09:03:00.399 [info] Getting sessions for user:email...
2023-12-11 09:03:00.399 [info] Got 1 sessions for user:email...
2023-12-11 09:28:01.581 [info] Getting sessions for read:user...
2023-12-11 09:28:01.581 [info] Got 0 sessions for read:user...
2023-12-11 09:28:01.582 [info] Getting sessions for user:email...
2023-12-11 09:28:01.582 [info] Got 1 sessions for user:email...
2023-12-11 09:53:02.143 [info] Getting sessions for read:user...
2023-12-11 09:53:02.143 [info] Got 0 sessions for read:user...
2023-12-11 09:53:02.145 [info] Getting sessions for user:email...
2023-12-11 09:53:02.145 [info] Got 1 sessions for user:email...
2023-12-11 10:18:02.674 [info] Getting sessions for read:user...
2023-12-11 10:18:02.675 [info] Got 0 sessions for read:user...
2023-12-11 10:18:02.676 [info] Getting sessions for user:email...
2023-12-11 10:18:02.676 [info] Got 1 sessions for user:email...
2023-12-11 10:43:03.649 [info] Getting sessions for read:user...
2023-12-11 10:43:03.649 [info] Got 0 sessions for read:user...
2023-12-11 10:43:03.651 [info] Getting sessions for user:email...
2023-12-11 10:43:03.651 [info] Got 1 sessions for user:email...
2023-12-11 11:08:04.173 [info] Getting sessions for read:user...
2023-12-11 11:08:04.173 [info] Got 0 sessions for read:user...
2023-12-11 11:08:04.175 [info] Getting sessions for user:email...
2023-12-11 11:08:04.175 [info] Got 1 sessions for user:email...
2023-12-11 11:33:04.707 [info] Getting sessions for read:user...
2023-12-11 11:33:04.707 [info] Got 0 sessions for read:user...
2023-12-11 11:33:04.709 [info] Getting sessions for user:email...
2023-12-11 11:33:04.709 [info] Got 1 sessions for user:email...
2023-12-11 11:58:05.536 [info] Getting sessions for read:user...
2023-12-11 11:58:05.536 [info] Got 0 sessions for read:user...
2023-12-11 11:58:05.537 [info] Getting sessions for user:email...
2023-12-11 11:58:05.537 [info] Got 1 sessions for user:email...
2023-12-11 12:23:06.546 [info] Getting sessions for read:user...
2023-12-11 12:23:06.546 [info] Got 0 sessions for read:user...
2023-12-11 12:23:06.548 [info] Getting sessions for user:email...
2023-12-11 12:23:06.548 [info] Got 1 sessions for user:email...
2023-12-11 12:48:07.155 [info] Getting sessions for read:user...
2023-12-11 12:48:07.155 [info] Got 0 sessions for read:user...
2023-12-11 12:48:07.157 [info] Getting sessions for user:email...
2023-12-11 12:48:07.157 [info] Got 1 sessions for user:email...
2023-12-11 13:13:08.038 [info] Getting sessions for read:user...
2023-12-11 13:13:08.038 [info] Got 0 sessions for read:user...
2023-12-11 13:13:08.039 [info] Getting sessions for user:email...
2023-12-11 13:13:08.039 [info] Got 1 sessions for user:email...
2023-12-11 13:38:09.487 [info] Getting sessions for read:user...
2023-12-11 13:38:09.487 [info] Got 0 sessions for read:user...
2023-12-11 13:38:09.488 [info] Getting sessions for user:email...
2023-12-11 13:38:09.488 [info] Got 1 sessions for user:email...
2023-12-11 14:03:10.614 [info] Getting sessions for read:user...
2023-12-11 14:03:10.614 [info] Got 0 sessions for read:user...
2023-12-11 14:03:10.615 [info] Getting sessions for user:email...
2023-12-11 14:03:10.615 [info] Got 1 sessions for user:email...
2023-12-11 14:28:11.327 [info] Getting sessions for read:user...
2023-12-11 14:28:11.327 [info] Got 0 sessions for read:user...
2023-12-11 14:28:11.329 [info] Getting sessions for user:email...
2023-12-11 14:28:11.329 [info] Got 1 sessions for user:email...
2023-12-11 14:53:12.372 [info] Getting sessions for read:user...
2023-12-11 14:53:12.372 [info] Got 0 sessions for read:user...
2023-12-11 14:53:12.374 [info] Getting sessions for user:email...
2023-12-11 14:53:12.374 [info] Got 1 sessions for user:email...
2023-12-11 15:18:12.954 [info] Getting sessions for read:user...
2023-12-11 15:18:12.954 [info] Got 0 sessions for read:user...
2023-12-11 15:18:12.956 [info] Getting sessions for user:email...
2023-12-11 15:18:12.956 [info] Got 1 sessions for user:email...
2023-12-11 15:43:13.500 [info] Getting sessions for read:user...
2023-12-11 15:43:13.500 [info] Got 0 sessions for read:user...
2023-12-11 15:43:13.502 [info] Getting sessions for user:email...
2023-12-11 15:43:13.502 [info] Got 1 sessions for user:email...
2023-12-11 16:08:14.563 [info] Getting sessions for read:user...
2023-12-11 16:08:14.563 [info] Got 0 sessions for read:user...
2023-12-11 16:08:14.564 [info] Getting sessions for user:email...
2023-12-11 16:08:14.564 [info] Got 1 sessions for user:email...
2023-12-11 16:33:15.228 [info] Getting sessions for read:user...
2023-12-11 16:33:15.228 [info] Got 0 sessions for read:user...
2023-12-11 16:33:15.230 [info] Getting sessions for user:email...
2023-12-11 16:33:15.230 [info] Got 1 sessions for user:email...
2023-12-11 16:58:16.086 [info] Getting sessions for read:user...
2023-12-11 16:58:16.086 [info] Got 0 sessions for read:user...
2023-12-11 16:58:16.088 [info] Getting sessions for user:email...
2023-12-11 16:58:16.088 [info] Got 1 sessions for user:email...
2023-12-11 17:23:16.910 [info] Getting sessions for read:user...
2023-12-11 17:23:16.910 [info] Got 0 sessions for read:user...
2023-12-11 17:23:16.912 [info] Getting sessions for user:email...
2023-12-11 17:23:16.912 [info] Got 1 sessions for user:email...
2023-12-11 17:48:17.661 [info] Getting sessions for read:user...
2023-12-11 17:48:17.661 [info] Got 0 sessions for read:user...
2023-12-11 17:48:17.663 [info] Getting sessions for user:email...
2023-12-11 17:48:17.663 [info] Got 1 sessions for user:email...
2023-12-11 18:13:18.285 [info] Getting sessions for read:user...
2023-12-11 18:13:18.285 [info] Got 0 sessions for read:user...
2023-12-11 18:13:18.286 [info] Getting sessions for user:email...
2023-12-11 18:13:18.286 [info] Got 1 sessions for user:email...
2023-12-11 18:38:19.180 [info] Getting sessions for read:user...
2023-12-11 18:38:19.180 [info] Got 0 sessions for read:user...
2023-12-11 18:38:19.182 [info] Getting sessions for user:email...
2023-12-11 18:38:19.182 [info] Got 1 sessions for user:email...
2023-12-11 19:03:20.515 [info] Getting sessions for read:user...
2023-12-11 19:03:20.515 [info] Got 0 sessions for read:user...
2023-12-11 19:03:20.516 [info] Getting sessions for user:email...
2023-12-11 19:03:20.516 [info] Got 1 sessions for user:email...
2023-12-11 19:28:21.075 [info] Getting sessions for read:user...
2023-12-11 19:28:21.075 [info] Got 0 sessions for read:user...
2023-12-11 19:28:21.077 [info] Getting sessions for user:email...
2023-12-11 19:28:21.077 [info] Got 1 sessions for user:email...
2023-12-11 19:53:22.052 [info] Getting sessions for read:user...
2023-12-11 19:53:22.052 [info] Got 0 sessions for read:user...
2023-12-11 19:53:22.054 [info] Getting sessions for user:email...
2023-12-11 19:53:22.054 [info] Got 1 sessions for user:email...
2023-12-11 20:18:22.729 [info] Getting sessions for read:user...
2023-12-11 20:18:22.729 [info] Got 0 sessions for read:user...
2023-12-11 20:18:22.731 [info] Getting sessions for user:email...
2023-12-11 20:18:22.731 [info] Got 1 sessions for user:email...
2023-12-11 20:43:28.319 [info] Getting sessions for read:user...
2023-12-11 20:43:28.319 [info] Got 0 sessions for read:user...
2023-12-11 20:43:28.320 [info] Getting sessions for user:email...
2023-12-11 20:43:28.320 [info] Got 1 sessions for user:email...
2023-12-11 21:08:29.134 [info] Getting sessions for read:user...
2023-12-11 21:08:29.134 [info] Got 0 sessions for read:user...
2023-12-11 21:08:29.136 [info] Getting sessions for user:email...
2023-12-11 21:08:29.136 [info] Got 1 sessions for user:email...
2023-12-11 21:33:30.342 [info] Getting sessions for read:user...
2023-12-11 21:33:30.342 [info] Got 0 sessions for read:user...
2023-12-11 21:33:30.344 [info] Getting sessions for user:email...
2023-12-11 21:33:30.344 [info] Got 1 sessions for user:email...
2023-12-11 21:58:31.250 [info] Getting sessions for read:user...
2023-12-11 21:58:31.250 [info] Got 0 sessions for read:user...
2023-12-11 21:58:31.252 [info] Getting sessions for user:email...
2023-12-11 21:58:31.252 [info] Got 1 sessions for user:email...
2023-12-11 22:23:32.215 [info] Getting sessions for read:user...
2023-12-11 22:23:32.215 [info] Got 0 sessions for read:user...
2023-12-11 22:23:32.217 [info] Getting sessions for user:email...
2023-12-11 22:23:32.217 [info] Got 1 sessions for user:email...
2023-12-11 22:48:32.850 [info] Getting sessions for read:user...
2023-12-11 22:48:32.850 [info] Got 0 sessions for read:user...
2023-12-11 22:48:32.852 [info] Getting sessions for user:email...
2023-12-11 22:48:32.852 [info] Got 1 sessions for user:email...
2023-12-11 23:13:33.465 [info] Getting sessions for read:user...
2023-12-11 23:13:33.465 [info] Got 0 sessions for read:user...
2023-12-11 23:13:33.467 [info] Getting sessions for user:email...
2023-12-11 23:13:33.467 [info] Got 1 sessions for user:email...
2023-12-11 23:38:34.061 [info] Getting sessions for read:user...
2023-12-11 23:38:34.061 [info] Got 0 sessions for read:user...
2023-12-11 23:38:34.062 [info] Getting sessions for user:email...
2023-12-11 23:38:34.062 [info] Got 1 sessions for user:email...
2023-12-12 00:03:34.677 [info] Getting sessions for read:user...
2023-12-12 00:03:34.677 [info] Got 0 sessions for read:user...
2023-12-12 00:03:34.679 [info] Getting sessions for user:email...
2023-12-12 00:03:34.679 [info] Got 1 sessions for user:email...
2023-12-12 00:28:35.392 [info] Getting sessions for read:user...
2023-12-12 00:28:35.393 [info] Got 0 sessions for read:user...
2023-12-12 00:28:35.394 [info] Getting sessions for user:email...
2023-12-12 00:28:35.394 [info] Got 1 sessions for user:email...
2023-12-12 00:53:35.992 [info] Getting sessions for read:user...
2023-12-12 00:53:35.992 [info] Got 0 sessions for read:user...
2023-12-12 00:53:35.994 [info] Getting sessions for user:email...
2023-12-12 00:53:35.994 [info] Got 1 sessions for user:email...
2023-12-12 01:18:36.637 [info] Getting sessions for read:user...
2023-12-12 01:18:36.638 [info] Got 0 sessions for read:user...
2023-12-12 01:18:36.657 [info] Getting sessions for user:email...
2023-12-12 01:18:36.657 [info] Got 1 sessions for user:email...
2023-12-12 01:43:37.329 [info] Getting sessions for read:user...
2023-12-12 01:43:37.330 [info] Got 0 sessions for read:user...
2023-12-12 01:43:37.331 [info] Getting sessions for user:email...
2023-12-12 01:43:37.331 [info] Got 1 sessions for user:email...
2023-12-12 02:08:37.976 [info] Getting sessions for read:user...
2023-12-12 02:08:37.976 [info] Got 0 sessions for read:user...
2023-12-12 02:08:37.978 [info] Getting sessions for user:email...
2023-12-12 02:08:37.978 [info] Got 1 sessions for user:email...
2023-12-12 02:33:39.149 [info] Getting sessions for read:user...
2023-12-12 02:33:39.149 [info] Got 0 sessions for read:user...
2023-12-12 02:33:39.150 [info] Getting sessions for user:email...
2023-12-12 02:33:39.150 [info] Got 1 sessions for user:email...
2023-12-12 02:58:40.037 [info] Getting sessions for read:user...
2023-12-12 02:58:40.037 [info] Got 0 sessions for read:user...
2023-12-12 02:58:40.038 [info] Getting sessions for user:email...
2023-12-12 02:58:40.038 [info] Got 1 sessions for user:email...
2023-12-12 03:23:40.887 [info] Getting sessions for read:user...
2023-12-12 03:23:40.887 [info] Got 0 sessions for read:user...
2023-12-12 03:23:40.889 [info] Getting sessions for user:email...
2023-12-12 03:23:40.889 [info] Got 1 sessions for user:email...
2023-12-12 03:48:41.777 [info] Getting sessions for read:user...
2023-12-12 03:48:41.779 [info] Got 0 sessions for read:user...
2023-12-12 03:48:41.794 [info] Getting sessions for user:email...
2023-12-12 03:48:41.794 [info] Got 1 sessions for user:email...
