2023-12-11 01:32:46.639 [info] Log level: Info
2023-12-11 01:32:46.639 [info] Validating found git in: "git"
2023-12-11 01:32:46.639 [info] Using git "2.43.0" from "git"
2023-12-11 01:32:46.639 [info] > git rev-parse --show-toplevel [4ms]
2023-12-11 01:32:46.639 [info] > git rev-parse --git-dir --git-common-dir [2ms]
2023-12-11 01:32:46.639 [info] Open repository: /home/meenaljhajharia/github/mjhajharia/forester
2023-12-11 01:32:46.649 [info] > git rev-parse --show-toplevel [16ms]
2023-12-11 01:32:46.737 [info] > git rev-parse --show-toplevel [80ms]
2023-12-11 01:32:46.747 [info] > git config --get commit.template [98ms]
2023-12-11 01:32:47.324 [info] > git rev-parse --show-toplevel [577ms]
2023-12-11 01:32:47.369 [info] > git check-ignore -v -z --stdin [49ms]
2023-12-11 01:32:47.370 [info] > git rev-parse --show-toplevel [34ms]
2023-12-11 01:32:47.398 [info] > git rev-parse --show-toplevel [18ms]
2023-12-11 01:32:47.409 [info] > git for-each-ref --format=%(refname)%00%(upstream:short)%00%(objectname)%00%(upstream:track)%00%(upstream:remotename)%00%(upstream:remoteref) refs/heads/main refs/remotes/main [42ms]
2023-12-11 01:32:47.428 [info] > git status -z -uall [8ms]
2023-12-11 01:32:47.432 [info] > git rev-parse --show-toplevel [23ms]
2023-12-11 01:32:47.456 [info] > git rev-parse --show-toplevel [14ms]
2023-12-11 01:32:47.472 [info] > git rev-parse --show-toplevel [5ms]
2023-12-11 01:32:47.484 [info] > git config --get commit.template [28ms]
2023-12-11 01:32:47.486 [info] > git rev-parse --show-toplevel [3ms]
2023-12-11 01:32:47.511 [info] > git rev-parse --show-toplevel [13ms]
2023-12-11 01:32:47.558 [info] > git show --textconv :trees/nodes/transforms/ilr-0000.tree [35ms]
2023-12-11 01:32:47.558 [info] > git ls-files --stage -- /home/meenaljhajharia/github/mjhajharia/forester/trees/nodes/transforms/ilr-0000.tree [23ms]
2023-12-11 01:32:47.571 [info] > git for-each-ref --format=%(refname)%00%(upstream:short)%00%(objectname)%00%(upstream:track)%00%(upstream:remotename)%00%(upstream:remoteref) refs/heads/main refs/remotes/main [62ms]
2023-12-11 01:32:47.587 [info] > git status -z -uall [5ms]
2023-12-11 01:32:47.589 [info] > git cat-file -s 6afb37ff92c2e790802a1a5a3718ccd1b4180f45 [19ms]
2023-12-11 01:32:48.103 [info] > git rev-parse --show-toplevel [1ms]
2023-12-11 01:34:23.663 [info] > git config --get commit.template [2ms]
2023-12-11 01:34:23.676 [info] > git for-each-ref --format=%(refname)%00%(upstream:short)%00%(objectname)%00%(upstream:track)%00%(upstream:remotename)%00%(upstream:remoteref) refs/heads/main refs/remotes/main [1ms]
2023-12-11 01:34:23.717 [info] > git status -z -uall [27ms]
2023-12-11 01:34:24.232 [info] > git rev-parse --show-toplevel [1ms]
2023-12-11 01:34:44.936 [info] > git check-ignore -v -z --stdin [1ms]
2023-12-11 01:34:46.579 [info] > git check-ignore -v -z --stdin [1ms]
2023-12-11 01:34:48.287 [info] > git check-ignore -v -z --stdin [1ms]
2023-12-11 01:34:50.593 [info] > git check-ignore -v -z --stdin [2ms]
2023-12-11 01:36:14.178 [info] > git ls-files --stage -- /home/meenaljhajharia/github/mjhajharia/forester/trees/nodes/transforms/ilr-0000.tree [1ms]
2023-12-11 01:36:14.191 [info] > git cat-file -s 6afb37ff92c2e790802a1a5a3718ccd1b4180f45 [1ms]
2023-12-11 01:36:14.206 [info] > git show --textconv :trees/nodes/transforms/ilr-0000.tree [2ms]
2023-12-11 03:02:47.455 [info] > git check-ignore -v -z --stdin [2ms]
2023-12-11 03:02:51.906 [info] > git check-ignore -v -z --stdin [2ms]
2023-12-11 03:02:57.149 [info] > git show --textconv :trees/nodes/transforms/alr-0000.tree [12ms]
2023-12-11 03:02:57.150 [info] > git ls-files --stage -- /home/meenaljhajharia/github/mjhajharia/forester/trees/nodes/transforms/alr-0000.tree [2ms]
2023-12-11 03:02:57.161 [info] > git cat-file -s 08428ca07aa4ea8ac55633a47d228093104baeef [1ms]
2023-12-11 03:02:58.726 [info] > git show --textconv :trees/nodes/transforms/alr-0001.tree [12ms]
2023-12-11 03:02:58.726 [info] > git ls-files --stage -- /home/meenaljhajharia/github/mjhajharia/forester/trees/nodes/transforms/alr-0001.tree [1ms]
2023-12-11 03:02:58.740 [info] > git cat-file -s 2f696ece98c1a1ea25e345de7feff4885c86cc32 [1ms]
2023-12-11 03:03:01.003 [info] > git show --textconv :trees/nodes/transforms/alr-0000.tree [11ms]
2023-12-11 03:03:01.003 [info] > git ls-files --stage -- /home/meenaljhajharia/github/mjhajharia/forester/trees/nodes/transforms/alr-0000.tree [1ms]
2023-12-11 03:03:01.014 [info] > git cat-file -s 08428ca07aa4ea8ac55633a47d228093104baeef [1ms]
2023-12-11 03:03:02.224 [info] > git show --textconv :trees/nodes/transforms/alr-0001.tree [11ms]
2023-12-11 03:03:02.225 [info] > git ls-files --stage -- /home/meenaljhajharia/github/mjhajharia/forester/trees/nodes/transforms/alr-0001.tree [1ms]
2023-12-11 03:03:02.239 [info] > git cat-file -s 2f696ece98c1a1ea25e345de7feff4885c86cc32 [1ms]
2023-12-12 03:50:22.657 [info] > git config --get commit.template [55ms]
2023-12-12 03:50:22.662 [info] > git for-each-ref --format=%(refname)%00%(upstream:short)%00%(objectname)%00%(upstream:track)%00%(upstream:remotename)%00%(upstream:remoteref) refs/heads/main refs/remotes/main [25ms]
2023-12-12 03:50:22.988 [info] > git status -z -uall [301ms]
