2023-12-12 23:10:53.109 [info] Added views:workbench.panel.markers.view in workbench.panel.markers
2023-12-12 23:10:53.109 [info] Added views:workbench.panel.output in workbench.panel.output
2023-12-12 23:10:53.109 [info] Added views:outline in workbench.view.explorer
2023-12-12 23:10:53.109 [info] Added views:workbench.scm in workbench.view.scm
2023-12-12 23:10:53.109 [info] Added views:workbench.view.search in workbench.view.search
2023-12-12 23:10:53.109 [info] Added views:terminal in workbench.views.service.panel.a458d13c-13f5-49d6-908f-c90aa9f53545
2023-12-12 23:10:53.109 [info] Added views:timeline in workbench.view.explorer
2023-12-12 23:10:53.109 [info] Added views:workbench.explorer.fileView in workbench.view.explorer
2023-12-12 23:10:53.321 [info] Added views:workbench.debug.welcome in workbench.view.debug
2023-12-12 23:10:53.477 [info] Added views:remoteTargets in workbench.view.remote
2023-12-12 23:10:53.478 [info] Added views:liveshare.session in workbench.view.extension.liveshare
2023-12-12 23:10:53.478 [info] Added views:cm_view in workbench.view.extension.color_manager_webview_container
2023-12-12 23:10:53.672 [info] Added views:workbench.panel.repl.view in terminal
2023-12-12 23:11:10.215 [info] Added views:workbench.panel.markers.view in workbench.panel.markers
2023-12-12 23:11:10.215 [info] Added views:workbench.panel.output in workbench.panel.output
2023-12-12 23:11:10.215 [info] Added views:outline in workbench.view.explorer
2023-12-12 23:11:10.215 [info] Added views:workbench.scm in workbench.view.scm
2023-12-12 23:11:10.215 [info] Added views:workbench.view.search in workbench.view.search
2023-12-12 23:11:10.215 [info] Added views:terminal in workbench.views.service.panel.a458d13c-13f5-49d6-908f-c90aa9f53545
2023-12-12 23:11:10.215 [info] Added views:timeline in workbench.view.explorer
2023-12-12 23:11:10.215 [info] Added views:workbench.explorer.fileView in workbench.view.explorer
2023-12-12 23:11:10.368 [info] Added views:workbench.debug.welcome in workbench.view.debug
2023-12-12 23:11:10.702 [info] Added views:remoteTargets in workbench.view.remote
2023-12-12 23:11:10.702 [info] Added views:liveshare.session in workbench.view.extension.liveshare
2023-12-12 23:11:10.703 [info] Added views:cm_view in workbench.view.extension.color_manager_webview_container
2023-12-12 23:11:10.883 [info] Added views:workbench.panel.repl.view in terminal
2023-12-12 23:11:11.383 [info] Added views:latex-workshop-commands,latex-workshop-structure,latex-workshop-snippet-view in workbench.view.extension.latex-workshop-activitybar
