2023-12-04 13:10:34.156 [info] Added views:workbench.panel.markers.view in workbench.panel.markers
2023-12-04 13:10:34.156 [info] Added views:workbench.panel.output in workbench.panel.output
2023-12-04 13:10:34.156 [info] Added views:outline in workbench.view.explorer
2023-12-04 13:10:34.156 [info] Added views:workbench.scm in workbench.view.scm
2023-12-04 13:10:34.156 [info] Added views:workbench.view.search in workbench.view.search
2023-12-04 13:10:34.156 [info] Added views:terminal in workbench.views.service.panel.a458d13c-13f5-49d6-908f-c90aa9f53545
2023-12-04 13:10:34.156 [info] Added views:timeline in workbench.view.explorer
2023-12-04 13:10:34.156 [info] Added views:workbench.explorer.fileView in workbench.view.explorer
2023-12-04 13:10:34.345 [info] Added views:workbench.debug.welcome in workbench.view.debug
2023-12-04 13:10:34.537 [info] Added views:remoteTargets in workbench.view.remote
2023-12-04 13:10:34.538 [info] Added views:liveshare.session in workbench.view.extension.liveshare
2023-12-04 13:10:34.538 [info] Added views:cm_view in workbench.view.extension.color_manager_webview_container
2023-12-04 13:10:34.886 [info] Added views:workbench.panel.repl.view in terminal
2023-12-04 13:10:35.370 [info] Added views:latex-workshop-commands,latex-workshop-structure,latex-workshop-snippet-view in workbench.view.extension.latex-workshop-activitybar
2023-12-04 13:10:39.531 [info] Added views:workbench.panel.markers.view in workbench.panel.markers
2023-12-04 13:10:39.531 [info] Added views:workbench.panel.output in workbench.panel.output
2023-12-04 13:10:39.531 [info] Added views:outline in workbench.view.explorer
2023-12-04 13:10:39.531 [info] Added views:workbench.scm in workbench.view.scm
2023-12-04 13:10:39.531 [info] Added views:workbench.view.search in workbench.view.search
2023-12-04 13:10:39.531 [info] Added views:terminal in workbench.views.service.panel.a458d13c-13f5-49d6-908f-c90aa9f53545
2023-12-04 13:10:39.531 [info] Added views:timeline in workbench.view.explorer
2023-12-04 13:10:39.531 [info] Added views:workbench.explorer.fileView in workbench.view.explorer
2023-12-04 13:10:39.585 [info] Added views:workbench.debug.welcome in workbench.view.debug
2023-12-04 13:10:39.723 [info] Added views:remoteTargets in workbench.view.remote
2023-12-04 13:10:39.724 [info] Added views:liveshare.session in workbench.view.extension.liveshare
2023-12-04 13:10:39.724 [info] Added views:cm_view in workbench.view.extension.color_manager_webview_container
2023-12-04 13:10:39.968 [info] Added views:workbench.panel.repl.view in terminal
2023-12-04 13:10:40.236 [info] Added views:latex-workshop-commands,latex-workshop-structure,latex-workshop-snippet-view in workbench.view.extension.latex-workshop-activitybar
