2023-12-10 20:52:04.666 [info] Reading sessions from keychain...
2023-12-10 20:52:04.666 [info] Getting sessions for all scopes...
2023-12-10 20:52:04.666 [info] Getting sessions for all scopes...
2023-12-10 20:52:04.666 [info] Getting sessions for user:email...
2023-12-10 20:52:04.666 [info] Got stored sessions!
2023-12-10 20:52:04.666 [info] Got 1 verified sessions.
2023-12-10 20:52:04.666 [info] Got 1 sessions for ...
2023-12-10 20:52:04.666 [info] Got 1 sessions for ...
2023-12-10 20:52:04.666 [info] Got 1 sessions for user:email...
2023-12-10 20:52:04.666 [info] Getting sessions for read:user...
2023-12-10 20:52:04.666 [info] Got 0 sessions for read:user...
2023-12-10 20:52:04.688 [info] Getting sessions for user:email...
2023-12-10 20:52:04.689 [info] Got 1 sessions for user:email...
2023-12-10 20:52:04.693 [info] Getting sessions for all scopes...
2023-12-10 20:52:04.693 [info] Got 1 sessions for ...
2023-12-10 20:52:06.651 [info] Getting user info...
2023-12-10 20:52:07.141 [info] Got account info!
2023-12-10 21:17:05.360 [info] Getting sessions for read:user...
2023-12-10 21:17:05.360 [info] Got 0 sessions for read:user...
2023-12-10 21:17:05.361 [info] Getting sessions for user:email...
2023-12-10 21:17:05.361 [info] Got 1 sessions for user:email...
2023-12-10 21:42:05.944 [info] Getting sessions for read:user...
2023-12-10 21:42:05.944 [info] Got 0 sessions for read:user...
2023-12-10 21:42:05.945 [info] Getting sessions for user:email...
2023-12-10 21:42:05.945 [info] Got 1 sessions for user:email...
2023-12-10 22:07:06.524 [info] Getting sessions for read:user...
2023-12-10 22:07:06.524 [info] Got 0 sessions for read:user...
2023-12-10 22:07:06.525 [info] Getting sessions for user:email...
2023-12-10 22:07:06.525 [info] Got 1 sessions for user:email...
2023-12-10 22:32:07.117 [info] Getting sessions for read:user...
2023-12-10 22:32:07.117 [info] Got 0 sessions for read:user...
2023-12-10 22:32:07.118 [info] Getting sessions for user:email...
2023-12-10 22:32:07.118 [info] Got 1 sessions for user:email...
2023-12-10 22:57:07.673 [info] Getting sessions for read:user...
2023-12-10 22:57:07.674 [info] Got 0 sessions for read:user...
2023-12-10 22:57:07.677 [info] Getting sessions for user:email...
2023-12-10 22:57:07.677 [info] Got 1 sessions for user:email...
2023-12-10 23:22:08.327 [info] Getting sessions for read:user...
2023-12-10 23:22:08.327 [info] Got 0 sessions for read:user...
2023-12-10 23:22:08.329 [info] Getting sessions for user:email...
2023-12-10 23:22:08.329 [info] Got 1 sessions for user:email...
2023-12-10 23:47:08.869 [info] Getting sessions for read:user...
2023-12-10 23:47:08.869 [info] Got 0 sessions for read:user...
2023-12-10 23:47:08.871 [info] Getting sessions for user:email...
2023-12-10 23:47:08.871 [info] Got 1 sessions for user:email...
2023-12-11 00:12:09.438 [info] Getting sessions for read:user...
2023-12-11 00:12:09.438 [info] Got 0 sessions for read:user...
2023-12-11 00:12:09.439 [info] Getting sessions for user:email...
2023-12-11 00:12:09.439 [info] Got 1 sessions for user:email...
2023-12-11 00:37:10.101 [info] Getting sessions for read:user...
2023-12-11 00:37:10.101 [info] Got 0 sessions for read:user...
2023-12-11 00:37:10.102 [info] Getting sessions for user:email...
2023-12-11 00:37:10.103 [info] Got 1 sessions for user:email...
2023-12-11 01:02:10.602 [info] Getting sessions for read:user...
2023-12-11 01:02:10.602 [info] Got 0 sessions for read:user...
2023-12-11 01:02:10.603 [info] Getting sessions for user:email...
2023-12-11 01:02:10.603 [info] Got 1 sessions for user:email...
2023-12-11 01:27:11.186 [info] Getting sessions for read:user...
2023-12-11 01:27:11.186 [info] Got 0 sessions for read:user...
2023-12-11 01:27:11.187 [info] Getting sessions for user:email...
2023-12-11 01:27:11.187 [info] Got 1 sessions for user:email...
