2023-12-12 23:10:54.726 [info] Reading sessions from keychain...
2023-12-12 23:10:54.726 [info] Getting sessions for all scopes...
2023-12-12 23:10:54.726 [info] Getting sessions for all scopes...
2023-12-12 23:10:54.726 [info] Getting sessions for user:email...
2023-12-12 23:10:54.726 [info] Got stored sessions!
2023-12-12 23:10:54.726 [info] Got 1 verified sessions.
2023-12-12 23:10:54.726 [info] Got 1 sessions for ...
2023-12-12 23:10:54.726 [info] Got 1 sessions for ...
2023-12-12 23:10:54.726 [info] Got 1 sessions for user:email...
2023-12-12 23:10:54.726 [info] Getting sessions for read:user...
2023-12-12 23:10:54.726 [info] Got 0 sessions for read:user...
2023-12-12 23:10:54.832 [info] Getting sessions for user:email...
2023-12-12 23:10:54.832 [info] Got 1 sessions for user:email...
2023-12-12 23:10:54.878 [info] Getting sessions for all scopes...
2023-12-12 23:10:54.878 [info] Got 1 sessions for ...
2023-12-12 23:10:56.830 [info] Getting user info...
2023-12-12 23:10:57.397 [info] Got account info!
2023-12-12 23:11:12.369 [info] Reading sessions from keychain...
2023-12-12 23:11:12.369 [info] Getting sessions for all scopes...
2023-12-12 23:11:12.369 [info] Getting sessions for user:email...
2023-12-12 23:11:12.369 [info] Got stored sessions!
2023-12-12 23:11:12.369 [info] Got 1 verified sessions.
2023-12-12 23:11:12.369 [info] Got 1 sessions for ...
2023-12-12 23:11:12.369 [info] Got 1 sessions for user:email...
2023-12-12 23:11:12.369 [info] Getting sessions for all scopes...
2023-12-12 23:11:12.369 [info] Got 1 sessions for ...
2023-12-12 23:11:12.387 [info] Getting sessions for read:user...
2023-12-12 23:11:12.387 [info] Got 0 sessions for read:user...
2023-12-12 23:11:12.393 [info] Getting sessions for user:email...
2023-12-12 23:11:12.393 [info] Got 1 sessions for user:email...
2023-12-12 23:11:12.479 [info] Getting sessions for all scopes...
2023-12-12 23:11:12.479 [info] Got 1 sessions for ...
2023-12-12 23:11:13.916 [info] Getting user info...
2023-12-12 23:11:14.383 [info] Got account info!
2023-12-12 23:36:13.078 [info] Getting sessions for read:user...
2023-12-12 23:36:13.078 [info] Got 0 sessions for read:user...
2023-12-12 23:36:13.080 [info] Getting sessions for user:email...
2023-12-12 23:36:13.080 [info] Got 1 sessions for user:email...
2023-12-13 00:01:13.704 [info] Getting sessions for read:user...
2023-12-13 00:01:13.704 [info] Got 0 sessions for read:user...
2023-12-13 00:01:13.706 [info] Getting sessions for user:email...
2023-12-13 00:01:13.706 [info] Got 1 sessions for user:email...
2023-12-13 00:26:14.290 [info] Getting sessions for read:user...
2023-12-13 00:26:14.290 [info] Got 0 sessions for read:user...
2023-12-13 00:26:14.292 [info] Getting sessions for user:email...
2023-12-13 00:26:14.293 [info] Got 1 sessions for user:email...
2023-12-13 00:51:15.035 [info] Getting sessions for read:user...
2023-12-13 00:51:15.035 [info] Got 0 sessions for read:user...
2023-12-13 00:51:15.036 [info] Getting sessions for user:email...
2023-12-13 00:51:15.036 [info] Got 1 sessions for user:email...
2023-12-13 01:16:15.774 [info] Getting sessions for read:user...
2023-12-13 01:16:15.774 [info] Got 0 sessions for read:user...
2023-12-13 01:16:15.775 [info] Getting sessions for user:email...
2023-12-13 01:16:15.775 [info] Got 1 sessions for user:email...
2023-12-13 01:41:16.764 [info] Getting sessions for read:user...
2023-12-13 01:41:16.764 [info] Got 0 sessions for read:user...
2023-12-13 01:41:16.766 [info] Getting sessions for user:email...
2023-12-13 01:41:16.766 [info] Got 1 sessions for user:email...
2023-12-13 02:06:17.305 [info] Getting sessions for read:user...
2023-12-13 02:06:17.305 [info] Got 0 sessions for read:user...
2023-12-13 02:06:17.307 [info] Getting sessions for user:email...
2023-12-13 02:06:17.307 [info] Got 1 sessions for user:email...
2023-12-13 02:31:17.844 [info] Getting sessions for read:user...
2023-12-13 02:31:17.844 [info] Got 0 sessions for read:user...
2023-12-13 02:31:17.845 [info] Getting sessions for user:email...
2023-12-13 02:31:17.845 [info] Got 1 sessions for user:email...
2023-12-13 02:56:18.430 [info] Getting sessions for read:user...
2023-12-13 02:56:18.430 [info] Got 0 sessions for read:user...
2023-12-13 02:56:18.431 [info] Getting sessions for user:email...
2023-12-13 02:56:18.431 [info] Got 1 sessions for user:email...
2023-12-13 03:21:19.030 [info] Getting sessions for read:user...
2023-12-13 03:21:19.030 [info] Got 0 sessions for read:user...
2023-12-13 03:21:19.032 [info] Getting sessions for user:email...
2023-12-13 03:21:19.032 [info] Got 1 sessions for user:email...
