2023-12-04 13:10:35.674 [info] Log level: Info
2023-12-04 13:10:35.674 [info] Validating found git in: "git"
2023-12-04 13:10:35.674 [info] Using git "2.43.0" from "git"
2023-12-04 13:10:35.674 [info] > git rev-parse --show-toplevel [17ms]
2023-12-04 13:10:35.674 [info] fatal: not a git repository (or any of the parent directories): .git
2023-12-04 13:10:35.674 [info] > git rev-parse --show-toplevel [6ms]
2023-12-04 13:10:35.674 [info] fatal: not a git repository (or any of the parent directories): .git
2023-12-04 13:10:35.674 [info] > git rev-parse --show-toplevel [13ms]
2023-12-04 13:10:35.674 [info] fatal: not a git repository (or any of the parent directories): .git
2023-12-04 13:10:35.866 [info] > git rev-parse --show-toplevel [268ms]
2023-12-04 13:10:35.866 [info] fatal: not a git repository (or any of the parent directories): .git
2023-12-04 13:10:36.433 [info] > git rev-parse --show-toplevel [554ms]
2023-12-04 13:10:36.433 [info] fatal: not a git repository (or any of the parent directories): .git
2023-12-04 13:10:36.474 [info] > git rev-parse --show-toplevel [26ms]
2023-12-04 13:10:36.474 [info] fatal: not a git repository (or any of the parent directories): .git
2023-12-04 13:10:36.496 [info] > git rev-parse --show-toplevel [8ms]
2023-12-04 13:10:36.496 [info] fatal: not a git repository (or any of the parent directories): .git
2023-12-04 13:10:36.510 [info] > git rev-parse --show-toplevel [2ms]
2023-12-04 13:10:36.510 [info] fatal: not a git repository (or any of the parent directories): .git
2023-12-04 13:10:36.526 [info] > git rev-parse --show-toplevel [3ms]
2023-12-04 13:10:36.526 [info] fatal: not a git repository (or any of the parent directories): .git
2023-12-04 13:10:36.543 [info] > git rev-parse --show-toplevel [1ms]
2023-12-04 13:10:36.543 [info] fatal: not a git repository (or any of the parent directories): .git
2023-12-04 13:10:36.560 [info] > git rev-parse --show-toplevel [3ms]
2023-12-04 13:10:36.560 [info] fatal: not a git repository (or any of the parent directories): .git
2023-12-04 13:10:41.494 [info] Log level: Info
2023-12-04 13:10:41.494 [info] Validating found git in: "git"
2023-12-04 13:10:41.494 [info] Using git "2.43.0" from "git"
2023-12-04 13:10:41.494 [info] > git rev-parse --show-toplevel [14ms]
2023-12-04 13:10:41.494 [info] fatal: not a git repository (or any of the parent directories): .git
2023-12-04 13:10:41.494 [info] > git rev-parse --show-toplevel [208ms]
2023-12-04 13:10:41.494 [info] fatal: not a git repository (or any of the parent directories): .git
2023-12-04 13:10:41.494 [info] > git rev-parse --show-toplevel [16ms]
2023-12-04 13:10:41.494 [info] fatal: not a git repository (or any of the parent directories): .git
2023-12-04 13:10:41.494 [info] > git rev-parse --show-toplevel [283ms]
2023-12-04 13:10:41.494 [info] fatal: not a git repository (or any of the parent directories): .git
2023-12-04 13:10:41.517 [info] > git rev-parse --show-toplevel [534ms]
2023-12-04 13:10:41.517 [info] fatal: not a git repository (or any of the parent directories): .git
2023-12-04 13:10:41.583 [info] > git rev-parse --show-toplevel [51ms]
2023-12-04 13:10:41.583 [info] fatal: not a git repository (or any of the parent directories): .git
2023-12-04 13:10:41.612 [info] > git rev-parse --show-toplevel [13ms]
2023-12-04 13:10:41.612 [info] fatal: not a git repository (or any of the parent directories): .git
2023-12-04 13:10:41.636 [info] > git rev-parse --show-toplevel [7ms]
2023-12-04 13:10:41.636 [info] fatal: not a git repository (or any of the parent directories): .git
2023-12-04 13:10:41.657 [info] > git rev-parse --show-toplevel [3ms]
2023-12-04 13:10:41.657 [info] fatal: not a git repository (or any of the parent directories): .git
2023-12-04 13:10:54.806 [info] > git rev-parse --show-toplevel [4ms]
2023-12-04 13:10:54.806 [info] fatal: not a git repository (or any of the parent directories): .git
2023-12-04 13:10:54.824 [info] > git rev-parse --show-toplevel [3ms]
2023-12-04 13:10:54.824 [info] fatal: not a git repository (or any of the parent directories): .git
2023-12-04 13:10:58.972 [info] > git rev-parse --show-toplevel [2ms]
2023-12-04 13:10:58.972 [info] fatal: not a git repository (or any of the parent directories): .git
2023-12-04 13:10:58.995 [info] > git rev-parse --show-toplevel [3ms]
2023-12-04 13:10:58.995 [info] fatal: not a git repository (or any of the parent directories): .git
2023-12-04 13:10:59.011 [info] > git rev-parse --show-toplevel [2ms]
2023-12-04 13:10:59.011 [info] fatal: not a git repository (or any of the parent directories): .git
2023-12-04 13:11:05.522 [info] > git rev-parse --show-toplevel [2ms]
2023-12-04 13:11:05.522 [info] fatal: not a git repository (or any of the parent directories): .git
2023-12-04 13:11:05.543 [info] > git rev-parse --show-toplevel [5ms]
2023-12-04 13:11:05.543 [info] fatal: not a git repository (or any of the parent directories): .git
2023-12-04 13:11:05.562 [info] > git rev-parse --show-toplevel [2ms]
2023-12-04 13:11:05.562 [info] fatal: not a git repository (or any of the parent directories): .git
2023-12-04 13:11:30.144 [info] > git rev-parse --show-toplevel [2ms]
2023-12-04 13:11:30.144 [info] fatal: not a git repository (or any of the parent directories): .git
2023-12-04 13:11:30.175 [info] > git rev-parse --show-toplevel [6ms]
2023-12-04 13:11:30.175 [info] fatal: not a git repository (or any of the parent directories): .git
2023-12-04 13:11:30.194 [info] > git rev-parse --show-toplevel [2ms]
2023-12-04 13:11:30.194 [info] fatal: not a git repository (or any of the parent directories): .git
2023-12-04 13:11:30.422 [info] > git rev-parse --show-toplevel [2ms]
2023-12-04 13:11:30.422 [info] fatal: not a git repository (or any of the parent directories): .git
2023-12-04 13:11:32.164 [info] > git rev-parse --show-toplevel [1ms]
2023-12-04 13:11:32.164 [info] fatal: not a git repository (or any of the parent directories): .git
2023-12-04 13:11:32.179 [info] > git rev-parse --show-toplevel [2ms]
2023-12-04 13:11:32.179 [info] fatal: not a git repository (or any of the parent directories): .git
2023-12-04 13:11:59.552 [info] > git rev-parse --show-toplevel [2ms]
2023-12-04 13:11:59.552 [info] fatal: not a git repository (or any of the parent directories): .git
2023-12-04 13:12:04.125 [info] > git rev-parse --show-toplevel [2ms]
2023-12-04 13:12:04.125 [info] fatal: not a git repository (or any of the parent directories): .git
2023-12-04 13:12:04.144 [info] > git rev-parse --show-toplevel [3ms]
2023-12-04 13:12:04.144 [info] fatal: not a git repository (or any of the parent directories): .git
2023-12-04 13:12:06.839 [info] > git rev-parse --show-toplevel [2ms]
2023-12-04 13:12:06.839 [info] fatal: not a git repository (or any of the parent directories): .git
2023-12-04 13:12:27.214 [info] > git rev-parse --show-toplevel [1ms]
2023-12-04 13:12:27.215 [info] fatal: not a git repository (or any of the parent directories): .git
2023-12-04 13:12:35.649 [info] > git rev-parse --show-toplevel [3ms]
2023-12-04 13:12:35.649 [info] fatal: not a git repository (or any of the parent directories): .git
2023-12-04 13:12:41.046 [info] > git rev-parse --show-toplevel [2ms]
2023-12-04 13:12:41.046 [info] fatal: not a git repository (or any of the parent directories): .git
2023-12-04 13:12:46.499 [info] > git rev-parse --show-toplevel [1ms]
2023-12-04 13:12:46.499 [info] fatal: not a git repository (or any of the parent directories): .git
2023-12-04 13:12:58.707 [info] > git rev-parse --show-toplevel [4ms]
2023-12-04 13:12:58.707 [info] fatal: not a git repository (or any of the parent directories): .git
2023-12-04 13:13:05.797 [info] > git rev-parse --show-toplevel [3ms]
2023-12-04 13:13:05.797 [info] fatal: not a git repository (or any of the parent directories): .git
2023-12-04 13:13:07.726 [info] > git rev-parse --show-toplevel [2ms]
2023-12-04 13:13:07.726 [info] fatal: not a git repository (or any of the parent directories): .git
2023-12-04 13:13:12.056 [info] > git rev-parse --show-toplevel [4ms]
2023-12-04 13:13:12.056 [info] fatal: not a git repository (or any of the parent directories): .git
2023-12-04 13:17:01.911 [info] > git rev-parse --show-toplevel [5ms]
2023-12-04 13:17:01.911 [info] fatal: not a git repository (or any of the parent directories): .git
2023-12-04 13:17:22.474 [info] > git rev-parse --show-toplevel [2ms]
2023-12-04 13:17:22.474 [info] fatal: not a git repository (or any of the parent directories): .git
2023-12-04 13:17:34.167 [info] > git rev-parse --show-toplevel [3ms]
2023-12-04 13:17:34.167 [info] fatal: not a git repository (or any of the parent directories): .git
2023-12-04 13:17:37.387 [info] > git rev-parse --show-toplevel [2ms]
2023-12-04 13:17:37.387 [info] fatal: not a git repository (or any of the parent directories): .git
2023-12-04 13:19:01.942 [info] > git rev-parse --show-toplevel [4ms]
2023-12-04 13:19:01.942 [info] fatal: not a git repository (or any of the parent directories): .git
2023-12-04 13:19:10.853 [info] > git rev-parse --show-toplevel [3ms]
2023-12-04 13:19:10.853 [info] fatal: not a git repository (or any of the parent directories): .git
2023-12-04 13:21:31.485 [info] > git rev-parse --show-toplevel [3ms]
2023-12-04 13:21:31.485 [info] fatal: not a git repository (or any of the parent directories): .git
2023-12-04 13:22:12.683 [info] > git rev-parse --show-toplevel [3ms]
2023-12-04 13:22:12.683 [info] fatal: not a git repository (or any of the parent directories): .git
2023-12-04 13:25:55.707 [info] > git rev-parse --show-toplevel [3ms]
2023-12-04 13:25:55.707 [info] fatal: not a git repository (or any of the parent directories): .git
2023-12-04 13:28:20.493 [info] > git rev-parse --show-toplevel [2ms]
2023-12-04 13:28:20.493 [info] fatal: not a git repository (or any of the parent directories): .git
2023-12-04 16:02:10.432 [info] > git rev-parse --show-toplevel [4ms]
2023-12-04 16:02:10.432 [info] fatal: not a git repository (or any of the parent directories): .git
2023-12-04 16:02:10.450 [info] > git rev-parse --show-toplevel [2ms]
2023-12-04 16:02:10.450 [info] fatal: not a git repository (or any of the parent directories): .git
2023-12-04 16:02:52.350 [info] > git rev-parse --show-toplevel [1ms]
2023-12-04 16:02:52.350 [info] fatal: not a git repository (or any of the parent directories): .git
2023-12-04 16:02:52.369 [info] > git rev-parse --show-toplevel [3ms]
2023-12-04 16:02:52.369 [info] fatal: not a git repository (or any of the parent directories): .git
2023-12-04 16:02:52.384 [info] > git rev-parse --show-toplevel [2ms]
2023-12-04 16:02:52.384 [info] fatal: not a git repository (or any of the parent directories): .git
