2023-12-04 13:11:40.111 [info] Log level: Info
2023-12-04 13:11:40.111 [info] Validating found git in: "git"
2023-12-04 13:11:40.111 [info] Using git "2.43.0" from "git"
2023-12-04 13:11:46.438 [info] Log level: Info
2023-12-04 13:11:46.438 [info] Validating found git in: "git"
2023-12-04 13:11:46.438 [info] Using git "2.43.0" from "git"
2023-12-04 13:11:46.438 [info] > git rev-parse --show-toplevel [11ms]
2023-12-04 13:11:46.438 [info] fatal: not a git repository (or any of the parent directories): .git
2023-12-04 13:11:46.438 [info] > git rev-parse --show-toplevel [33ms]
2023-12-04 13:11:46.438 [info] fatal: not a git repository (or any of the parent directories): .git
2023-12-04 13:11:46.438 [info] > git rev-parse --show-toplevel [74ms]
2023-12-04 13:11:46.438 [info] fatal: not a git repository (or any of the parent directories): .git
2023-12-04 13:11:46.440 [info] > git rev-parse --show-toplevel [480ms]
2023-12-04 13:11:46.440 [info] fatal: not a git repository (or any of the parent directories): .git
2023-12-04 13:11:46.474 [info] > git rev-parse --show-toplevel [20ms]
2023-12-04 13:11:46.474 [info] fatal: not a git repository (or any of the parent directories): .git
2023-12-04 13:11:46.681 [info] > git rev-parse --show-toplevel [193ms]
2023-12-04 13:11:46.681 [info] fatal: not a git repository (or any of the parent directories): .git
2023-12-04 13:11:46.701 [info] > git rev-parse --show-toplevel [8ms]
2023-12-04 13:11:46.701 [info] fatal: not a git repository (or any of the parent directories): .git
2023-12-04 13:11:46.717 [info] > git rev-parse --show-toplevel [2ms]
2023-12-04 13:11:46.717 [info] fatal: not a git repository (or any of the parent directories): .git
2023-12-04 13:11:46.734 [info] > git rev-parse --show-toplevel [4ms]
2023-12-04 13:11:46.734 [info] fatal: not a git repository (or any of the parent directories): .git
2023-12-04 13:11:46.752 [info] > git rev-parse --show-toplevel [3ms]
2023-12-04 13:11:46.752 [info] fatal: not a git repository (or any of the parent directories): .git
